{"/Users/kellymears/code/projects/cli/bud/bud/packages/bud/dist/index.js":{"path":"/Users/kellymears/code/projects/cli/bud/bud/packages/bud/dist/index.js","statementMap":{"0":{"start":{"line":3,"column":0},"end":{"line":3,"column":62}},"1":{"start":{"line":5,"column":32},"end":{"line":5,"column":112}},"2":{"start":{"line":7,"column":12},"end":{"line":7,"column":28}},"3":{"start":{"line":8,"column":11},"end":{"line":8,"column":26}},"4":{"start":{"line":9,"column":20},"end":{"line":9,"column":41}},"5":{"start":{"line":10,"column":15},"end":{"line":10,"column":51}},"6":{"start":{"line":11,"column":15},"end":{"line":11,"column":34}},"7":{"start":{"line":12,"column":19},"end":{"line":12,"column":43}},"8":{"start":{"line":13,"column":13},"end":{"line":13,"column":30}},"9":{"start":{"line":14,"column":14},"end":{"line":14,"column":33}},"10":{"start":{"line":15,"column":11},"end":{"line":15,"column":43}},"11":{"start":{"line":16,"column":12},"end":{"line":16,"column":28}},"12":{"start":{"line":17,"column":13},"end":{"line":17,"column":47}},"13":{"start":{"line":18,"column":31},"end":{"line":18,"column":86}},"14":{"start":{"line":19,"column":25},"end":{"line":19,"column":56}},"15":{"start":{"line":20,"column":24},"end":{"line":20,"column":71}},"16":{"start":{"line":21,"column":14},"end":{"line":21,"column":32}},"17":{"start":{"line":22,"column":23},"end":{"line":22,"column":47}},"18":{"start":{"line":23,"column":32},"end":{"line":23,"column":90}},"19":{"start":{"line":24,"column":27},"end":{"line":24,"column":78}},"20":{"start":{"line":25,"column":21},"end":{"line":25,"column":72}},"21":{"start":{"line":26,"column":19},"end":{"line":26,"column":68}},"22":{"start":{"line":27,"column":22},"end":{"line":27,"column":75}},"23":{"start":{"line":28,"column":21},"end":{"line":28,"column":72}},"24":{"start":{"line":29,"column":12},"end":{"line":29,"column":28}},"25":{"start":{"line":30,"column":21},"end":{"line":30,"column":43}},"26":{"start":{"line":31,"column":10},"end":{"line":31,"column":24}},"27":{"start":{"line":32,"column":16},"end":{"line":32,"column":54}},"28":{"start":{"line":33,"column":15},"end":{"line":33,"column":56}},"29":{"start":{"line":34,"column":26},"end":{"line":34,"column":79}},"30":{"start":{"line":35,"column":25},"end":{"line":35,"column":65}},"31":{"start":{"line":36,"column":27},"end":{"line":36,"column":77}},"32":{"start":{"line":37,"column":27},"end":{"line":37,"column":77}},"33":{"start":{"line":38,"column":16},"end":{"line":38,"column":53}},"34":{"start":{"line":39,"column":19},"end":{"line":39,"column":60}},"35":{"start":{"line":41,"column":12},"end":{"line":45,"column":1}},"36":{"start":{"line":42,"column":18},"end":{"line":42,"column":64}},"37":{"start":{"line":43,"column":4},"end":{"line":43,"column":102}},"38":{"start":{"line":44,"column":4},"end":{"line":44,"column":16}},"39":{"start":{"line":47,"column":11},"end":{"line":57,"column":1}},"40":{"start":{"line":48,"column":16},"end":{"line":48,"column":20}},"41":{"start":{"line":49,"column":4},"end":{"line":55,"column":7}},"42":{"start":{"line":50,"column":18},"end":{"line":50,"column":23}},"43":{"start":{"line":50,"column":35},"end":{"line":50,"column":40}},"44":{"start":{"line":51,"column":8},"end":{"line":54,"column":11}},"45":{"start":{"line":53,"column":12},"end":{"line":53,"column":134}},"46":{"start":{"line":56,"column":4},"end":{"line":56,"column":16}},"47":{"start":{"line":59,"column":12},"end":{"line":65,"column":1}},"48":{"start":{"line":60,"column":4},"end":{"line":60,"column":105}},"49":{"start":{"line":61,"column":4},"end":{"line":61,"column":34}},"50":{"start":{"line":62,"column":4},"end":{"line":62,"column":145}},"51":{"start":{"line":63,"column":4},"end":{"line":63,"column":34}},"52":{"start":{"line":64,"column":4},"end":{"line":64,"column":16}},"53":{"start":{"line":67,"column":13},"end":{"line":81,"column":1}},"54":{"start":{"line":69,"column":4},"end":{"line":69,"column":107}},"55":{"start":{"line":70,"column":4},"end":{"line":70,"column":72}},"56":{"start":{"line":75,"column":4},"end":{"line":75,"column":37}},"57":{"start":{"line":76,"column":4},"end":{"line":78,"column":15}},"58":{"start":{"line":79,"column":4},"end":{"line":79,"column":39}},"59":{"start":{"line":80,"column":4},"end":{"line":80,"column":16}},"60":{"start":{"line":83,"column":14},"end":{"line":87,"column":1}},"61":{"start":{"line":84,"column":4},"end":{"line":84,"column":91}},"62":{"start":{"line":85,"column":19},"end":{"line":85,"column":74}},"63":{"start":{"line":86,"column":4},"end":{"line":86,"column":37}},"64":{"start":{"line":89,"column":13},"end":{"line":92,"column":1}},"65":{"start":{"line":90,"column":19},"end":{"line":90,"column":74}},"66":{"start":{"line":91,"column":4},"end":{"line":91,"column":41}},"67":{"start":{"line":94,"column":11},"end":{"line":104,"column":1}},"68":{"start":{"line":95,"column":4},"end":{"line":102,"column":7}},"69":{"start":{"line":103,"column":4},"end":{"line":103,"column":16}},"70":{"start":{"line":106,"column":14},"end":{"line":122,"column":1}},"71":{"start":{"line":107,"column":4},"end":{"line":107,"column":111}},"72":{"start":{"line":108,"column":4},"end":{"line":120,"column":7}},"73":{"start":{"line":121,"column":4},"end":{"line":121,"column":16}},"74":{"start":{"line":124,"column":11},"end":{"line":127,"column":1}},"75":{"start":{"line":125,"column":4},"end":{"line":125,"column":99}},"76":{"start":{"line":126,"column":4},"end":{"line":126,"column":87}},"77":{"start":{"line":129,"column":15},"end":{"line":134,"column":1}},"78":{"start":{"line":130,"column":4},"end":{"line":130,"column":103}},"79":{"start":{"line":131,"column":16},"end":{"line":131,"column":99}},"80":{"start":{"line":132,"column":4},"end":{"line":132,"column":34}},"81":{"start":{"line":133,"column":4},"end":{"line":133,"column":16}},"82":{"start":{"line":136,"column":10},"end":{"line":139,"column":1}},"83":{"start":{"line":137,"column":4},"end":{"line":137,"column":129}},"84":{"start":{"line":138,"column":4},"end":{"line":138,"column":16}},"85":{"start":{"line":141,"column":14},"end":{"line":144,"column":1}},"86":{"start":{"line":142,"column":4},"end":{"line":142,"column":41}},"87":{"start":{"line":143,"column":4},"end":{"line":143,"column":16}},"88":{"start":{"line":147,"column":13},"end":{"line":147,"column":30}},"89":{"start":{"line":148,"column":11},"end":{"line":169,"column":1}},"90":{"start":{"line":149,"column":16},"end":{"line":149,"column":41}},"91":{"start":{"line":153,"column":19},"end":{"line":155,"column":6}},"92":{"start":{"line":159,"column":4},"end":{"line":159,"column":38}},"93":{"start":{"line":163,"column":4},"end":{"line":166,"column":7}},"94":{"start":{"line":165,"column":8},"end":{"line":165,"column":91}},"95":{"start":{"line":167,"column":4},"end":{"line":167,"column":37}},"96":{"start":{"line":168,"column":4},"end":{"line":168,"column":16}},"97":{"start":{"line":171,"column":11},"end":{"line":175,"column":1}},"98":{"start":{"line":172,"column":4},"end":{"line":172,"column":47}},"99":{"start":{"line":172,"column":30},"end":{"line":172,"column":45}},"100":{"start":{"line":173,"column":4},"end":{"line":173,"column":39}},"101":{"start":{"line":174,"column":4},"end":{"line":174,"column":16}},"102":{"start":{"line":177,"column":10},"end":{"line":214,"column":1}},"103":{"start":{"line":179,"column":4},"end":{"line":183,"column":25}},"104":{"start":{"line":184,"column":4},"end":{"line":191,"column":5}},"105":{"start":{"line":185,"column":8},"end":{"line":189,"column":65}},"106":{"start":{"line":190,"column":8},"end":{"line":190,"column":20}},"107":{"start":{"line":192,"column":4},"end":{"line":194,"column":5}},"108":{"start":{"line":193,"column":8},"end":{"line":193,"column":98}},"109":{"start":{"line":195,"column":4},"end":{"line":195,"column":32}},"110":{"start":{"line":196,"column":14},"end":{"line":196,"column":68}},"111":{"start":{"line":197,"column":19},"end":{"line":197,"column":70}},"112":{"start":{"line":198,"column":26},"end":{"line":205,"column":5}},"113":{"start":{"line":201,"column":12},"end":{"line":203,"column":15}},"114":{"start":{"line":202,"column":16},"end":{"line":202,"column":68}},"115":{"start":{"line":206,"column":26},"end":{"line":206,"column":3124}},"116":{"start":{"line":207,"column":4},"end":{"line":211,"column":44}},"117":{"start":{"line":212,"column":4},"end":{"line":212,"column":45}},"118":{"start":{"line":213,"column":4},"end":{"line":213,"column":16}},"119":{"start":{"line":216,"column":21},"end":{"line":221,"column":1}},"120":{"start":{"line":218,"column":4},"end":{"line":218,"column":136}},"121":{"start":{"line":219,"column":4},"end":{"line":219,"column":154}},"122":{"start":{"line":220,"column":4},"end":{"line":220,"column":16}},"123":{"start":{"line":223,"column":10},"end":{"line":227,"column":1}},"124":{"start":{"line":224,"column":4},"end":{"line":224,"column":47}},"125":{"start":{"line":224,"column":30},"end":{"line":224,"column":45}},"126":{"start":{"line":225,"column":4},"end":{"line":225,"column":92}},"127":{"start":{"line":226,"column":4},"end":{"line":226,"column":16}},"128":{"start":{"line":229,"column":11},"end":{"line":234,"column":1}},"129":{"start":{"line":230,"column":4},"end":{"line":230,"column":45}},"130":{"start":{"line":230,"column":29},"end":{"line":230,"column":43}},"131":{"start":{"line":231,"column":4},"end":{"line":231,"column":101}},"132":{"start":{"line":232,"column":4},"end":{"line":232,"column":40}},"133":{"start":{"line":233,"column":4},"end":{"line":233,"column":16}},"134":{"start":{"line":236,"column":14},"end":{"line":246,"column":1}},"135":{"start":{"line":238,"column":18},"end":{"line":238,"column":28}},"136":{"start":{"line":238,"column":40},"end":{"line":238,"column":69}},"137":{"start":{"line":239,"column":4},"end":{"line":239,"column":127}},"138":{"start":{"line":240,"column":25},"end":{"line":240,"column":49}},"139":{"start":{"line":241,"column":4},"end":{"line":241,"column":54}},"140":{"start":{"line":242,"column":4},"end":{"line":244,"column":5}},"141":{"start":{"line":243,"column":8},"end":{"line":243,"column":260}},"142":{"start":{"line":245,"column":4},"end":{"line":245,"column":16}},"143":{"start":{"line":248,"column":13},"end":{"line":258,"column":1}},"144":{"start":{"line":249,"column":4},"end":{"line":249,"column":111}},"145":{"start":{"line":250,"column":4},"end":{"line":252,"column":5}},"146":{"start":{"line":251,"column":8},"end":{"line":251,"column":123}},"147":{"start":{"line":253,"column":21},"end":{"line":253,"column":48}},"148":{"start":{"line":254,"column":4},"end":{"line":256,"column":5}},"149":{"start":{"line":255,"column":8},"end":{"line":255,"column":100}},"150":{"start":{"line":257,"column":4},"end":{"line":257,"column":31}},"151":{"start":{"line":260,"column":14},"end":{"line":262,"column":1}},"152":{"start":{"line":261,"column":4},"end":{"line":261,"column":93}},"153":{"start":{"line":264,"column":18},"end":{"line":268,"column":1}},"154":{"start":{"line":265,"column":4},"end":{"line":265,"column":109}},"155":{"start":{"line":266,"column":4},"end":{"line":266,"column":35}},"156":{"start":{"line":267,"column":4},"end":{"line":267,"column":16}},"157":{"start":{"line":270,"column":17},"end":{"line":274,"column":1}},"158":{"start":{"line":271,"column":4},"end":{"line":271,"column":107}},"159":{"start":{"line":272,"column":4},"end":{"line":272,"column":34}},"160":{"start":{"line":273,"column":4},"end":{"line":273,"column":16}},"161":{"start":{"line":276,"column":16},"end":{"line":280,"column":1}},"162":{"start":{"line":277,"column":4},"end":{"line":277,"column":113}},"163":{"start":{"line":278,"column":4},"end":{"line":278,"column":92}},"164":{"start":{"line":279,"column":4},"end":{"line":279,"column":16}},"165":{"start":{"line":282,"column":10},"end":{"line":285,"column":1}},"166":{"start":{"line":283,"column":17},"end":{"line":283,"column":38}},"167":{"start":{"line":284,"column":4},"end":{"line":284,"column":59}},"168":{"start":{"line":287,"column":14},"end":{"line":295,"column":1}},"169":{"start":{"line":288,"column":4},"end":{"line":288,"column":101}},"170":{"start":{"line":289,"column":18},"end":{"line":289,"column":59}},"171":{"start":{"line":293,"column":4},"end":{"line":293,"column":60}},"172":{"start":{"line":294,"column":4},"end":{"line":294,"column":16}},"173":{"start":{"line":297,"column":11},"end":{"line":302,"column":1}},"174":{"start":{"line":298,"column":13},"end":{"line":298,"column":23}},"175":{"start":{"line":298,"column":35},"end":{"line":298,"column":60}},"176":{"start":{"line":298,"column":72},"end":{"line":298,"column":82}},"177":{"start":{"line":299,"column":4},"end":{"line":299,"column":94}},"178":{"start":{"line":300,"column":4},"end":{"line":300,"column":47}},"179":{"start":{"line":301,"column":4},"end":{"line":301,"column":16}},"180":{"start":{"line":304,"column":13},"end":{"line":309,"column":1}},"181":{"start":{"line":305,"column":4},"end":{"line":305,"column":42}},"182":{"start":{"line":306,"column":4},"end":{"line":306,"column":82}},"183":{"start":{"line":307,"column":4},"end":{"line":307,"column":35}},"184":{"start":{"line":308,"column":4},"end":{"line":308,"column":16}},"185":{"start":{"line":311,"column":13},"end":{"line":317,"column":1}},"186":{"start":{"line":313,"column":4},"end":{"line":313,"column":112}},"187":{"start":{"line":314,"column":4},"end":{"line":314,"column":143}},"188":{"start":{"line":315,"column":4},"end":{"line":315,"column":117}},"189":{"start":{"line":316,"column":4},"end":{"line":316,"column":16}},"190":{"start":{"line":319,"column":10},"end":{"line":325,"column":1}},"191":{"start":{"line":320,"column":21},"end":{"line":320,"column":50}},"192":{"start":{"line":321,"column":4},"end":{"line":323,"column":7}},"193":{"start":{"line":322,"column":8},"end":{"line":322,"column":33}},"194":{"start":{"line":324,"column":4},"end":{"line":324,"column":16}},"195":{"start":{"line":327,"column":13},"end":{"line":332,"column":1}},"196":{"start":{"line":328,"column":4},"end":{"line":328,"column":114}},"197":{"start":{"line":329,"column":4},"end":{"line":329,"column":35}},"198":{"start":{"line":330,"column":4},"end":{"line":330,"column":157}},"199":{"start":{"line":331,"column":4},"end":{"line":331,"column":16}},"200":{"start":{"line":334,"column":12},"end":{"line":340,"column":1}},"201":{"start":{"line":335,"column":4},"end":{"line":335,"column":112}},"202":{"start":{"line":336,"column":4},"end":{"line":336,"column":105}},"203":{"start":{"line":337,"column":4},"end":{"line":338,"column":88}},"204":{"start":{"line":339,"column":4},"end":{"line":339,"column":16}},"205":{"start":{"line":345,"column":10},"end":{"line":378,"column":1}},"206":{"start":{"line":380,"column":12},"end":{"line":447,"column":5}},"207":{"start":{"line":380,"column":32},"end":{"line":447,"column":3}},"208":{"start":{"line":394,"column":8},"end":{"line":394,"column":23}},"209":{"start":{"line":395,"column":8},"end":{"line":395,"column":20}},"210":{"start":{"line":401,"column":8},"end":{"line":401,"column":65}},"211":{"start":{"line":401,"column":29},"end":{"line":401,"column":63}},"212":{"start":{"line":401,"column":48},"end":{"line":401,"column":60}},"213":{"start":{"line":402,"column":8},"end":{"line":405,"column":11}},"214":{"start":{"line":411,"column":8},"end":{"line":411,"column":47}},"215":{"start":{"line":417,"column":8},"end":{"line":419,"column":9}},"216":{"start":{"line":418,"column":12},"end":{"line":418,"column":39}},"217":{"start":{"line":420,"column":8},"end":{"line":420,"column":45}},"218":{"start":{"line":421,"column":8},"end":{"line":421,"column":20}},"219":{"start":{"line":427,"column":18},"end":{"line":427,"column":26}},"220":{"start":{"line":428,"column":21},"end":{"line":428,"column":32}},"221":{"start":{"line":429,"column":8},"end":{"line":429,"column":31}},"222":{"start":{"line":430,"column":8},"end":{"line":434,"column":9}},"223":{"start":{"line":431,"column":12},"end":{"line":433,"column":15}},"224":{"start":{"line":432,"column":16},"end":{"line":432,"column":56}},"225":{"start":{"line":437,"column":21},"end":{"line":437,"column":32}},"226":{"start":{"line":438,"column":8},"end":{"line":438,"column":31}},"227":{"start":{"line":439,"column":8},"end":{"line":441,"column":9}},"228":{"start":{"line":440,"column":12},"end":{"line":440,"column":25}},"229":{"start":{"line":442,"column":8},"end":{"line":444,"column":11}},"230":{"start":{"line":443,"column":12},"end":{"line":443,"column":32}},"231":{"start":{"line":445,"column":8},"end":{"line":445,"column":21}},"232":{"start":{"line":454,"column":19},"end":{"line":466,"column":1}},"233":{"start":{"line":456,"column":15},"end":{"line":456,"column":28}},"234":{"start":{"line":457,"column":4},"end":{"line":465,"column":6}},"235":{"start":{"line":458,"column":8},"end":{"line":463,"column":9}},"236":{"start":{"line":459,"column":12},"end":{"line":461,"column":13}},"237":{"start":{"line":460,"column":16},"end":{"line":460,"column":23}},"238":{"start":{"line":462,"column":12},"end":{"line":462,"column":28}},"239":{"start":{"line":464,"column":8},"end":{"line":464,"column":21}},"240":{"start":{"line":471,"column":11},"end":{"line":477,"column":1}},"241":{"start":{"line":472,"column":25},"end":{"line":472,"column":118}},"242":{"start":{"line":473,"column":27},"end":{"line":473,"column":62}},"243":{"start":{"line":474,"column":27},"end":{"line":474,"column":76}},"244":{"start":{"line":475,"column":28},"end":{"line":475,"column":68}},"245":{"start":{"line":476,"column":4},"end":{"line":476,"column":35}},"246":{"start":{"line":479,"column":13},"end":{"line":485,"column":1}},"247":{"start":{"line":480,"column":19},"end":{"line":480,"column":43}},"248":{"start":{"line":481,"column":4},"end":{"line":483,"column":7}},"249":{"start":{"line":482,"column":8},"end":{"line":482,"column":29}},"250":{"start":{"line":484,"column":4},"end":{"line":484,"column":20}},"251":{"start":{"line":490,"column":10},"end":{"line":495,"column":1}},"252":{"start":{"line":491,"column":27},"end":{"line":491,"column":40}},"253":{"start":{"line":492,"column":26},"end":{"line":492,"column":38}},"254":{"start":{"line":493,"column":29},"end":{"line":493,"column":46}},"255":{"start":{"line":494,"column":26},"end":{"line":494,"column":38}},"256":{"start":{"line":497,"column":18},"end":{"line":499,"column":17}},"257":{"start":{"line":501,"column":16},"end":{"line":515,"column":1}},"258":{"start":{"line":502,"column":4},"end":{"line":505,"column":8}},"259":{"start":{"line":502,"column":30},"end":{"line":505,"column":6}},"260":{"start":{"line":506,"column":15},"end":{"line":508,"column":5}},"261":{"start":{"line":507,"column":8},"end":{"line":507,"column":60}},"262":{"start":{"line":509,"column":4},"end":{"line":514,"column":9}},"263":{"start":{"line":509,"column":25},"end":{"line":514,"column":6}},"264":{"start":{"line":510,"column":8},"end":{"line":512,"column":9}},"265":{"start":{"line":511,"column":12},"end":{"line":511,"column":48}},"266":{"start":{"line":513,"column":8},"end":{"line":513,"column":50}},"267":{"start":{"line":517,"column":21},"end":{"line":533,"column":1}},"268":{"start":{"line":518,"column":4},"end":{"line":518,"column":70}},"269":{"start":{"line":519,"column":4},"end":{"line":519,"column":76}},"270":{"start":{"line":520,"column":4},"end":{"line":520,"column":37}},"271":{"start":{"line":521,"column":4},"end":{"line":521,"column":88}},"272":{"start":{"line":522,"column":4},"end":{"line":522,"column":36}},"273":{"start":{"line":523,"column":4},"end":{"line":523,"column":86}},"274":{"start":{"line":524,"column":36},"end":{"line":531,"column":6}},"275":{"start":{"line":525,"column":8},"end":{"line":525,"column":89}},"276":{"start":{"line":526,"column":8},"end":{"line":526,"column":29}},"277":{"start":{"line":527,"column":8},"end":{"line":530,"column":11}},"278":{"start":{"line":528,"column":12},"end":{"line":528,"column":72}},"279":{"start":{"line":529,"column":12},"end":{"line":529,"column":36}},"280":{"start":{"line":532,"column":4},"end":{"line":532,"column":64}},"281":{"start":{"line":535,"column":23},"end":{"line":561,"column":1}},"282":{"start":{"line":536,"column":18},"end":{"line":553,"column":5}},"283":{"start":{"line":554,"column":4},"end":{"line":560,"column":7}},"284":{"start":{"line":555,"column":23},"end":{"line":555,"column":34}},"285":{"start":{"line":556,"column":8},"end":{"line":556,"column":24}},"286":{"start":{"line":558,"column":18},"end":{"line":558,"column":24}},"287":{"start":{"line":559,"column":8},"end":{"line":559,"column":19}},"288":{"start":{"line":562,"column":14},"end":{"line":598,"column":1}},"289":{"start":{"line":563,"column":18},"end":{"line":563,"column":20}},"290":{"start":{"line":564,"column":4},"end":{"line":571,"column":7}},"291":{"start":{"line":565,"column":19},"end":{"line":565,"column":42}},"292":{"start":{"line":566,"column":8},"end":{"line":570,"column":11}},"293":{"start":{"line":567,"column":12},"end":{"line":569,"column":13}},"294":{"start":{"line":568,"column":16},"end":{"line":568,"column":63}},"295":{"start":{"line":575,"column":4},"end":{"line":579,"column":5}},"296":{"start":{"line":576,"column":8},"end":{"line":576,"column":38}},"297":{"start":{"line":577,"column":8},"end":{"line":578,"column":105}},"298":{"start":{"line":580,"column":4},"end":{"line":584,"column":5}},"299":{"start":{"line":581,"column":8},"end":{"line":581,"column":40}},"300":{"start":{"line":582,"column":8},"end":{"line":583,"column":105}},"301":{"start":{"line":585,"column":4},"end":{"line":591,"column":5}},"302":{"start":{"line":586,"column":8},"end":{"line":586,"column":45}},"303":{"start":{"line":587,"column":8},"end":{"line":588,"column":104}},"304":{"start":{"line":589,"column":8},"end":{"line":590,"column":105}},"305":{"start":{"line":592,"column":4},"end":{"line":596,"column":5}},"306":{"start":{"line":593,"column":8},"end":{"line":593,"column":39}},"307":{"start":{"line":594,"column":8},"end":{"line":595,"column":106}},"308":{"start":{"line":597,"column":4},"end":{"line":597,"column":19}},"309":{"start":{"line":600,"column":9},"end":{"line":603,"column":1}},"310":{"start":{"line":605,"column":10},"end":{"line":605,"column":24}},"311":{"start":{"line":606,"column":18},"end":{"line":606,"column":142}},"312":{"start":{"line":607,"column":13},"end":{"line":613,"column":15}},"313":{"start":{"line":615,"column":11},"end":{"line":625,"column":1}},"314":{"start":{"line":627,"column":18},"end":{"line":640,"column":1}},"315":{"start":{"line":641,"column":14},"end":{"line":651,"column":1}},"316":{"start":{"line":642,"column":21},"end":{"line":642,"column":23}},"317":{"start":{"line":643,"column":4},"end":{"line":649,"column":7}},"318":{"start":{"line":644,"column":19},"end":{"line":644,"column":26}},"319":{"start":{"line":644,"column":39},"end":{"line":644,"column":50}},"320":{"start":{"line":645,"column":26},"end":{"line":645,"column":67}},"321":{"start":{"line":646,"column":8},"end":{"line":648,"column":9}},"322":{"start":{"line":647,"column":12},"end":{"line":647,"column":43}},"323":{"start":{"line":650,"column":4},"end":{"line":650,"column":22}},"324":{"start":{"line":653,"column":15},"end":{"line":687,"column":1}},"325":{"start":{"line":689,"column":20},"end":{"line":692,"column":1}},"326":{"start":{"line":693,"column":14},"end":{"line":695,"column":1}},"327":{"start":{"line":694,"column":4},"end":{"line":694,"column":75}},"328":{"start":{"line":696,"column":18},"end":{"line":702,"column":5}},"329":{"start":{"line":696,"column":37},"end":{"line":702,"column":3}},"330":{"start":{"line":703,"column":13},"end":{"line":703,"column":29}},"331":{"start":{"line":704,"column":25},"end":{"line":710,"column":1}},"332":{"start":{"line":711,"column":16},"end":{"line":714,"column":1}},"333":{"start":{"line":712,"column":19},"end":{"line":712,"column":34}},"334":{"start":{"line":713,"column":4},"end":{"line":713,"column":74}},"335":{"start":{"line":715,"column":15},"end":{"line":715,"column":20}},"336":{"start":{"line":716,"column":15},"end":{"line":738,"column":1}},"337":{"start":{"line":742,"column":14},"end":{"line":786,"column":1}},"338":{"start":{"line":770,"column":23},"end":{"line":770,"column":30}},"339":{"start":{"line":771,"column":12},"end":{"line":771,"column":37}},"340":{"start":{"line":791,"column":10},"end":{"line":791,"column":23}},"341":{"start":{"line":795,"column":16},"end":{"line":795,"column":46}},"342":{"start":{"line":799,"column":16},"end":{"line":801,"column":1}},"343":{"start":{"line":800,"column":4},"end":{"line":800,"column":42}},"344":{"start":{"line":805,"column":12},"end":{"line":812,"column":1}},"345":{"start":{"line":814,"column":11},"end":{"line":829,"column":1}},"346":{"start":{"line":816,"column":4},"end":{"line":828,"column":7}},"347":{"start":{"line":831,"column":12},"end":{"line":835,"column":1}},"348":{"start":{"line":837,"column":10},"end":{"line":840,"column":1}},"349":{"start":{"line":842,"column":10},"end":{"line":847,"column":1}},"350":{"start":{"line":844,"column":4},"end":{"line":846,"column":52}},"351":{"start":{"line":849,"column":20},"end":{"line":859,"column":5}},"352":{"start":{"line":849,"column":34},"end":{"line":859,"column":3}},"353":{"start":{"line":851,"column":8},"end":{"line":851,"column":51}},"354":{"start":{"line":854,"column":8},"end":{"line":854,"column":58}},"355":{"start":{"line":857,"column":8},"end":{"line":857,"column":95}},"356":{"start":{"line":861,"column":19},"end":{"line":868,"column":5}},"357":{"start":{"line":861,"column":33},"end":{"line":868,"column":3}},"358":{"start":{"line":863,"column":8},"end":{"line":863,"column":71}},"359":{"start":{"line":866,"column":8},"end":{"line":866,"column":50}},"360":{"start":{"line":870,"column":13},"end":{"line":882,"column":5}},"361":{"start":{"line":870,"column":27},"end":{"line":882,"column":3}},"362":{"start":{"line":872,"column":8},"end":{"line":874,"column":9}},"363":{"start":{"line":873,"column":12},"end":{"line":873,"column":48}},"364":{"start":{"line":877,"column":8},"end":{"line":877,"column":51}},"365":{"start":{"line":880,"column":8},"end":{"line":880,"column":28}},"366":{"start":{"line":884,"column":13},"end":{"line":894,"column":5}},"367":{"start":{"line":884,"column":27},"end":{"line":894,"column":3}},"368":{"start":{"line":886,"column":8},"end":{"line":886,"column":43}},"369":{"start":{"line":889,"column":8},"end":{"line":889,"column":54}},"370":{"start":{"line":892,"column":8},"end":{"line":892,"column":28}},"371":{"start":{"line":896,"column":26},"end":{"line":913,"column":5}},"372":{"start":{"line":896,"column":40},"end":{"line":913,"column":3}},"373":{"start":{"line":901,"column":8},"end":{"line":903,"column":9}},"374":{"start":{"line":902,"column":12},"end":{"line":902,"column":59}},"375":{"start":{"line":904,"column":8},"end":{"line":904,"column":59}},"376":{"start":{"line":907,"column":8},"end":{"line":911,"column":53}},"377":{"start":{"line":915,"column":27},"end":{"line":925,"column":5}},"378":{"start":{"line":915,"column":41},"end":{"line":925,"column":3}},"379":{"start":{"line":917,"column":8},"end":{"line":917,"column":60}},"380":{"start":{"line":920,"column":8},"end":{"line":920,"column":56}},"381":{"start":{"line":923,"column":8},"end":{"line":923,"column":48}},"382":{"start":{"line":927,"column":28},"end":{"line":927,"column":66}},"383":{"start":{"line":928,"column":22},"end":{"line":950,"column":5}},"384":{"start":{"line":928,"column":36},"end":{"line":950,"column":3}},"385":{"start":{"line":930,"column":22},"end":{"line":930,"column":60}},"386":{"start":{"line":931,"column":21},"end":{"line":931,"column":64}},"387":{"start":{"line":932,"column":8},"end":{"line":936,"column":9}},"388":{"start":{"line":933,"column":12},"end":{"line":935,"column":14}},"389":{"start":{"line":937,"column":8},"end":{"line":941,"column":9}},"390":{"start":{"line":938,"column":12},"end":{"line":940,"column":14}},"391":{"start":{"line":942,"column":8},"end":{"line":942,"column":20}},"392":{"start":{"line":945,"column":8},"end":{"line":945,"column":55}},"393":{"start":{"line":948,"column":8},"end":{"line":948,"column":69}},"394":{"start":{"line":952,"column":21},"end":{"line":971,"column":5}},"395":{"start":{"line":952,"column":35},"end":{"line":971,"column":3}},"396":{"start":{"line":954,"column":8},"end":{"line":959,"column":10}},"397":{"start":{"line":962,"column":8},"end":{"line":962,"column":54}},"398":{"start":{"line":965,"column":8},"end":{"line":969,"column":53}},"399":{"start":{"line":973,"column":15},"end":{"line":988,"column":5}},"400":{"start":{"line":973,"column":29},"end":{"line":988,"column":3}},"401":{"start":{"line":976,"column":8},"end":{"line":980,"column":10}},"402":{"start":{"line":983,"column":8},"end":{"line":983,"column":48}},"403":{"start":{"line":986,"column":8},"end":{"line":986,"column":53}},"404":{"start":{"line":990,"column":14},"end":{"line":1000,"column":5}},"405":{"start":{"line":990,"column":28},"end":{"line":1000,"column":3}},"406":{"start":{"line":992,"column":8},"end":{"line":992,"column":44}},"407":{"start":{"line":995,"column":8},"end":{"line":995,"column":55}},"408":{"start":{"line":998,"column":8},"end":{"line":998,"column":44}},"409":{"start":{"line":1002,"column":15},"end":{"line":1017,"column":5}},"410":{"start":{"line":1002,"column":29},"end":{"line":1017,"column":3}},"411":{"start":{"line":1004,"column":8},"end":{"line":1009,"column":10}},"412":{"start":{"line":1012,"column":8},"end":{"line":1012,"column":46}},"413":{"start":{"line":1015,"column":8},"end":{"line":1015,"column":90}},"414":{"start":{"line":1019,"column":16},"end":{"line":1026,"column":5}},"415":{"start":{"line":1019,"column":30},"end":{"line":1026,"column":3}},"416":{"start":{"line":1021,"column":8},"end":{"line":1021,"column":37}},"417":{"start":{"line":1024,"column":8},"end":{"line":1024,"column":20}},"418":{"start":{"line":1028,"column":14},"end":{"line":1028,"column":16}},"419":{"start":{"line":1029,"column":15},"end":{"line":1042,"column":1}},"420":{"start":{"line":1044,"column":15},"end":{"line":1056,"column":1}},"421":{"start":{"line":1061,"column":16},"end":{"line":1063,"column":1}},"422":{"start":{"line":1068,"column":15},"end":{"line":1071,"column":2}},"423":{"start":{"line":1068,"column":21},"end":{"line":1071,"column":2}},"424":{"start":{"line":1068,"column":29},"end":{"line":1071,"column":1}},"425":{"start":{"line":1077,"column":15},"end":{"line":1087,"column":6}},"426":{"start":{"line":1089,"column":11},"end":{"line":1123,"column":1}},"427":{"start":{"line":1090,"column":28},"end":{"line":1093,"column":7}},"428":{"start":{"line":1094,"column":27},"end":{"line":1099,"column":7}},"429":{"start":{"line":1100,"column":30},"end":{"line":1105,"column":7}},"430":{"start":{"line":1106,"column":26},"end":{"line":1108,"column":7}},"431":{"start":{"line":1109,"column":33},"end":{"line":1115,"column":7}},"432":{"start":{"line":1116,"column":30},"end":{"line":1119,"column":7}},"433":{"start":{"line":1120,"column":28},"end":{"line":1122,"column":7}},"434":{"start":{"line":1125,"column":14},"end":{"line":1129,"column":5}},"435":{"start":{"line":1125,"column":31},"end":{"line":1129,"column":3}},"436":{"start":{"line":1131,"column":10},"end":{"line":1135,"column":5}},"437":{"start":{"line":1131,"column":27},"end":{"line":1135,"column":3}},"438":{"start":{"line":1137,"column":11},"end":{"line":1140,"column":5}},"439":{"start":{"line":1137,"column":28},"end":{"line":1140,"column":3}},"440":{"start":{"line":1142,"column":12},"end":{"line":1145,"column":5}},"441":{"start":{"line":1142,"column":29},"end":{"line":1145,"column":3}},"442":{"start":{"line":1147,"column":10},"end":{"line":1150,"column":5}},"443":{"start":{"line":1147,"column":27},"end":{"line":1150,"column":3}},"444":{"start":{"line":1157,"column":14},"end":{"line":1167,"column":1}},"445":{"start":{"line":1172,"column":12},"end":{"line":1172,"column":44}},"446":{"start":{"line":1174,"column":19},"end":{"line":1188,"column":1}},"447":{"start":{"line":1190,"column":12},"end":{"line":1203,"column":5}},"448":{"start":{"line":1190,"column":29},"end":{"line":1203,"column":3}},"449":{"start":{"line":1195,"column":8},"end":{"line":1198,"column":9}},"450":{"start":{"line":1196,"column":12},"end":{"line":1196,"column":131}},"451":{"start":{"line":1197,"column":12},"end":{"line":1197,"column":58}},"452":{"start":{"line":1199,"column":8},"end":{"line":1199,"column":98}},"453":{"start":{"line":1200,"column":8},"end":{"line":1200,"column":112}},"454":{"start":{"line":1201,"column":8},"end":{"line":1201,"column":27}},"455":{"start":{"line":1209,"column":16},"end":{"line":1219,"column":5}},"456":{"start":{"line":1209,"column":33},"end":{"line":1219,"column":3}},"457":{"start":{"line":1215,"column":8},"end":{"line":1215,"column":78}},"458":{"start":{"line":1216,"column":8},"end":{"line":1216,"column":120}},"459":{"start":{"line":1217,"column":8},"end":{"line":1217,"column":27}},"460":{"start":{"line":1221,"column":16},"end":{"line":1237,"column":5}},"461":{"start":{"line":1221,"column":33},"end":{"line":1237,"column":3}},"462":{"start":{"line":1228,"column":8},"end":{"line":1230,"column":73}},"463":{"start":{"line":1234,"column":8},"end":{"line":1235,"column":162}},"464":{"start":{"line":1244,"column":14},"end":{"line":1290,"column":1}},"465":{"start":{"line":1246,"column":4},"end":{"line":1289,"column":7}},"466":{"start":{"line":1256,"column":12},"end":{"line":1256,"column":91}},"467":{"start":{"line":1257,"column":12},"end":{"line":1257,"column":91}},"468":{"start":{"line":1258,"column":12},"end":{"line":1258,"column":82}},"469":{"start":{"line":1259,"column":12},"end":{"line":1259,"column":88}},"470":{"start":{"line":1260,"column":12},"end":{"line":1260,"column":85}},"471":{"start":{"line":1261,"column":12},"end":{"line":1267,"column":14}},"472":{"start":{"line":1273,"column":12},"end":{"line":1284,"column":13}},"473":{"start":{"line":1274,"column":16},"end":{"line":1283,"column":19}},"474":{"start":{"line":1285,"column":12},"end":{"line":1285,"column":80}},"475":{"start":{"line":1286,"column":12},"end":{"line":1286,"column":136}},"476":{"start":{"line":1287,"column":12},"end":{"line":1287,"column":31}},"477":{"start":{"line":1295,"column":14},"end":{"line":1311,"column":5}},"478":{"start":{"line":1295,"column":31},"end":{"line":1311,"column":3}},"479":{"start":{"line":1303,"column":20},"end":{"line":1303,"column":24}},"480":{"start":{"line":1304,"column":8},"end":{"line":1306,"column":11}},"481":{"start":{"line":1305,"column":12},"end":{"line":1305,"column":60}},"482":{"start":{"line":1307,"column":8},"end":{"line":1307,"column":107}},"483":{"start":{"line":1308,"column":8},"end":{"line":1308,"column":112}},"484":{"start":{"line":1309,"column":8},"end":{"line":1309,"column":27}},"485":{"start":{"line":1316,"column":19},"end":{"line":1386,"column":5}},"486":{"start":{"line":1316,"column":36},"end":{"line":1386,"column":3}},"487":{"start":{"line":1342,"column":38},"end":{"line":1342,"column":74}},"488":{"start":{"line":1346,"column":8},"end":{"line":1346,"column":84}},"489":{"start":{"line":1347,"column":8},"end":{"line":1347,"column":70}},"490":{"start":{"line":1348,"column":8},"end":{"line":1348,"column":73}},"491":{"start":{"line":1349,"column":8},"end":{"line":1349,"column":80}},"492":{"start":{"line":1350,"column":8},"end":{"line":1350,"column":135}},"493":{"start":{"line":1351,"column":8},"end":{"line":1351,"column":27}},"494":{"start":{"line":1357,"column":8},"end":{"line":1357,"column":34}},"495":{"start":{"line":1363,"column":8},"end":{"line":1363,"column":72}},"496":{"start":{"line":1364,"column":8},"end":{"line":1364,"column":142}},"497":{"start":{"line":1365,"column":8},"end":{"line":1365,"column":73}},"498":{"start":{"line":1371,"column":8},"end":{"line":1371,"column":71}},"499":{"start":{"line":1372,"column":8},"end":{"line":1372,"column":139}},"500":{"start":{"line":1373,"column":8},"end":{"line":1373,"column":72}},"501":{"start":{"line":1379,"column":8},"end":{"line":1379,"column":69}},"502":{"start":{"line":1380,"column":8},"end":{"line":1383,"column":9}},"503":{"start":{"line":1381,"column":12},"end":{"line":1381,"column":95}},"504":{"start":{"line":1382,"column":12},"end":{"line":1382,"column":156}},"505":{"start":{"line":1384,"column":8},"end":{"line":1384,"column":70}},"506":{"start":{"line":1388,"column":13},"end":{"line":1408,"column":5}},"507":{"start":{"line":1388,"column":30},"end":{"line":1408,"column":3}},"508":{"start":{"line":1401,"column":8},"end":{"line":1401,"column":127}},"509":{"start":{"line":1402,"column":8},"end":{"line":1402,"column":109}},"510":{"start":{"line":1403,"column":8},"end":{"line":1403,"column":121}},"511":{"start":{"line":1404,"column":8},"end":{"line":1404,"column":80}},"512":{"start":{"line":1405,"column":8},"end":{"line":1405,"column":116}},"513":{"start":{"line":1406,"column":8},"end":{"line":1406,"column":27}},"514":{"start":{"line":1410,"column":21},"end":{"line":1456,"column":5}},"515":{"start":{"line":1410,"column":38},"end":{"line":1456,"column":3}},"516":{"start":{"line":1424,"column":20},"end":{"line":1424,"column":24}},"517":{"start":{"line":1428,"column":8},"end":{"line":1430,"column":9}},"518":{"start":{"line":1429,"column":12},"end":{"line":1429,"column":70}},"519":{"start":{"line":1434,"column":8},"end":{"line":1434,"column":85}},"520":{"start":{"line":1434,"column":49},"end":{"line":1434,"column":81}},"521":{"start":{"line":1438,"column":8},"end":{"line":1438,"column":76}},"522":{"start":{"line":1439,"column":8},"end":{"line":1439,"column":116}},"523":{"start":{"line":1440,"column":8},"end":{"line":1440,"column":27}},"524":{"start":{"line":1446,"column":8},"end":{"line":1448,"column":9}},"525":{"start":{"line":1447,"column":12},"end":{"line":1447,"column":19}},"526":{"start":{"line":1449,"column":24},"end":{"line":1450,"column":13}},"527":{"start":{"line":1449,"column":85},"end":{"line":1449,"column":110}},"528":{"start":{"line":1451,"column":8},"end":{"line":1454,"column":9}},"529":{"start":{"line":1452,"column":12},"end":{"line":1452,"column":59}},"530":{"start":{"line":1453,"column":12},"end":{"line":1453,"column":110}},"531":{"start":{"line":1458,"column":16},"end":{"line":1474,"column":5}},"532":{"start":{"line":1458,"column":33},"end":{"line":1474,"column":3}},"533":{"start":{"line":1466,"column":20},"end":{"line":1466,"column":24}},"534":{"start":{"line":1467,"column":8},"end":{"line":1469,"column":60}},"535":{"start":{"line":1468,"column":38},"end":{"line":1468,"column":77}},"536":{"start":{"line":1469,"column":41},"end":{"line":1469,"column":56}},"537":{"start":{"line":1470,"column":8},"end":{"line":1470,"column":76}},"538":{"start":{"line":1471,"column":8},"end":{"line":1471,"column":91}},"539":{"start":{"line":1472,"column":8},"end":{"line":1472,"column":27}},"540":{"start":{"line":1476,"column":12},"end":{"line":1521,"column":5}},"541":{"start":{"line":1476,"column":29},"end":{"line":1521,"column":3}},"542":{"start":{"line":1502,"column":20},"end":{"line":1502,"column":24}},"543":{"start":{"line":1506,"column":8},"end":{"line":1507,"column":63}},"544":{"start":{"line":1511,"column":8},"end":{"line":1514,"column":11}},"545":{"start":{"line":1512,"column":23},"end":{"line":1512,"column":28}},"546":{"start":{"line":1512,"column":40},"end":{"line":1512,"column":45}},"547":{"start":{"line":1513,"column":12},"end":{"line":1513,"column":101}},"548":{"start":{"line":1518,"column":8},"end":{"line":1518,"column":72}},"549":{"start":{"line":1519,"column":8},"end":{"line":1519,"column":26}},"550":{"start":{"line":1524,"column":2},"end":{"line":1533,"column":3}},"551":{"start":{"line":1525,"column":4},"end":{"line":1530,"column":7}},"552":{"start":{"line":1532,"column":4},"end":{"line":1532,"column":21}},"553":{"start":{"line":1535,"column":2},"end":{"line":1535,"column":13}},"554":{"start":{"line":1539,"column":13},"end":{"line":1539,"column":32}},"555":{"start":{"line":1541,"column":2},"end":{"line":1547,"column":3}},"556":{"start":{"line":1542,"column":18},"end":{"line":1542,"column":54}},"557":{"start":{"line":1543,"column":4},"end":{"line":1545,"column":7}},"558":{"start":{"line":1543,"column":24},"end":{"line":1545,"column":7}},"559":{"start":{"line":1544,"column":6},"end":{"line":1544,"column":69}},"560":{"start":{"line":1546,"column":4},"end":{"line":1546,"column":35}},"561":{"start":{"line":1549,"column":2},"end":{"line":1549,"column":14}},"562":{"start":{"line":1553,"column":2},"end":{"line":1567,"column":3}},"563":{"start":{"line":1553,"column":15},"end":{"line":1553,"column":16}},"564":{"start":{"line":1554,"column":17},"end":{"line":1554,"column":57}},"565":{"start":{"line":1556,"column":4},"end":{"line":1566,"column":5}},"566":{"start":{"line":1557,"column":6},"end":{"line":1559,"column":9}},"567":{"start":{"line":1558,"column":8},"end":{"line":1558,"column":50}},"568":{"start":{"line":1560,"column":11},"end":{"line":1566,"column":5}},"569":{"start":{"line":1561,"column":6},"end":{"line":1561,"column":80}},"570":{"start":{"line":1563,"column":6},"end":{"line":1565,"column":9}},"571":{"start":{"line":1564,"column":8},"end":{"line":1564,"column":89}},"572":{"start":{"line":1569,"column":2},"end":{"line":1569,"column":16}},"573":{"start":{"line":1577,"column":20},"end":{"line":1603,"column":1}},"574":{"start":{"line":1578,"column":46},"end":{"line":1578,"column":62}},"575":{"start":{"line":1579,"column":38},"end":{"line":1579,"column":55}},"576":{"start":{"line":1580,"column":32},"end":{"line":1580,"column":52}},"577":{"start":{"line":1581,"column":2},"end":{"line":1597,"column":9}},"578":{"start":{"line":1582,"column":4},"end":{"line":1596,"column":5}},"579":{"start":{"line":1583,"column":6},"end":{"line":1592,"column":10}},"580":{"start":{"line":1588,"column":10},"end":{"line":1588,"column":36}},"581":{"start":{"line":1589,"column":10},"end":{"line":1589,"column":30}},"582":{"start":{"line":1593,"column":6},"end":{"line":1595,"column":37}},"583":{"start":{"line":1598,"column":2},"end":{"line":1602,"column":4}},"584":{"start":{"line":1605,"column":22},"end":{"line":1605,"column":49}},"585":{"start":{"line":1607,"column":23},"end":{"line":1643,"column":1}},"586":{"start":{"line":1608,"column":31},"end":{"line":1632,"column":3}},"587":{"start":{"line":1616,"column":6},"end":{"line":1630,"column":10}},"588":{"start":{"line":1633,"column":2},"end":{"line":1636,"column":50}},"589":{"start":{"line":1637,"column":24},"end":{"line":1637,"column":80}},"590":{"start":{"line":1638,"column":24},"end":{"line":1641,"column":4}},"591":{"start":{"line":1642,"column":2},"end":{"line":1642,"column":40}},"592":{"start":{"line":1645,"column":25},"end":{"line":1686,"column":1}},"593":{"start":{"line":1646,"column":16},"end":{"line":1646,"column":59}},"594":{"start":{"line":1647,"column":19},"end":{"line":1647,"column":62}},"595":{"start":{"line":1648,"column":17},"end":{"line":1648,"column":60}},"596":{"start":{"line":1649,"column":18},"end":{"line":1649,"column":58}},"597":{"start":{"line":1650,"column":44},"end":{"line":1650,"column":64}},"598":{"start":{"line":1651,"column":34},"end":{"line":1651,"column":54}},"599":{"start":{"line":1652,"column":2},"end":{"line":1679,"column":66}},"600":{"start":{"line":1653,"column":4},"end":{"line":1678,"column":5}},"601":{"start":{"line":1654,"column":22},"end":{"line":1671,"column":7}},"602":{"start":{"line":1672,"column":6},"end":{"line":1672,"column":52}},"603":{"start":{"line":1673,"column":6},"end":{"line":1677,"column":49}},"604":{"start":{"line":1680,"column":2},"end":{"line":1684,"column":22}},"605":{"start":{"line":1681,"column":4},"end":{"line":1683,"column":38}},"606":{"start":{"line":1685,"column":2},"end":{"line":1685,"column":35}},"607":{"start":{"line":1694,"column":19},"end":{"line":1948,"column":1}},"608":{"start":{"line":1698,"column":16},"end":{"line":1698,"column":59}},"609":{"start":{"line":1699,"column":18},"end":{"line":1699,"column":63}},"610":{"start":{"line":1710,"column":26},"end":{"line":1751,"column":3}},"611":{"start":{"line":1711,"column":20},"end":{"line":1711,"column":22}},"612":{"start":{"line":1716,"column":4},"end":{"line":1722,"column":5}},"613":{"start":{"line":1717,"column":6},"end":{"line":1717,"column":26}},"614":{"start":{"line":1718,"column":6},"end":{"line":1721,"column":61}},"615":{"start":{"line":1728,"column":4},"end":{"line":1748,"column":5}},"616":{"start":{"line":1729,"column":6},"end":{"line":1743,"column":9}},"617":{"start":{"line":1744,"column":6},"end":{"line":1747,"column":71}},"618":{"start":{"line":1746,"column":50},"end":{"line":1746,"column":60}},"619":{"start":{"line":1750,"column":4},"end":{"line":1750,"column":22}},"620":{"start":{"line":1761,"column":6},"end":{"line":1761,"column":22}},"621":{"start":{"line":1762,"column":60},"end":{"line":1762,"column":80}},"622":{"start":{"line":1763,"column":2},"end":{"line":1771,"column":28}},"623":{"start":{"line":1764,"column":4},"end":{"line":1770,"column":5}},"624":{"start":{"line":1765,"column":6},"end":{"line":1765,"column":41}},"625":{"start":{"line":1766,"column":6},"end":{"line":1766,"column":37}},"626":{"start":{"line":1767,"column":6},"end":{"line":1769,"column":36}},"627":{"start":{"line":1776,"column":28},"end":{"line":1776,"column":46}},"628":{"start":{"line":1777,"column":46},"end":{"line":1777,"column":66}},"629":{"start":{"line":1778,"column":2},"end":{"line":1814,"column":63}},"630":{"start":{"line":1779,"column":4},"end":{"line":1813,"column":5}},"631":{"start":{"line":1781,"column":6},"end":{"line":1783,"column":7}},"632":{"start":{"line":1782,"column":8},"end":{"line":1782,"column":15}},"633":{"start":{"line":1789,"column":6},"end":{"line":1810,"column":7}},"634":{"start":{"line":1790,"column":8},"end":{"line":1796,"column":46}},"635":{"start":{"line":1797,"column":8},"end":{"line":1797,"column":48}},"636":{"start":{"line":1802,"column":8},"end":{"line":1808,"column":44}},"637":{"start":{"line":1809,"column":8},"end":{"line":1809,"column":42}},"638":{"start":{"line":1812,"column":6},"end":{"line":1812,"column":30}},"639":{"start":{"line":1830,"column":30},"end":{"line":1830,"column":48}},"640":{"start":{"line":1831,"column":34},"end":{"line":1831,"column":52}},"641":{"start":{"line":1832,"column":30},"end":{"line":1832,"column":48}},"642":{"start":{"line":1833,"column":26},"end":{"line":1833,"column":46}},"643":{"start":{"line":1834,"column":26},"end":{"line":1834,"column":46}},"644":{"start":{"line":1835,"column":36},"end":{"line":1835,"column":57}},"645":{"start":{"line":1840,"column":2},"end":{"line":1848,"column":14}},"646":{"start":{"line":1843,"column":4},"end":{"line":1843,"column":181}},"647":{"start":{"line":1844,"column":4},"end":{"line":1844,"column":190}},"648":{"start":{"line":1845,"column":4},"end":{"line":1845,"column":184}},"649":{"start":{"line":1846,"column":4},"end":{"line":1846,"column":178}},"650":{"start":{"line":1847,"column":4},"end":{"line":1847,"column":178}},"651":{"start":{"line":1853,"column":2},"end":{"line":1859,"column":17}},"652":{"start":{"line":1854,"column":4},"end":{"line":1854,"column":104}},"653":{"start":{"line":1855,"column":4},"end":{"line":1855,"column":110}},"654":{"start":{"line":1856,"column":4},"end":{"line":1856,"column":104}},"655":{"start":{"line":1857,"column":4},"end":{"line":1857,"column":98}},"656":{"start":{"line":1858,"column":4},"end":{"line":1858,"column":98}},"657":{"start":{"line":1866,"column":36},"end":{"line":1866,"column":57}},"658":{"start":{"line":1867,"column":2},"end":{"line":1875,"column":15}},"659":{"start":{"line":1868,"column":4},"end":{"line":1874,"column":5}},"660":{"start":{"line":1869,"column":6},"end":{"line":1869,"column":25}},"661":{"start":{"line":1870,"column":6},"end":{"line":1873,"column":30}},"662":{"start":{"line":1872,"column":36},"end":{"line":1872,"column":46}},"663":{"start":{"line":1876,"column":40},"end":{"line":1876,"column":61}},"664":{"start":{"line":1877,"column":2},"end":{"line":1885,"column":17}},"665":{"start":{"line":1878,"column":4},"end":{"line":1884,"column":5}},"666":{"start":{"line":1879,"column":6},"end":{"line":1879,"column":27}},"667":{"start":{"line":1880,"column":6},"end":{"line":1883,"column":32}},"668":{"start":{"line":1882,"column":40},"end":{"line":1882,"column":50}},"669":{"start":{"line":1886,"column":36},"end":{"line":1886,"column":57}},"670":{"start":{"line":1887,"column":2},"end":{"line":1895,"column":15}},"671":{"start":{"line":1888,"column":4},"end":{"line":1894,"column":5}},"672":{"start":{"line":1889,"column":6},"end":{"line":1889,"column":25}},"673":{"start":{"line":1890,"column":6},"end":{"line":1893,"column":30}},"674":{"start":{"line":1892,"column":36},"end":{"line":1892,"column":46}},"675":{"start":{"line":1896,"column":32},"end":{"line":1896,"column":53}},"676":{"start":{"line":1897,"column":2},"end":{"line":1905,"column":13}},"677":{"start":{"line":1898,"column":4},"end":{"line":1904,"column":5}},"678":{"start":{"line":1899,"column":6},"end":{"line":1899,"column":23}},"679":{"start":{"line":1900,"column":6},"end":{"line":1903,"column":28}},"680":{"start":{"line":1906,"column":32},"end":{"line":1906,"column":53}},"681":{"start":{"line":1907,"column":2},"end":{"line":1915,"column":13}},"682":{"start":{"line":1908,"column":4},"end":{"line":1914,"column":5}},"683":{"start":{"line":1909,"column":6},"end":{"line":1909,"column":23}},"684":{"start":{"line":1910,"column":6},"end":{"line":1913,"column":28}},"685":{"start":{"line":1925,"column":15},"end":{"line":1925,"column":59}},"686":{"start":{"line":1926,"column":18},"end":{"line":1926,"column":61}},"687":{"start":{"line":1931,"column":2},"end":{"line":1947,"column":4}},"688":{"start":{"line":1954,"column":2},"end":{"line":1954,"column":74}},"689":{"start":{"line":1955,"column":2},"end":{"line":1957,"column":5}},"690":{"start":{"line":1956,"column":4},"end":{"line":1956,"column":30}},"691":{"start":{"line":1958,"column":2},"end":{"line":1958,"column":47}},"692":{"start":{"line":1962,"column":27},"end":{"line":1962,"column":62}},"693":{"start":{"line":1963,"column":16},"end":{"line":1963,"column":62}},"694":{"start":{"line":1964,"column":18},"end":{"line":1964,"column":122}},"695":{"start":{"line":1964,"column":38},"end":{"line":1964,"column":92}},"696":{"start":{"line":1965,"column":2},"end":{"line":1982,"column":9}},"697":{"start":{"line":1966,"column":24},"end":{"line":1968,"column":5}},"698":{"start":{"line":1969,"column":4},"end":{"line":1976,"column":21}},"699":{"start":{"line":1970,"column":26},"end":{"line":1970,"column":44}},"700":{"start":{"line":1972,"column":6},"end":{"line":1975,"column":7}},"701":{"start":{"line":1973,"column":8},"end":{"line":1973,"column":43}},"702":{"start":{"line":1974,"column":8},"end":{"line":1974,"column":34}},"703":{"start":{"line":1977,"column":4},"end":{"line":1977,"column":38}},"704":{"start":{"line":1978,"column":4},"end":{"line":1978,"column":33}},"705":{"start":{"line":1979,"column":4},"end":{"line":1981,"column":6}},"706":{"start":{"line":1980,"column":6},"end":{"line":1980,"column":85}},"707":{"start":{"line":1980,"column":59},"end":{"line":1980,"column":83}},"708":{"start":{"line":1984,"column":2},"end":{"line":1984,"column":26}},"709":{"start":{"line":1988,"column":28},"end":{"line":1988,"column":30}},"710":{"start":{"line":1989,"column":2},"end":{"line":1997,"column":5}},"711":{"start":{"line":1990,"column":4},"end":{"line":1992,"column":5}},"712":{"start":{"line":1991,"column":6},"end":{"line":1991,"column":62}},"713":{"start":{"line":1994,"column":4},"end":{"line":1996,"column":5}},"714":{"start":{"line":1995,"column":6},"end":{"line":1995,"column":69}},"715":{"start":{"line":1998,"column":2},"end":{"line":1998,"column":27}},"716":{"start":{"line":2001,"column":17},"end":{"line":2010,"column":1}},"717":{"start":{"line":2002,"column":16},"end":{"line":2005,"column":3}},"718":{"start":{"line":2006,"column":2},"end":{"line":2006,"column":46}},"719":{"start":{"line":2007,"column":2},"end":{"line":2007,"column":51}},"720":{"start":{"line":2008,"column":2},"end":{"line":2008,"column":38}},"721":{"start":{"line":2008,"column":19},"end":{"line":2008,"column":38}},"722":{"start":{"line":2009,"column":2},"end":{"line":2009,"column":44}},"723":{"start":{"line":2012,"column":22},"end":{"line":2022,"column":2}},"724":{"start":{"line":2020,"column":4},"end":{"line":2020,"column":75}},"725":{"start":{"line":2029,"column":15},"end":{"line":2031,"column":83}},"726":{"start":{"line":2031,"column":19},"end":{"line":2031,"column":83}},"727":{"start":{"line":2033,"column":0},"end":{"line":2035,"column":2}},"728":{"start":{"line":2044,"column":12},"end":{"line":2082,"column":1}},"729":{"start":{"line":2051,"column":2},"end":{"line":2081,"column":19}},"730":{"start":{"line":2084,"column":0},"end":{"line":2088,"column":2}},"731":{"start":{"line":2090,"column":24},"end":{"line":2090,"column":88}},"732":{"start":{"line":2101,"column":8},"end":{"line":2101,"column":18}},"733":{"start":{"line":2102,"column":19},"end":{"line":2102,"column":58}},"734":{"start":{"line":2103,"column":18},"end":{"line":2103,"column":39}},"735":{"start":{"line":2104,"column":16},"end":{"line":2104,"column":60}},"736":{"start":{"line":2105,"column":18},"end":{"line":2105,"column":39}},"737":{"start":{"line":2107,"column":4},"end":{"line":2109,"column":5}},"738":{"start":{"line":2108,"column":6},"end":{"line":2108,"column":19}},"739":{"start":{"line":2111,"column":4},"end":{"line":2111,"column":43}},"740":{"start":{"line":2115,"column":18},"end":{"line":2115,"column":56}},"741":{"start":{"line":2116,"column":4},"end":{"line":2116,"column":88}},"742":{"start":{"line":2121,"column":0},"end":{"line":2128,"column":2}},"743":{"start":{"line":2129,"column":0},"end":{"line":2136,"column":2}},"744":{"start":{"line":2142,"column":16},"end":{"line":2162,"column":1}},"745":{"start":{"line":2148,"column":2},"end":{"line":2161,"column":12}},"746":{"start":{"line":2164,"column":0},"end":{"line":2167,"column":2}},"747":{"start":{"line":2174,"column":18},"end":{"line":2186,"column":3}},"748":{"start":{"line":2177,"column":19},"end":{"line":2186,"column":3}},"749":{"start":{"line":2188,"column":0},"end":{"line":2192,"column":2}},"750":{"start":{"line":2206,"column":12},"end":{"line":2235,"column":1}},"751":{"start":{"line":2214,"column":32},"end":{"line":2214,"column":50}},"752":{"start":{"line":2215,"column":2},"end":{"line":2217,"column":14}},"753":{"start":{"line":2216,"column":4},"end":{"line":2216,"column":22}},"754":{"start":{"line":2218,"column":2},"end":{"line":2234,"column":6}},"755":{"start":{"line":2237,"column":0},"end":{"line":2244,"column":2}},"756":{"start":{"line":2253,"column":18},"end":{"line":2257,"column":13}},"757":{"start":{"line":2255,"column":19},"end":{"line":2257,"column":13}},"758":{"start":{"line":2259,"column":0},"end":{"line":2261,"column":2}},"759":{"start":{"line":2269,"column":14},"end":{"line":2283,"column":1}},"760":{"start":{"line":2272,"column":18},"end":{"line":2272,"column":93}},"761":{"start":{"line":2273,"column":2},"end":{"line":2282,"column":32}},"762":{"start":{"line":2285,"column":0},"end":{"line":2287,"column":2}},"763":{"start":{"line":2297,"column":15},"end":{"line":2320,"column":1}},"764":{"start":{"line":2305,"column":6},"end":{"line":2307,"column":4}},"765":{"start":{"line":2308,"column":2},"end":{"line":2312,"column":18}},"766":{"start":{"line":2309,"column":4},"end":{"line":2311,"column":7}},"767":{"start":{"line":2313,"column":2},"end":{"line":2319,"column":236}},"768":{"start":{"line":2316,"column":176},"end":{"line":2319,"column":4}},"769":{"start":{"line":2322,"column":0},"end":{"line":2326,"column":2}},"770":{"start":{"line":2335,"column":20},"end":{"line":2371,"column":1}},"771":{"start":{"line":2340,"column":6},"end":{"line":2342,"column":4}},"772":{"start":{"line":2343,"column":2},"end":{"line":2347,"column":18}},"773":{"start":{"line":2344,"column":4},"end":{"line":2346,"column":7}},"774":{"start":{"line":2360,"column":40},"end":{"line":2360,"column":60}},"775":{"start":{"line":2361,"column":38},"end":{"line":2361,"column":56}},"776":{"start":{"line":2362,"column":2},"end":{"line":2366,"column":5}},"777":{"start":{"line":2363,"column":4},"end":{"line":2363,"column":25}},"778":{"start":{"line":2364,"column":21},"end":{"line":2364,"column":74}},"779":{"start":{"line":2365,"column":4},"end":{"line":2365,"column":28}},"780":{"start":{"line":2367,"column":2},"end":{"line":2370,"column":76}},"781":{"start":{"line":2373,"column":0},"end":{"line":2375,"column":2}},"782":{"start":{"line":2384,"column":16},"end":{"line":2400,"column":1}},"783":{"start":{"line":2387,"column":2},"end":{"line":2392,"column":16}},"784":{"start":{"line":2388,"column":4},"end":{"line":2391,"column":7}},"785":{"start":{"line":2393,"column":2},"end":{"line":2399,"column":21}},"786":{"start":{"line":2402,"column":0},"end":{"line":2404,"column":2}},"787":{"start":{"line":2410,"column":15},"end":{"line":2437,"column":1}},"788":{"start":{"line":2418,"column":6},"end":{"line":2420,"column":4}},"789":{"start":{"line":2421,"column":2},"end":{"line":2425,"column":18}},"790":{"start":{"line":2422,"column":4},"end":{"line":2424,"column":7}},"791":{"start":{"line":2426,"column":32},"end":{"line":2426,"column":52}},"792":{"start":{"line":2427,"column":2},"end":{"line":2429,"column":78}},"793":{"start":{"line":2428,"column":4},"end":{"line":2428,"column":26}},"794":{"start":{"line":2430,"column":2},"end":{"line":2436,"column":254}},"795":{"start":{"line":2433,"column":138},"end":{"line":2436,"column":4}},"796":{"start":{"line":2439,"column":0},"end":{"line":2442,"column":2}},"797":{"start":{"line":2445,"column":1},"end":{"line":2451,"column":47}},"798":{"start":{"line":2449,"column":6},"end":{"line":2449,"column":95}},"799":{"start":{"line":2455,"column":1},"end":{"line":2455,"column":92}},"800":{"start":{"line":2465,"column":28},"end":{"line":2465,"column":56}},"801":{"start":{"line":2466,"column":21},"end":{"line":2466,"column":52}},"802":{"start":{"line":2467,"column":23},"end":{"line":2467,"column":60}},"803":{"start":{"line":2470,"column":2},"end":{"line":2472,"column":3}},"804":{"start":{"line":2471,"column":4},"end":{"line":2471,"column":81}},"805":{"start":{"line":2474,"column":2},"end":{"line":2474,"column":21}},"806":{"start":{"line":2478,"column":2},"end":{"line":2522,"column":3}},"807":{"start":{"line":2479,"column":4},"end":{"line":2481,"column":5}},"808":{"start":{"line":2480,"column":6},"end":{"line":2480,"column":19}},"809":{"start":{"line":2485,"column":16},"end":{"line":2485,"column":33}},"810":{"start":{"line":2487,"column":4},"end":{"line":2487,"column":20}},"811":{"start":{"line":2489,"column":4},"end":{"line":2491,"column":5}},"812":{"start":{"line":2490,"column":6},"end":{"line":2490,"column":19}},"813":{"start":{"line":2494,"column":16},"end":{"line":2494,"column":18}},"814":{"start":{"line":2496,"column":4},"end":{"line":2498,"column":5}},"815":{"start":{"line":2496,"column":17},"end":{"line":2496,"column":18}},"816":{"start":{"line":2497,"column":6},"end":{"line":2497,"column":46}},"817":{"start":{"line":2500,"column":17},"end":{"line":2502,"column":6}},"818":{"start":{"line":2501,"column":6},"end":{"line":2501,"column":22}},"819":{"start":{"line":2504,"column":4},"end":{"line":2506,"column":5}},"820":{"start":{"line":2505,"column":6},"end":{"line":2505,"column":19}},"821":{"start":{"line":2509,"column":16},"end":{"line":2509,"column":18}},"822":{"start":{"line":2510,"column":4},"end":{"line":2512,"column":7}},"823":{"start":{"line":2511,"column":6},"end":{"line":2511,"column":29}},"824":{"start":{"line":2514,"column":4},"end":{"line":2516,"column":5}},"825":{"start":{"line":2515,"column":6},"end":{"line":2515,"column":19}},"826":{"start":{"line":2518,"column":4},"end":{"line":2518,"column":16}},"827":{"start":{"line":2521,"column":4},"end":{"line":2521,"column":17}},"828":{"start":{"line":2525,"column":19},"end":{"line":2551,"column":1}},"829":{"start":{"line":2527,"column":11},"end":{"line":2527,"column":27}},"830":{"start":{"line":2530,"column":2},"end":{"line":2548,"column":3}},"831":{"start":{"line":2530,"column":15},"end":{"line":2530,"column":16}},"832":{"start":{"line":2531,"column":4},"end":{"line":2531,"column":32}},"833":{"start":{"line":2533,"column":4},"end":{"line":2537,"column":5}},"834":{"start":{"line":2534,"column":6},"end":{"line":2536,"column":7}},"835":{"start":{"line":2535,"column":8},"end":{"line":2535,"column":28}},"836":{"start":{"line":2539,"column":4},"end":{"line":2547,"column":5}},"837":{"start":{"line":2540,"column":6},"end":{"line":2540,"column":44}},"838":{"start":{"line":2542,"column":6},"end":{"line":2546,"column":7}},"839":{"start":{"line":2542,"column":19},"end":{"line":2542,"column":20}},"840":{"start":{"line":2543,"column":8},"end":{"line":2545,"column":9}},"841":{"start":{"line":2544,"column":10},"end":{"line":2544,"column":44}},"842":{"start":{"line":2550,"column":2},"end":{"line":2550,"column":12}},"843":{"start":{"line":2553,"column":8},"end":{"line":2553,"column":50}},"844":{"start":{"line":2554,"column":8},"end":{"line":2554,"column":47}},"845":{"start":{"line":2555,"column":8},"end":{"line":2555,"column":46}},"846":{"start":{"line":2556,"column":8},"end":{"line":2556,"column":48}},"847":{"start":{"line":2557,"column":8},"end":{"line":2557,"column":51}},"848":{"start":{"line":2558,"column":8},"end":{"line":2558,"column":48}},"849":{"start":{"line":2559,"column":8},"end":{"line":2559,"column":48}},"850":{"start":{"line":2560,"column":8},"end":{"line":2560,"column":47}},"851":{"start":{"line":2561,"column":8},"end":{"line":2561,"column":51}},"852":{"start":{"line":2562,"column":8},"end":{"line":2562,"column":48}},"853":{"start":{"line":2563,"column":8},"end":{"line":2563,"column":44}},"854":{"start":{"line":2564,"column":8},"end":{"line":2564,"column":44}},"855":{"start":{"line":2565,"column":8},"end":{"line":2565,"column":55}},"856":{"start":{"line":2568,"column":2},"end":{"line":2568,"column":162}},"857":{"start":{"line":2568,"column":15},"end":{"line":2568,"column":75}},"858":{"start":{"line":2568,"column":81},"end":{"line":2568,"column":82}},"859":{"start":{"line":2568,"column":111},"end":{"line":2568,"column":162}},"860":{"start":{"line":2570,"column":2},"end":{"line":2570,"column":170}},"861":{"start":{"line":2573,"column":8},"end":{"line":2580,"column":1}},"862":{"start":{"line":2575,"column":4},"end":{"line":2575,"column":14}},"863":{"start":{"line":2581,"column":8},"end":{"line":2581,"column":10}},"864":{"start":{"line":2584,"column":2},"end":{"line":2584,"column":17}},"865":{"start":{"line":2585,"column":2},"end":{"line":2585,"column":19}},"866":{"start":{"line":2586,"column":2},"end":{"line":2586,"column":16}},"867":{"start":{"line":2587,"column":2},"end":{"line":2587,"column":24}},"868":{"start":{"line":2590,"column":0},"end":{"line":2590,"column":34}},"869":{"start":{"line":2592,"column":0},"end":{"line":2595,"column":2}},"870":{"start":{"line":2593,"column":2},"end":{"line":2593,"column":88}},"871":{"start":{"line":2593,"column":69},"end":{"line":2593,"column":88}},"872":{"start":{"line":2594,"column":2},"end":{"line":2594,"column":55}},"873":{"start":{"line":2597,"column":0},"end":{"line":2599,"column":2}},"874":{"start":{"line":2598,"column":2},"end":{"line":2598,"column":58}},"875":{"start":{"line":2603,"column":0},"end":{"line":2603,"column":26}},"876":{"start":{"line":2606,"column":2},"end":{"line":2606,"column":17}},"877":{"start":{"line":2607,"column":2},"end":{"line":2607,"column":19}},"878":{"start":{"line":2608,"column":2},"end":{"line":2608,"column":16}},"879":{"start":{"line":2609,"column":2},"end":{"line":2609,"column":24}},"880":{"start":{"line":2612,"column":8},"end":{"line":2612,"column":29}},"881":{"start":{"line":2613,"column":0},"end":{"line":2613,"column":18}},"882":{"start":{"line":2614,"column":0},"end":{"line":2614,"column":29}},"883":{"start":{"line":2615,"column":0},"end":{"line":2615,"column":28}},"884":{"start":{"line":2616,"column":8},"end":{"line":2618,"column":1}},"885":{"start":{"line":2619,"column":8},"end":{"line":2619,"column":39}},"886":{"start":{"line":2620,"column":8},"end":{"line":2625,"column":1}},"887":{"start":{"line":2629,"column":10},"end":{"line":2629,"column":12}},"888":{"start":{"line":2630,"column":10},"end":{"line":2630,"column":14}},"889":{"start":{"line":2631,"column":10},"end":{"line":2631,"column":14}},"890":{"start":{"line":2632,"column":2},"end":{"line":2632,"column":155}},"891":{"start":{"line":2632,"column":17},"end":{"line":2632,"column":155}},"892":{"start":{"line":2632,"column":101},"end":{"line":2632,"column":155}},"893":{"start":{"line":2633,"column":10},"end":{"line":2633,"column":30}},"894":{"start":{"line":2634,"column":2},"end":{"line":2638,"column":3}},"895":{"start":{"line":2634,"column":15},"end":{"line":2634,"column":30}},"896":{"start":{"line":2634,"column":35},"end":{"line":2638,"column":3}},"897":{"start":{"line":2635,"column":4},"end":{"line":2635,"column":70}},"898":{"start":{"line":2635,"column":17},"end":{"line":2635,"column":25}},"899":{"start":{"line":2635,"column":31},"end":{"line":2635,"column":32}},"900":{"start":{"line":2635,"column":46},"end":{"line":2635,"column":70}},"901":{"start":{"line":2637,"column":4},"end":{"line":2637,"column":19}},"902":{"start":{"line":2639,"column":2},"end":{"line":2639,"column":93}},"903":{"start":{"line":2639,"column":27},"end":{"line":2639,"column":93}},"904":{"start":{"line":2639,"column":60},"end":{"line":2639,"column":93}},"905":{"start":{"line":2640,"column":2},"end":{"line":2647,"column":4}},"906":{"start":{"line":2651,"column":2},"end":{"line":2658,"column":4}},"907":{"start":{"line":2662,"column":2},"end":{"line":2662,"column":65}},"908":{"start":{"line":2666,"column":10},"end":{"line":2669,"column":3}},"909":{"start":{"line":2670,"column":2},"end":{"line":2672,"column":5}},"910":{"start":{"line":2671,"column":4},"end":{"line":2671,"column":16}},"911":{"start":{"line":2675,"column":8},"end":{"line":2675,"column":14}},"912":{"start":{"line":2676,"column":8},"end":{"line":2676,"column":10}},"913":{"start":{"line":2679,"column":2},"end":{"line":2687,"column":3}},"914":{"start":{"line":2680,"column":12},"end":{"line":2680,"column":19}},"915":{"start":{"line":2681,"column":4},"end":{"line":2681,"column":17}},"916":{"start":{"line":2682,"column":4},"end":{"line":2682,"column":20}},"917":{"start":{"line":2683,"column":4},"end":{"line":2683,"column":15}},"918":{"start":{"line":2684,"column":4},"end":{"line":2684,"column":18}},"919":{"start":{"line":2685,"column":4},"end":{"line":2685,"column":16}},"920":{"start":{"line":2686,"column":4},"end":{"line":2686,"column":13}},"921":{"start":{"line":2689,"column":2},"end":{"line":2695,"column":4}},"922":{"start":{"line":2699,"column":2},"end":{"line":2699,"column":18}},"923":{"start":{"line":2700,"column":2},"end":{"line":2700,"column":21}},"924":{"start":{"line":2701,"column":2},"end":{"line":2701,"column":16}},"925":{"start":{"line":2702,"column":2},"end":{"line":2702,"column":19}},"926":{"start":{"line":2703,"column":2},"end":{"line":2703,"column":14}},"927":{"start":{"line":2704,"column":2},"end":{"line":2704,"column":29}},"928":{"start":{"line":2708,"column":10},"end":{"line":2708,"column":18}},"929":{"start":{"line":2709,"column":2},"end":{"line":2709,"column":53}},"930":{"start":{"line":2709,"column":44},"end":{"line":2709,"column":53}},"931":{"start":{"line":2710,"column":10},"end":{"line":2710,"column":12}},"932":{"start":{"line":2711,"column":2},"end":{"line":2724,"column":3}},"933":{"start":{"line":2711,"column":18},"end":{"line":2711,"column":25}},"934":{"start":{"line":2711,"column":30},"end":{"line":2724,"column":3}},"935":{"start":{"line":2714,"column":6},"end":{"line":2714,"column":13}},"936":{"start":{"line":2715,"column":6},"end":{"line":2715,"column":12}},"937":{"start":{"line":2718,"column":6},"end":{"line":2722,"column":7}},"938":{"start":{"line":2721,"column":10},"end":{"line":2721,"column":17}},"939":{"start":{"line":2725,"column":2},"end":{"line":2725,"column":57}},"940":{"start":{"line":2725,"column":9},"end":{"line":2725,"column":57}},"941":{"start":{"line":2726,"column":2},"end":{"line":2726,"column":8}},"942":{"start":{"line":2727,"column":2},"end":{"line":2727,"column":31}},"943":{"start":{"line":2728,"column":2},"end":{"line":2732,"column":410}},"944":{"start":{"line":2728,"column":24},"end":{"line":2732,"column":3}},"945":{"start":{"line":2728,"column":37},"end":{"line":2728,"column":38}},"946":{"start":{"line":2729,"column":4},"end":{"line":2729,"column":13}},"947":{"start":{"line":2730,"column":12},"end":{"line":2730,"column":23}},"948":{"start":{"line":2731,"column":4},"end":{"line":2731,"column":23}},"949":{"start":{"line":2732,"column":9},"end":{"line":2732,"column":410}},"950":{"start":{"line":2732,"column":163},"end":{"line":2732,"column":264}},"951":{"start":{"line":2732,"column":213},"end":{"line":2732,"column":264}},"952":{"start":{"line":2732,"column":269},"end":{"line":2732,"column":410}},"953":{"start":{"line":2732,"column":289},"end":{"line":2732,"column":410}},"954":{"start":{"line":2733,"column":2},"end":{"line":2733,"column":11}},"955":{"start":{"line":2737,"column":2},"end":{"line":2737,"column":40}},"956":{"start":{"line":2741,"column":2},"end":{"line":2741,"column":95}},"957":{"start":{"line":2745,"column":2},"end":{"line":2745,"column":39}},"958":{"start":{"line":2749,"column":10},"end":{"line":2749,"column":18}},"959":{"start":{"line":2750,"column":10},"end":{"line":2750,"column":21}},"960":{"start":{"line":2751,"column":2},"end":{"line":2751,"column":43}},"961":{"start":{"line":2752,"column":2},"end":{"line":2754,"column":138}},"962":{"start":{"line":2753,"column":4},"end":{"line":2753,"column":13}},"963":{"start":{"line":2758,"column":10},"end":{"line":2758,"column":12}},"964":{"start":{"line":2759,"column":2},"end":{"line":2759,"column":54}},"965":{"start":{"line":2760,"column":2},"end":{"line":2760,"column":20}},"966":{"start":{"line":2761,"column":2},"end":{"line":2761,"column":14}},"967":{"start":{"line":2762,"column":2},"end":{"line":2762,"column":7}},"968":{"start":{"line":2765,"column":8},"end":{"line":2767,"column":1}},"969":{"start":{"line":2770,"column":10},"end":{"line":2770,"column":19}},"970":{"start":{"line":2771,"column":2},"end":{"line":2771,"column":38}},"971":{"start":{"line":2771,"column":18},"end":{"line":2771,"column":38}},"972":{"start":{"line":2772,"column":2},"end":{"line":2772,"column":11}},"973":{"start":{"line":2775,"column":9},"end":{"line":2785,"column":1}},"974":{"start":{"line":2786,"column":15},"end":{"line":2815,"column":1}},"975":{"start":{"line":2788,"column":4},"end":{"line":2788,"column":28}},"976":{"start":{"line":2788,"column":19},"end":{"line":2788,"column":28}},"977":{"start":{"line":2789,"column":12},"end":{"line":2789,"column":14}},"978":{"start":{"line":2790,"column":4},"end":{"line":2790,"column":24}},"979":{"start":{"line":2791,"column":4},"end":{"line":2791,"column":13}},"980":{"start":{"line":2794,"column":4},"end":{"line":2794,"column":28}},"981":{"start":{"line":2794,"column":19},"end":{"line":2794,"column":28}},"982":{"start":{"line":2795,"column":4},"end":{"line":2795,"column":28}},"983":{"start":{"line":2796,"column":4},"end":{"line":2796,"column":15}},"984":{"start":{"line":2797,"column":4},"end":{"line":2797,"column":9}},"985":{"start":{"line":2800,"column":4},"end":{"line":2802,"column":13}},"986":{"start":{"line":2801,"column":6},"end":{"line":2801,"column":18}},"987":{"start":{"line":2805,"column":12},"end":{"line":2805,"column":14}},"988":{"start":{"line":2806,"column":4},"end":{"line":2808,"column":7}},"989":{"start":{"line":2807,"column":6},"end":{"line":2807,"column":15}},"990":{"start":{"line":2809,"column":4},"end":{"line":2809,"column":13}},"991":{"start":{"line":2812,"column":4},"end":{"line":2812,"column":35}},"992":{"start":{"line":2812,"column":15},"end":{"line":2812,"column":35}},"993":{"start":{"line":2813,"column":4},"end":{"line":2813,"column":13}},"994":{"start":{"line":2816,"column":16},"end":{"line":2816,"column":17}},"995":{"start":{"line":2817,"column":15},"end":{"line":2817,"column":16}},"996":{"start":{"line":2818,"column":15},"end":{"line":2818,"column":16}},"997":{"start":{"line":2819,"column":20},"end":{"line":2819,"column":21}},"998":{"start":{"line":2820,"column":17},"end":{"line":2820,"column":18}},"999":{"start":{"line":2821,"column":15},"end":{"line":2821,"column":16}},"1000":{"start":{"line":2822,"column":57},"end":{"line":2822,"column":59}},"1001":{"start":{"line":2824,"column":19},"end":{"line":2855,"column":1}},"1002":{"start":{"line":2825,"column":2},"end":{"line":2825,"column":57}},"1003":{"start":{"line":2825,"column":34},"end":{"line":2825,"column":57}},"1004":{"start":{"line":2826,"column":10},"end":{"line":2826,"column":35}},"1005":{"start":{"line":2827,"column":10},"end":{"line":2827,"column":15}},"1006":{"start":{"line":2828,"column":10},"end":{"line":2828,"column":15}},"1007":{"start":{"line":2829,"column":10},"end":{"line":2829,"column":18}},"1008":{"start":{"line":2831,"column":2},"end":{"line":2837,"column":3}},"1009":{"start":{"line":2832,"column":4},"end":{"line":2832,"column":51}},"1010":{"start":{"line":2833,"column":4},"end":{"line":2833,"column":41}},"1011":{"start":{"line":2834,"column":4},"end":{"line":2834,"column":67}},"1012":{"start":{"line":2834,"column":47},"end":{"line":2834,"column":66}},"1013":{"start":{"line":2836,"column":4},"end":{"line":2836,"column":112}},"1014":{"start":{"line":2836,"column":17},"end":{"line":2836,"column":112}},"1015":{"start":{"line":2839,"column":10},"end":{"line":2839,"column":30}},"1016":{"start":{"line":2840,"column":2},"end":{"line":2846,"column":3}},"1017":{"start":{"line":2840,"column":15},"end":{"line":2840,"column":30}},"1018":{"start":{"line":2840,"column":35},"end":{"line":2846,"column":3}},"1019":{"start":{"line":2841,"column":4},"end":{"line":2841,"column":17}},"1020":{"start":{"line":2843,"column":4},"end":{"line":2843,"column":56}},"1021":{"start":{"line":2843,"column":17},"end":{"line":2843,"column":18}},"1022":{"start":{"line":2843,"column":32},"end":{"line":2843,"column":56}},"1023":{"start":{"line":2845,"column":4},"end":{"line":2845,"column":19}},"1024":{"start":{"line":2847,"column":2},"end":{"line":2854,"column":4}},"1025":{"start":{"line":2857,"column":20},"end":{"line":2873,"column":1}},"1026":{"start":{"line":2858,"column":2},"end":{"line":2858,"column":29}},"1027":{"start":{"line":2859,"column":2},"end":{"line":2867,"column":4}},"1028":{"start":{"line":2868,"column":2},"end":{"line":2871,"column":4}},"1029":{"start":{"line":2872,"column":2},"end":{"line":2872,"column":24}},"1030":{"start":{"line":2875,"column":20},"end":{"line":2875,"column":21}},"1031":{"start":{"line":2877,"column":20},"end":{"line":2881,"column":1}},"1032":{"start":{"line":2878,"column":10},"end":{"line":2878,"column":25}},"1033":{"start":{"line":2879,"column":2},"end":{"line":2879,"column":13}},"1034":{"start":{"line":2880,"column":2},"end":{"line":2880,"column":11}},"1035":{"start":{"line":2883,"column":16},"end":{"line":2887,"column":1}},"1036":{"start":{"line":2884,"column":2},"end":{"line":2886,"column":4}},"1037":{"start":{"line":2889,"column":17},"end":{"line":2894,"column":1}},"1038":{"start":{"line":2890,"column":2},"end":{"line":2893,"column":4}},"1039":{"start":{"line":2896,"column":21},"end":{"line":2896,"column":22}},"1040":{"start":{"line":2898,"column":11},"end":{"line":2905,"column":1}},"1041":{"start":{"line":2899,"column":2},"end":{"line":2904,"column":4}},"1042":{"start":{"line":2907,"column":11},"end":{"line":2913,"column":1}},"1043":{"start":{"line":2908,"column":2},"end":{"line":2912,"column":4}},"1044":{"start":{"line":2915,"column":18},"end":{"line":2917,"column":1}},"1045":{"start":{"line":2916,"column":2},"end":{"line":2916,"column":31}},"1046":{"start":{"line":2919,"column":17},"end":{"line":2921,"column":1}},"1047":{"start":{"line":2920,"column":2},"end":{"line":2920,"column":30}},"1048":{"start":{"line":2923,"column":20},"end":{"line":2923,"column":34}},"1049":{"start":{"line":2925,"column":16},"end":{"line":2927,"column":1}},"1050":{"start":{"line":2926,"column":2},"end":{"line":2926,"column":29}},"1051":{"start":{"line":2929,"column":26},"end":{"line":2931,"column":1}},"1052":{"start":{"line":2930,"column":2},"end":{"line":2930,"column":42}},"1053":{"start":{"line":2933,"column":22},"end":{"line":2935,"column":1}},"1054":{"start":{"line":2934,"column":2},"end":{"line":2934,"column":35}},"1055":{"start":{"line":2937,"column":14},"end":{"line":2939,"column":1}},"1056":{"start":{"line":2938,"column":2},"end":{"line":2938,"column":27}},"1057":{"start":{"line":2941,"column":17},"end":{"line":2943,"column":1}},"1058":{"start":{"line":2942,"column":2},"end":{"line":2942,"column":33}},"1059":{"start":{"line":2945,"column":13},"end":{"line":2947,"column":1}},"1060":{"start":{"line":2946,"column":2},"end":{"line":2946,"column":23}},"1061":{"start":{"line":2949,"column":15},"end":{"line":2951,"column":1}},"1062":{"start":{"line":2950,"column":2},"end":{"line":2950,"column":25}},"1063":{"start":{"line":2953,"column":14},"end":{"line":2953,"column":23}},"1064":{"start":{"line":2955,"column":27},"end":{"line":2984,"column":1}},"1065":{"start":{"line":2993,"column":27},"end":{"line":2993,"column":73}},"1066":{"start":{"line":2994,"column":29},"end":{"line":2994,"column":49}},"1067":{"start":{"line":2996,"column":19},"end":{"line":2996,"column":33}},"1068":{"start":{"line":2998,"column":0},"end":{"line":3018,"column":1}},"1069":{"start":{"line":2999,"column":31},"end":{"line":2999,"column":53}},"1070":{"start":{"line":3001,"column":27},"end":{"line":3001,"column":29}},"1071":{"start":{"line":3002,"column":12},"end":{"line":3002,"column":63}},"1072":{"start":{"line":3004,"column":2},"end":{"line":3017,"column":4}},"1073":{"start":{"line":3005,"column":18},"end":{"line":3005,"column":36}},"1074":{"start":{"line":3007,"column":4},"end":{"line":3009,"column":5}},"1075":{"start":{"line":3008,"column":6},"end":{"line":3008,"column":29}},"1076":{"start":{"line":3011,"column":4},"end":{"line":3016,"column":18}},"1077":{"start":{"line":3015,"column":6},"end":{"line":3015,"column":31}},"1078":{"start":{"line":3033,"column":2},"end":{"line":3067,"column":3}},"1079":{"start":{"line":3034,"column":4},"end":{"line":3066,"column":5}},"1080":{"start":{"line":3035,"column":6},"end":{"line":3065,"column":7}},"1081":{"start":{"line":3040,"column":8},"end":{"line":3052,"column":9}},"1082":{"start":{"line":3043,"column":10},"end":{"line":3047,"column":11}},"1083":{"start":{"line":3044,"column":22},"end":{"line":3044,"column":246}},"1084":{"start":{"line":3045,"column":12},"end":{"line":3045,"column":45}},"1085":{"start":{"line":3046,"column":12},"end":{"line":3046,"column":22}},"1086":{"start":{"line":3049,"column":10},"end":{"line":3049,"column":119}},"1087":{"start":{"line":3051,"column":10},"end":{"line":3051,"column":21}},"1088":{"start":{"line":3054,"column":8},"end":{"line":3056,"column":9}},"1089":{"start":{"line":3055,"column":10},"end":{"line":3055,"column":410}},"1090":{"start":{"line":3058,"column":8},"end":{"line":3064,"column":9}},"1091":{"start":{"line":3061,"column":10},"end":{"line":3061,"column":51}},"1092":{"start":{"line":3062,"column":22},"end":{"line":3062,"column":48}},"1093":{"start":{"line":3063,"column":10},"end":{"line":3063,"column":104}},"1094":{"start":{"line":3076,"column":0},"end":{"line":3080,"column":2}},"1095":{"start":{"line":3077,"column":2},"end":{"line":3079,"column":3}},"1096":{"start":{"line":3078,"column":4},"end":{"line":3078,"column":28}},"1097":{"start":{"line":3082,"column":23},"end":{"line":3082,"column":37}},"1098":{"start":{"line":3084,"column":24},"end":{"line":4951,"column":2}},"1099":{"start":{"line":3086,"column":0},"end":{"line":4950,"column":1}},"1100":{"start":{"line":3087,"column":2},"end":{"line":4949,"column":7}},"1101":{"start":{"line":3089,"column":18},"end":{"line":3089,"column":30}},"1102":{"start":{"line":3091,"column":25},"end":{"line":3091,"column":41}},"1103":{"start":{"line":30
[...]
279":0,"1280":0,"1281":0,"1282":0,"1283":0,"1284":0,"1285":0,"1286":0,"1287":0,"1288":0,"1289":0,"1290":0,"1291":0,"1292":0,"1293":0,"1294":0,"1295":0,"1296":0,"1297":0,"1298":0,"1299":0,"1300":0,"1301":0,"1302":1,"1303":0,"1304":0,"1305":0,"1306":0,"1307":0,"1308":0,"1309":0,"1310":0,"1311":0,"1312":0,"1313":0,"1314":0,"1315":0,"1316":0,"1317":0,"1318":0,"1319":0,"1320":0,"1321":0,"1322":0,"1323":0,"1324":0,"1325":0,"1326":0,"1327":0,"1328":0,"1329":0,"1330":0,"1331":0,"1332":0,"1333":0,"1334":0,"1335":0,"1336":0,"1337":0,"1338":0,"1339":0,"1340":0,"1341":0,"1342":0,"1343":0,"1344":0,"1345":0,"1346":0,"1347":0,"1348":0,"1349":0,"1350":0,"1351":0,"1352":0,"1353":0,"1354":0,"1355":0,"1356":0,"1357":0,"1358":0,"1359":0,"1360":0,"1361":0,"1362":0,"1363":0,"1364":0,"1365":0,"1366":0,"1367":0,"1368":0,"1369":0,"1370":0,"1371":0,"1372":0,"1373":0,"1374":0,"1375":0,"1376":0,"1377":0,"1378":0,"1379":0,"1380":0,"1381":0,"1382":0,"1383":0,"1384":0,"1385":1,"1386":1,"1387":0,"1388":0,"1389":0,"1390":0,"1391":0,"1392":1,"1393":1,"1394":0,"1395":1,"1396":1,"1397":0,"1398":0,"1399":0,"1400":0,"1401":0,"1402":0,"1403":0,"1404":0,"1405":0,"1406":0,"1407":0,"1408":0,"1409":0,"1410":0,"1411":0,"1412":0,"1413":0,"1414":0,"1415":0,"1416":0,"1417":0,"1418":0,"1419":0,"1420":0,"1421":0,"1422":0,"1423":0,"1424":0,"1425":0,"1426":0,"1427":0,"1428":0,"1429":0,"1430":0,"1431":0,"1432":0,"1433":0,"1434":0,"1435":0,"1436":0,"1437":0,"1438":0,"1439":0,"1440":0,"1441":0,"1442":0,"1443":0,"1444":0,"1445":0,"1446":0,"1447":0,"1448":0,"1449":0,"1450":0,"1451":0,"1452":0,"1453":0,"1454":0,"1455":0,"1456":0,"1457":0,"1458":0,"1459":0,"1460":0,"1461":0,"1462":0,"1463":0,"1464":0,"1465":0,"1466":0,"1467":0,"1468":0,"1469":0,"1470":0,"1471":0,"1472":0,"1473":0,"1474":0,"1475":0,"1476":0,"1477":0,"1478":0,"1479":0,"1480":0,"1481":0,"1482":0,"1483":0,"1484":0,"1485":0,"1486":0,"1487":0,"1488":0,"1489":0,"1490":0,"1491":0,"1492":0,"1493":0,"1494":0,"1495":0,"1496":0,"1497":0,"1498":0,"1499":0,"1500":0,"1501":0,"1502":0,"1503":0,"1504":0,"1505":0,"1506":0,"1507":0,"1508":0,"1509":0,"1510":0,"1511":0,"1512":0,"1513":0,"1514":0,"1515":0,"1516":0,"1517":0,"1518":0,"1519":0,"1520":0,"1521":0,"1522":0,"1523":0,"1524":0,"1525":0,"1526":0,"1527":0,"1528":0,"1529":0,"1530":0,"1531":0,"1532":0,"1533":0,"1534":0,"1535":0,"1536":0,"1537":0,"1538":0,"1539":0,"1540":0,"1541":0,"1542":0,"1543":0,"1544":0,"1545":0,"1546":0,"1547":0,"1548":0,"1549":0,"1550":0,"1551":0,"1552":0,"1553":0,"1554":0,"1555":0,"1556":0,"1557":0,"1558":0,"1559":0,"1560":0,"1561":0,"1562":0,"1563":0,"1564":0,"1565":0,"1566":0,"1567":0,"1568":0,"1569":0,"1570":0,"1571":0,"1572":0,"1573":0,"1574":0,"1575":0,"1576":0,"1577":0,"1578":0,"1579":0,"1580":0,"1581":0,"1582":0,"1583":0,"1584":0,"1585":1,"1586":0,"1587":0,"1588":0,"1589":0,"1590":0,"1591":0,"1592":0,"1593":0,"1594":0,"1595":0,"1596":0,"1597":0,"1598":0,"1599":1,"1600":0,"1601":0,"1602":0,"1603":0,"1604":0,"1605":0,"1606":0,"1607":0,"1608":0,"1609":0,"1610":0,"1611":0,"1612":0,"1613":0,"1614":0,"1615":0,"1616":0,"1617":0,"1618":0,"1619":0,"1620":0,"1621":0,"1622":0,"1623":0,"1624":0,"1625":0,"1626":0,"1627":0,"1628":0,"1629":0,"1630":0,"1631":0,"1632":0,"1633":0,"1634":0,"1635":0,"1636":0,"1637":0,"1638":0,"1639":0,"1640":0,"1641":0,"1642":0,"1643":0,"1644":0,"1645":0,"1646":0,"1647":0,"1648":0,"1649":0,"1650":0,"1651":0,"1652":0,"1653":0,"1654":0,"1655":0,"1656":0,"1657":0,"1658":0,"1659":0,"1660":0,"1661":0,"1662":0,"1663":0,"1664":0,"1665":0,"1666":0,"1667":0,"1668":0,"1669":0,"1670":0,"1671":0,"1672":0,"1673":0,"1674":0,"1675":0,"1676":0,"1677":0,"1678":0,"1679":0,"1680":0,"1681":0,"1682":0,"1683":0,"1684":0,"1685":0,"1686":0,"1687":0,"1688":0,"1689":0,"1690":0,"1691":0,"1692":0,"1693":0,"1694":0,"1695":0,"1696":1,"1697":0,"1698":0,"1699":0,"1700":0,"1701":0,"1702":0,"1703":0,"1704":0,"1705":0,"1706":0,"1707":0,"1708":0,"1709":0,"1710":0,"1711":0,"1712":0,"1713":1,"1714":1,"1715":1,"1716":1,"1717":1,"1718":1,"1719":1,"1720":1,"1721":1,"1722":1,"1723":1,"1724":1,"1725":1,"1726":1,"1727":1,"1728":1,"1729":1,"1730":1,"1731":1,"1732":1,"1733":1,"1734":1,"1735":1,"1736":1,"1737":1,"1738":1,"1739":1,"1740":1,"1741":1,"1742":1,"1743":1,"1744":1,"1745":1,"1746":1,"1747":1,"1748":1,"1749":1,"1750":1,"1751":1,"1752":1,"1753":0,"1754":1,"1755":1,"1756":0,"1757":0,"1758":0,"1759":1,"1760":1,"1761":0,"1762":0,"1763":0,"1764":0,"1765":0,"1766":0,"1767":0,"1768":0,"1769":1,"1770":1,"1771":0,"1772":0,"1773":0,"1774":0,"1775":0,"1776":0,"1777":0,"1778":0,"1779":0,"1780":0,"1781":1,"1782":1,"1783":0,"1784":0,"1785":0,"1786":0,"1787":0,"1788":0,"1789":0,"1790":0,"1791":0,"1792":0,"1793":0,"1794":0,"1795":0,"1796":0,"1797":0,"1798":0,"1799":0,"1800":0,"1801":0,"1802":0,"1803":0,"1804":0,"1805":0,"1806":0,"1807":0,"1808":0,"1809":1,"1810":1,"1811":0,"1812":0,"1813":0,"1814":0,"1815":0,"1816":0,"1817":0,"1818":0,"1819":0,"1820":1,"1821":0,"1822":0,"1823":0,"1824":0,"1825":0,"1826":1,"1827":1,"1828":0,"1829":1,"1830":1,"1831":0,"1832":1,"1833":1,"1834":12,"1835":12,"1836":12,"1837":12,"1838":12,"1839":12,"1840":12,"1841":12,"1842":12,"1843":12,"1844":60,"1845":12,"1846":12,"1847":3,"1848":12,"1849":12,"1850":12,"1851":2,"1852":12,"1853":12,"1854":12,"1855":7,"1856":1,"1857":0,"1858":0,"1859":0,"1860":1,"1861":0,"1862":1,"1863":107,"1864":1,"1865":34,"1866":1,"1867":0,"1868":1,"1869":17,"1870":17,"1871":1,"1872":9,"1873":1,"1874":0,"1875":1,"1876":0,"1877":1,"1878":0,"1879":1,"1880":0,"1881":0,"1882":1,"1883":0,"1884":0,"1885":1,"1886":30,"1887":1,"1888":0,"1889":1,"1890":0,"1891":0,"1892":0,"1893":0,"1894":0,"1895":1,"1896":1,"1897":1,"1898":14,"1899":0,"1900":14,"1901":14,"1902":14,"1903":14,"1904":14,"1905":14,"1906":14,"1907":14,"1908":14,"1909":14,"1910":14,"1911":14,"1912":14,"1913":14,"1914":14,"1915":1,"1916":11,"1917":0,"1918":11,"1919":11,"1920":1,"1921":1,"1922":0,"1923":1,"1924":1,"1925":1,"1926":1,"1927":1,"1928":1,"1929":2,"1930":0,"1931":2,"1932":2,"1933":2,"1934":2,"1935":2,"1936":1,"1937":1,"1938":1,"1939":1,"1940":1,"1941":1,"1942":1,"1943":1,"1944":1,"1945":1,"1946":1,"1947":1,"1948":1,"1949":1,"1950":1,"1951":1,"1952":1,"1953":1,"1954":1,"1955":1,"1956":1,"1957":1,"1958":1,"1959":1,"1960":1,"1961":1,"1962":1,"1963":1,"1964":1,"1965":1,"1966":1,"1967":1,"1968":32,"1969":32,"1970":1,"1971":1,"1972":1,"1973":1,"1974":1,"1975":1,"1976":1,"1977":1},"f":{"0":22,"1":0,"2":0,"3":0,"4":0,"5":0,"6":0,"7":0,"8":1,"9":2,"10":0,"11":2,"12":0,"13":0,"14":0,"15":1,"16":75741,"17":0,"18":0,"19":0,"20":0,"21":0,"22":0,"23":0,"24":0,"25":0,"26":0,"27":0,"28":0,"29":0,"30":3,"31":0,"32":0,"33":0,"34":0,"35":0,"36":0,"37":0,"38":0,"39":1,"40":1,"41":0,"42":0,"43":0,"44":0,"45":4,"46":0,"47":26,"48":0,"49":0,"50":0,"51":0,"52":0,"53":0,"54":0,"55":0,"56":32,"57":0,"58":0,"59":0,"60":0,"61":0,"62":1,"63":0,"64":0,"65":75741,"66":302964,"67":7256,"68":1,"69":75741,"70":7256,"71":1,"72":3,"73":1,"74":1,"75":1,"76":0,"77":0,"78":1,"79":1,"80":1,"81":1,"82":0,"83":1,"84":1,"85":1,"86":1,"87":1,"88":1,"89":1,"90":1,"91":1,"92":1,"93":0,"94":1,"95":1,"96":1,"97":1,"98":1,"99":1,"100":0,"101":1,"102":1,"103":1,"104":0,"105":1,"106":1,"107":1,"108":1,"109":1,"110":1,"111":1,"112":1,"113":1,"114":1,"115":1,"116":0,"117":1,"118":1,"119":1,"120":1,"121":1,"122":1,"123":1,"124":1,"125":1,"126":0,"127":1,"128":2,"129":1,"130":1,"131":1,"132":1,"133":0,"134":1,"135":1,"136":1,"137":1,"138":1,"139":1,"140":1,"141":1,"142":1,"143":1,"144":1,"145":1,"146":1,"147":1,"148":1,"149":5,"150":1,"151":0,"152":1,"153":3,"154":0,"155":1,"156":1,"157":1,"158":1,"159":1,"160":1,"161":4,"162":4,"163":2,"164":1,"165":1,"166":12,"167":12,"168":1,"169":1,"170":9,"171":0,"172":0,"173":0,"174":0,"175":0,"176":0,"177":0,"178":0,"179":0,"180":0,"181":0,"182":0,"183":0,"184":0,"185":0,"186":0,"187":0,"188":0,"189":0,"190":0,"191":0,"192":0,"193":0,"194":0,"195":0,"196":0,"197":0,"198":0,"199":0,"200":0,"201":0,"202":0,"203":0,"204":0,"205":0,"206":0,"207":0,"208":1,"209":1,"210":1,"211":0,"212":0,"213":0,"214":0,"215":0,"216":0,"217":0,"218":0,"219":0,"220":0,"221":0,"222":0,"223":0,"224":0,"225":0,"226":0,"227":0,"228":0,"229":0,"230":0,"231":0,"232":0,"233":0,"234":2,"235":0,"236":0,"237":0,"238":1,"239":10,"240":20,"241":0,"242":0,"243":0,"244":0,"245":0,"246":0,"247":0,"248":0,"249":0,"250":1,"251":0,"252":0,"253":0,"254":0,"255":0,"256":0,"257":0,"258":0,"259":0,"260":0,"261":0,"262":0,"263":0,"264":0,"265":0,"266":0,"267":0,"268":0,"269":0,"270":0,"271":0,"272":0,"273":0,"274":0,"275":0,"276":0,"277":0,"278":0,"279":0,"280":0,"281":0,"282":0,"283":0,"284":0,"285":0,"286":0,"287":0,"288":0,"289":0,"290":0,"291":0,"292":0,"293":0,"294":0,"295":1,"296":1,"297":0,"298":0,"299":0,"300":0,"301":0,"302":0,"303":0,"304":0,"305":0,"306":0,"307":0,"308":0,"309":0,"310":0,"311":0,"312":0,"313":0,"314":0,"315":0,"316":0,"317":2,"318":0,"319":1,"320":0,"321":0,"322":0,"323":0,"324":0,"325":0,"326":0,"327":0,"328":0,"329":0,"330":0,"331":0,"332":0,"333":0,"334":0,"335":0,"336":0,"337":0,"338":0,"339":0,"340":0,"341":0,"342":0,"343":0,"344":0,"345":0,"346":0,"347":0,"348":0,"349":0,"350":0,"351":0,"352":0,"353":0,"354":0,"355":0,"356":0,"357":0,"358":0,"359":0,"360":0,"361":0,"362":0,"363":0,"364":0,"365":0,"366":0,"367":0,"368":0,"369":0,"370":0,"371":0,"372":0,"373":0,"374":0,"375":0,"376":0,"377":0,"378":0,"379":0,"380":0,"381":0,"382":0,"383":0,"384":0,"385":0,"386":0,"387":0,"388":0,"389":0,"390":0,"391":0,"392":0,"393":0,"394":1,"395":0,"396":0,"397":0,"398":0,"399":0,"400":0,"401":0,"402":0,"403":0,"404":0,"405":0,"406":0,"407":0,"408":0,"409":0,"410":0,"411":0,"412":0,"413":1,"414":0,"415":1,"416":0,"417":1,"418":12,"419":12,"420":60,"421":12,"422":12,"423":12,"424":0,"425":0,"426":107,"427":34,"428":0,"429":17,"430":9,"431":0,"432":0,"433":0,"434":0,"435":0,"436":30,"437":0,"438":0,"439":1,"440":14,"441":11,"442":1,"443":2,"444":1,"445":32},"b":{"0":[0,22],"1":[22,22,6],"2":[2,0],"3":[2,2],"4":[0,0],"5":[2,0],"6":[0,0],"7":[0,0],"8":[0,0],"9":[0,0],"10":[0,0],"11":[0,0],"12":[0,0],"13":[0,0],"14":[0,0],"15":[0,0],"16":[0,0],"17":[0,0],"18":[0,0],"19":[0,0],"20":[0,0],"21":[0,0],"22":[0,0],"23":[0,0],"24":[0,0],"25":[0,0],"26":[0,0],"27":[0,0],"28":[0,0],"29":[0,0],"30":[0,0],"31":[0,0],"32":[0,0],"33":[0,0],"34":[0,0],"35":[0,0],"36":[0,0],"37":[0,0],"38":[0,0],"39":[0,0],"40":[0,0],"41":[0,0],"42":[0,0],"43":[0,0],"44":[0,0],"45":[0,0],"46":[0,0],"47":[0,0],"48":[0,0],"49":[0,0],"50":[0,0],"51":[0,0],"52":[0,0],"53":[0,0],"54":[0,0],"55":[0,0],"56":[0,0],"57":[0,0],"58":[0,0],"59":[0,0],"60":[0,0],"61":[0,0],"62":[0,0],"63":[0,0],"64":[0,0],"65":[0,0],"66":[0,0],"67":[0,0],"68":[0,0],"69":[0,0],"70":[0,0],"71":[0,0],"72":[0,0],"73":[0,0],"74":[0,0],"75":[0,0],"76":[0,0],"77":[0,0],"78":[0,0],"79":[0,0],"80":[0,0],"81":[0,0],"82":[0,0],"83":[0,0],"84":[0,0],"85":[0,0],"86":[0,0],"87":[0,0],"88":[0,0],"89":[0,0],"90":[0,0],"91":[0,0],"92":[0,0],"93":[0,0],"94":[0,0],"95":[0,0],"96":[0,0],"97":[0,0],"98":[0,0],"99":[0,0],"100":[0,0],"101":[0,0],"102":[0,0],"103":[0,0],"104":[0,0],"105":[0,0],"106":[0,0],"107":[0,0],"108":[0,0],"109":[0,0],"110":[0,0],"111":[0,0],"112":[0,0],"113":[0,0],"114":[0,0],"115":[0,0],"116":[0,0],"117":[0,0],"118":[0,0],"119":[0,0],"120":[0,0],"121":[0,0],"122":[0,0],"123":[0,0],"124":[0,0],"125":[0,0],"126":[0,0],"127":[0,0],"128":[0,0],"129":[0,0],"130":[0,0],"131":[0,0],"132":[0,0],"133":[0,0],"134":[0,0],"135":[0,0],"136":[0,0],"137":[0,0],"138":[0,0],"139":[0,0],"140":[0,0],"141":[0,0],"142":[0,0],"143":[2,1],"144":[0,0],"145":[0,0],"146":[0,0],"147":[0,0],"148":[0,0],"149":[0,0],"150":[0,0],"151":[0,0],"152":[0,0],"153":[0,0],"154":[0,0],"155":[0,0],"156":[0,0],"157":[0,0],"158":[0,0],"159":[0,0],"160":[0,0],"161":[0,0],"162":[0,0],"163":[0,0],"164":[0,0],"165":[0,4],"166":[0,0],"167":[26,0],"168":[0,0],"169":[0,0],"170":[0,0],"171":[0,0],"172":[0,0],"173":[0,0],"174":[0,0],"175":[0,0],"176":[0,0],"177":[0,0],"178":[7256,0],"179":[1,0],"180":[1,1],"181":[1,0],"182":[1,1],"183":[1,0],"184":[1,0],"185":[1,1],"186":[1,1],"187":[1,0],"188":[1,1],"189":[0,1],"190":[1,0],"191":[0,1],"192":[1,1],"193":[0,1],"194":[1,0],"195":[0,3],"196":[0,1],"197":[0,1],"198":[0,1],"199":[0,1],"200":[0,1],"201":[0,0],"202":[0,1],"203":[0,1],"204":[0,1],"205":[0,1],"206":[1,1],"207":[0,1],"208":[1,1],"209":[0,1],"210":[1,1],"211":[0,1],"212":[1,1],"213":[0,1],"214":[1,1],"215":[0,1],"216":[1,1],"217":[0,1],"218":[1,1],"219":[0,1],"220":[1,1],"221":[0,1],"222":[1,1],"223":[0,1],"224":[1,1],"225":[0,1],"226":[1,1],"227":[0,1],"228":[1,1],"229":[0,1],"230":[1,1],"231":[0,1],"232":[1,1],"233":[0,1],"234":[1,1],"235":[0,1],"236":[1,1],"237":[1,0],"238":[1,0],"239":[0,1],"240":[1,0,0,0,0],"241":[0,1],"242":[0,1],"243":[1,1],"244":[0,1],"245":[1,0,0,0,0],"246":[0,1],"247":[1,1],"248":[1,1],"249":[1,0],"250":[0,1],"251":[1,0],"252":[1,0],"253":[1,1],"254":[1,0],"255":[1,1],"256":[1,0],"257":[3,2],"258":[0,1],"259":[0,1],"260":[0,1],"261":[3,1],"262":[0,1],"263":[1,1],"264":[0,0],"265":[0,0],"266":[0,0],"267":[0,0],"268":[0,0],"269":[0,0],"270":[0,0],"271":[0,0],"272":[0,0],"273":[0,0],"274":[0,0],"275":[0,0],"276":[0,0],"277":[0,0],"278":[0,0],"279":[0,0],"280":[0,0],"281":[0,0],"282":[0,0],"283":[0,0],"284":[0,0],"285":[0,0],"286":[0,0],"287":[0,0],"288":[0,0],"289":[0,0],"290":[0,0],"291":[0,0],"292":[0,0],"293":[0,0],"294":[0,0],"295":[0,0],"296":[0,0],"297":[0,0],"298":[0,0],"299":[0,0],"300":[0,0],"301":[0,0],"302":[0,0],"303":[0,0],"304":[0,0],"305":[0,0],"306":[0,0],"307":[0,0],"308":[0,0],"309":[0,0],"310":[0,0],"311":[0,0],"312":[0,0],"313":[0,0],"314":[0,0],"315":[0,0],"316":[0,0],"317":[0,0],"318":[0,0],"319":[0,0],"320":[0,0],"321":[0,0],"322":[0,0],"323":[0,0],"324":[0,0],"325":[0,0],"326":[0,0],"327":[0,0],"328":[0,0],"329":[0,0],"330":[0,0],"331":[0,0],"332":[0,0,0],"333":[0,0,0],"334":[0,0],"335":[0,0],"336":[0,0],"337":[0,0],"338":[0,0],"339":[1,0],"340":[0,1],"341":[0,1],"342":[0,0],"343":[0,0],"344":[0,0],"345":[0,0],"346":[0,0],"347":[0,0],"348":[0,0],"349":[0,0],"350":[0,0],"351":[0,0],"352":[0,0],"353":[0,0],"354":[0,0],"355":[0,0],"356":[0,0],"357":[0,0],"358":[0,0],"359":[0,0],"360":[0,0],"361":[0,0],"362":[0,0],"363":[0,0],"364":[0,0],"365":[0,0],"366":[0,0],"367":[0,0],"368":[0,0],"369":[0,0],"370":[0,0],"371":[0,0],"372":[0,0],"373":[0,0],"374":[0,0],"375":[0,0],"376":[0,0],"377":[0,0],"378":[0,0],"379":[0,0],"380":[0,0],"381":[0,0],"382":[0,0],"383":[0,0],"384":[0,0],"385":[0,0],"386":[0,0],"387":[0,0],"388":[0,0],"389":[0,0],"390":[0,0],"391":[0,0],"392":[0,0],"393":[0,0],"394":[0,0],"395":[0,0],"396":[0,0],"397":[0,0],"398":[0,0],"399":[0,0],"400":[0,0],"401":[0,0],"402":[0,0,0],"403":[0,0],"404":[0,0],"405":[0,0],"406":[0,0],"407":[0,0],"408":[0,0],"409":[0,0],"410":[0,0],"411":[0,0],"412":[0,0],"413":[0,0],"414":[0,0],"415":[0,0],"416":[0,0],"417":[0,0],"418":[0,0],"419":[0,0,0],"420":[0,0],"421":[0,0],"422":[0,0],"423":[0,0],"424":[0,0],"425":[0,0],"426":[0,0],"427":[0,0],"428":[0,0],"429":[0,0],"430":[0,0],"431":[0,0],"432":[0,0],"433":[0,0],"434":[0,0],"435":[0,0],"436":[0,0],"437":[0,0],"438":[0,0],"439":[0,0],"440":[0,0],"441":[0,0],"442":[0,0],"443":[0,0],"444":[0,0],"445":[0,0],"446":[0,0],"447":[0,0],"448":[0,0],"449":[0,0],"450":[0,0],"451":[0,0],"452":[0,0],"453":[0,0],"454":[0,0,0],"455":[0,0],"456":[0,0],"457":[0,0],"458":[0,0],"459":[0,0],"460":[0,0],"461":[0,0],"462":[0,0],"463":[0,0],"464":[0,0],"465":[0,0],"466":[0,1],"467":[0,1],"468":[0,1],"469":[0,1],"470":[1,0],"471":[0,0],"472":[0,0],"473":[0,0],"474":[1,1],"475":[1,0],"476":[1,0],"477":[1,0],"478":[1,0],"479":[1,0],"480":[1,0],"481":[1,0],"482":[1,0],"483":[1,0],"484":[1,0],"485":[1,0],"486":[1,1],"487":[0,0],"488":[0,0],"489":[0,0,0],"490":[0,0],"491":[0,0],"492":[0,0],"493":[0,0],"494":[0,0,0],"495":[0,0],"496":[0,0],"497":[0,0],"498":[0,0],"499":[0,0],"500":[0,0,0],"501":[0,0],"502":[0,0],"503":[0,0],"504":[0,0],"505":[0,0],"506":[0,0,0],"507":[0,0],"508":[0,0],"509":[0,0],"510":[0,0],"511":[0,0],"512":[0,0],"513":[0,0],"514":[0,0],"515":[0,0,0],"516":[0,0],"517":[0,0],"518":[0,0],"519":[0,0],"520":[0,0],"521":[0,0,0],"522":[0,0],"523":[0,0],"524":[0,0],"525":[0,0],"526":[0,0,0],"527":[0,0],"528":[0,0],"529":[0,0],"530":[0,0],"531":[0,0],"532":[0,0],"533":[0,0],"534":[0,0],"535":[0,0],"536":[0,0],"537":[0,0],"538":[0,0],"539":[0,0,0],"540":[0,0],"541":[0,0],"542":[0,0],"543":[0,0],"544":[0,0],"545":[0,0],"546":[1,0],"547":[0,0],"548":[0,0],"549":[0,0],"550":[0,0],"551":[0,0],"552":[0,0],"553":[0,0],"554":[0,0],"555":[0,0],"556":[0,0],"557":[0,0],"558":[0,0],"559":[0,0],"560":[1,0],"561":[1,1],"562":[1,0],"563":[1,0],"564":[1,0],"565":[1,0],"566":[1,0],"567":[1,0],"568":[1,0],"569":[1,0],"570":[1,0],"571":[1,0],"572":[1,0],"573":[1,0],"574":[1,0],"575":[1,0],"576":[1,0],"577":[1,0],"578":[1,0],"579":[1,1],"580":[0,0],"581":[0,0],"582":[0,0,0],"583":[0,0],"584":[0,0],"585":[0,0],"586":[0,0],"587":[0,0],"588":[0,0],"589":[0,0],"590":[0,0],"591":[0,0,0],"592":[0,0],"593":[0,0],"594":[0,0],"595":[0,0],"596":[0,0],"597":[0,0,0],"598":[0,0],"599":[0,0,0,0,0,0],"600":[0,0],"601":[0,0,0,0,0,0],"602":[0,0],"603":[0,0],"604":[0,0],"605":[0,0],"606":[0,0],"607":[0,0],"608":[0,0],"609":[0,0,0],"610":[0,0],"611":[0,0],"612":[0,0,0,0],"613":[0,0],"614":[0,0],"615":[0,0],"616":[0,0,0],"617":[2,0],"618":[0,0],"619":[0,0],"620":[0,0],"621":[0,0],"622":[0,0],"623":[0,0],"624":[0,0],"625":[0,0],"626":[0,0],"627":[0,0],"628":[0,0,0,0],"629":[0,0],"630":[0,0],"631":[0,0],"632":[0,0],"633":[0,0],"634":[0,0],"635":[0,0],"636":[0,0],"637":[0,0],"638":[0,0],"639":[0,0],"640":[0,0],"641":[0,0],"642":[0,0],"643":[0,0],"644":[0,0],"645":[0,0],"646":[0,0],"647":[0,0,0],"648":[0,0],"649":[0,0],"650":[0,0],"651":[0,0],"652":[0,0],"653":[0,0],"654":[0,0],"655":[0,0],"656":[0,0],"657":[0,0],"658":[0,0],"659":[0,0],"660":[0,0],"661":[0,0],"662":[0,0],"663":[0,0,0],"664":[0,0],"665":[0,0],"666":[0,0],"667":[0,0],"668":[0,0],"669":[0,0,0],"670":[0,0],"671":[0,0],"672":[0,0],"673":[0,0],"674":[0,0],"675":[0,0],"676":[0,0],"677":[0,0],"678":[0,0],"679":[0,0],"680":[0,0],"681":[0,0],"682":[0,0,0],"683":[0,0],"684":[0,0],"685":[0,0],"686":[0,0],"687":[0,0],"688":[0,0,0],"689":[0,0],"690":[0,0],"691":[0,0],"692":[0,0],"693":[0,0],"694":[0,0],"695":[0,0],"696":[0,0],"697":[0,0],"698":[0,0],"699":[0,0],"700":[0,0],"701":[0,0],"702":[0,0],"703":[0,0],"704":[0,0],"705":[0,0],"706":[0,0],"707":[0,0,0,0,0,0,0,0,0,0,0,0,0,0,0,0,0,0,0],"708":[0,0],"709":[0,0],"710":[0,0],"711":[0,0],"712":[0,0],"713":[0,0],"714":[0,0],"715":[0,0],"716":[0,0],"717":[0,0],"718":[0,0],"719":[0,0],"720":[0,0],"721":[0,0],"722":[0,0],"723":[0,0],"724":[0,0],"725":[0,0],"726":[0,0],"727":[0,0],"728":[0,0,0],"729":[0,0],"730":[0,0],"731":[0,0,0],"732":[0,0],"733":[0,0],"734":[0,0],"735":[0,0],"736":[0,0],"737":[0,0],"738":[0,0],"739":[0,0],"740":[0,0],"741":[0,0],"742":[0,0,0],"743":[0,0],"744":[0,0],"745":[0,0,0],"746":[0,0],"747":[0,0],"748":[0,0],"749":[0,0],"750":[0,0],"751":[0,0],"752":[0,0],"753":[0,0],"754":[0,0],"755":[0,0],"756":[0,0],"757":[0,0,0,0],"758":[0,0],"759":[0,0],"760":[0,0],"761":[0,0],"762":[0,0],"763":[0,0],"764":[0,0],"765":[0,0],"766":[0,0],"767":[0,0],"768":[0,1],"769":[0,0],"770":[0,0],"771":[0,0],"772":[0,0],"773":[0,0],"774":[0,0],"775":[0,0],"776":[0,0],"777":[0,0],"778":[0,0],"779":[0,0],"780":[0,0],"781":[0,0],"782":[0,0],"783":[0,0],"784":[0,0],"785":[0,0],"786":[0,0],"787":[0,0],"788":[0,0],"789":[0,0],"790":[0,0],"791":[0,0],"792":[0,0],"793":[0,0],"794":[0,0],"795":[0,0],"796":[0,0],"797":[0,0],"798":[0,0],"799":[0,0],"800":[0,0],"801":[0,0],"802":[0,0],"803":[0,0],"804":[0,0],"805":[0,0],"806":[0,0],"807":[0,0],"808":[0,0],"809":[0,0],"810":[0,0],"811":[0,0],"812":[60,38],"813":[3,9],"814":[2,10],"815":[7,5],"816":[12,7],"817":[7,5],"818":[0,0],"819":[0,0],"820":[0,9],"821":[0,0],"822":[0,0],"823":[0,14],"824":[0,11],"825":[0,1],"826":[0,2]},"_coverageSchema":"1a1c01bbd47fc00a2c39e90264f33305004495a9","hash":"1868ebefbd94cf7004f072014655c850125c49c1","contentHash":"a6903d8a46e2980b624c65a19065bfbcf2a6a295d579634d6790b03631591907"}}