{"/Users/kellymears/code/projects/cli/bud/bud/packages/bud/dist/index.js":{"path":"/Users/kellymears/code/projects/cli/bud/bud/packages/bud/dist/index.js","statementMap":{"0":{"start":{"line":3,"column":0},"end":{"line":3,"column":62}},"1":{"start":{"line":5,"column":32},"end":{"line":5,"column":112}},"2":{"start":{"line":7,"column":12},"end":{"line":7,"column":28}},"3":{"start":{"line":8,"column":11},"end":{"line":8,"column":26}},"4":{"start":{"line":9,"column":20},"end":{"line":9,"column":41}},"5":{"start":{"line":10,"column":15},"end":{"line":10,"column":51}},"6":{"start":{"line":11,"column":15},"end":{"line":11,"column":34}},"7":{"start":{"line":12,"column":19},"end":{"line":12,"column":43}},"8":{"start":{"line":13,"column":13},"end":{"line":13,"column":30}},"9":{"start":{"line":14,"column":14},"end":{"line":14,"column":33}},"10":{"start":{"line":15,"column":11},"end":{"line":15,"column":43}},"11":{"start":{"line":16,"column":12},"end":{"line":16,"column":28}},"12":{"start":{"line":17,"column":13},"end":{"line":17,"column":47}},"13":{"start":{"line":18,"column":31},"end":{"line":18,"column":86}},"14":{"start":{"line":19,"column":25},"end":{"line":19,"column":56}},"15":{"start":{"line":20,"column":24},"end":{"line":20,"column":71}},"16":{"start":{"line":21,"column":14},"end":{"line":21,"column":32}},"17":{"start":{"line":22,"column":23},"end":{"line":22,"column":47}},"18":{"start":{"line":23,"column":32},"end":{"line":23,"column":90}},"19":{"start":{"line":24,"column":27},"end":{"line":24,"column":78}},"20":{"start":{"line":25,"column":21},"end":{"line":25,"column":72}},"21":{"start":{"line":26,"column":19},"end":{"line":26,"column":68}},"22":{"start":{"line":27,"column":22},"end":{"line":27,"column":75}},"23":{"start":{"line":28,"column":21},"end":{"line":28,"column":72}},"24":{"start":{"line":29,"column":12},"end":{"line":29,"column":28}},"25":{"start":{"line":30,"column":21},"end":{"line":30,"column":43}},"26":{"start":{"line":31,"column":10},"end":{"line":31,"column":24}},"27":{"start":{"line":32,"column":16},"end":{"line":32,"column":54}},"28":{"start":{"line":33,"column":15},"end":{"line":33,"column":56}},"29":{"start":{"line":34,"column":26},"end":{"line":34,"column":79}},"30":{"start":{"line":35,"column":25},"end":{"line":35,"column":65}},"31":{"start":{"line":36,"column":27},"end":{"line":36,"column":77}},"32":{"start":{"line":37,"column":27},"end":{"line":37,"column":77}},"33":{"start":{"line":38,"column":16},"end":{"line":38,"column":53}},"34":{"start":{"line":39,"column":19},"end":{"line":39,"column":60}},"35":{"start":{"line":41,"column":12},"end":{"line":45,"column":1}},"36":{"start":{"line":42,"column":18},"end":{"line":42,"column":64}},"37":{"start":{"line":43,"column":4},"end":{"line":43,"column":102}},"38":{"start":{"line":44,"column":4},"end":{"line":44,"column":16}},"39":{"start":{"line":47,"column":11},"end":{"line":57,"column":1}},"40":{"start":{"line":48,"column":16},"end":{"line":48,"column":20}},"41":{"start":{"line":49,"column":4},"end":{"line":55,"column":7}},"42":{"start":{"line":50,"column":18},"end":{"line":50,"column":23}},"43":{"start":{"line":50,"column":35},"end":{"line":50,"column":40}},"44":{"start":{"line":51,"column":8},"end":{"line":54,"column":11}},"45":{"start":{"line":53,"column":12},"end":{"line":53,"column":134}},"46":{"start":{"line":56,"column":4},"end":{"line":56,"column":16}},"47":{"start":{"line":59,"column":12},"end":{"line":65,"column":1}},"48":{"start":{"line":60,"column":4},"end":{"line":60,"column":105}},"49":{"start":{"line":61,"column":4},"end":{"line":61,"column":34}},"50":{"start":{"line":62,"column":4},"end":{"line":62,"column":145}},"51":{"start":{"line":63,"column":4},"end":{"line":63,"column":34}},"52":{"start":{"line":64,"column":4},"end":{"line":64,"column":16}},"53":{"start":{"line":67,"column":13},"end":{"line":81,"column":1}},"54":{"start":{"line":69,"column":4},"end":{"line":69,"column":107}},"55":{"start":{"line":70,"column":4},"end":{"line":70,"column":72}},"56":{"start":{"line":75,"column":4},"end":{"line":75,"column":37}},"57":{"start":{"line":76,"column":4},"end":{"line":78,"column":15}},"58":{"start":{"line":79,"column":4},"end":{"line":79,"column":39}},"59":{"start":{"line":80,"column":4},"end":{"line":80,"column":16}},"60":{"start":{"line":83,"column":14},"end":{"line":87,"column":1}},"61":{"start":{"line":84,"column":4},"end":{"line":84,"column":91}},"62":{"start":{"line":85,"column":19},"end":{"line":85,"column":74}},"63":{"start":{"line":86,"column":4},"end":{"line":86,"column":37}},"64":{"start":{"line":89,"column":13},"end":{"line":92,"column":1}},"65":{"start":{"line":90,"column":19},"end":{"line":90,"column":74}},"66":{"start":{"line":91,"column":4},"end":{"line":91,"column":41}},"67":{"start":{"line":94,"column":11},"end":{"line":104,"column":1}},"68":{"start":{"line":95,"column":4},"end":{"line":102,"column":7}},"69":{"start":{"line":103,"column":4},"end":{"line":103,"column":16}},"70":{"start":{"line":106,"column":14},"end":{"line":122,"column":1}},"71":{"start":{"line":107,"column":4},"end":{"line":107,"column":111}},"72":{"start":{"line":108,"column":4},"end":{"line":120,"column":7}},"73":{"start":{"line":121,"column":4},"end":{"line":121,"column":16}},"74":{"start":{"line":124,"column":11},"end":{"line":127,"column":1}},"75":{"start":{"line":125,"column":4},"end":{"line":125,"column":99}},"76":{"start":{"line":126,"column":4},"end":{"line":126,"column":87}},"77":{"start":{"line":129,"column":15},"end":{"line":134,"column":1}},"78":{"start":{"line":130,"column":4},"end":{"line":130,"column":103}},"79":{"start":{"line":131,"column":16},"end":{"line":131,"column":99}},"80":{"start":{"line":132,"column":4},"end":{"line":132,"column":34}},"81":{"start":{"line":133,"column":4},"end":{"line":133,"column":16}},"82":{"start":{"line":136,"column":10},"end":{"line":139,"column":1}},"83":{"start":{"line":137,"column":4},"end":{"line":137,"column":129}},"84":{"start":{"line":138,"column":4},"end":{"line":138,"column":16}},"85":{"start":{"line":141,"column":14},"end":{"line":144,"column":1}},"86":{"start":{"line":142,"column":4},"end":{"line":142,"column":41}},"87":{"start":{"line":143,"column":4},"end":{"line":143,"column":16}},"88":{"start":{"line":147,"column":13},"end":{"line":147,"column":30}},"89":{"start":{"line":148,"column":11},"end":{"line":169,"column":1}},"90":{"start":{"line":149,"column":16},"end":{"line":149,"column":41}},"91":{"start":{"line":153,"column":19},"end":{"line":155,"column":6}},"92":{"start":{"line":159,"column":4},"end":{"line":159,"column":38}},"93":{"start":{"line":163,"column":4},"end":{"line":166,"column":7}},"94":{"start":{"line":165,"column":8},"end":{"line":165,"column":91}},"95":{"start":{"line":167,"column":4},"end":{"line":167,"column":37}},"96":{"start":{"line":168,"column":4},"end":{"line":168,"column":16}},"97":{"start":{"line":171,"column":11},"end":{"line":175,"column":1}},"98":{"start":{"line":172,"column":4},"end":{"line":172,"column":47}},"99":{"start":{"line":172,"column":30},"end":{"line":172,"column":45}},"100":{"start":{"line":173,"column":4},"end":{"line":173,"column":39}},"101":{"start":{"line":174,"column":4},"end":{"line":174,"column":16}},"102":{"start":{"line":177,"column":10},"end":{"line":214,"column":1}},"103":{"start":{"line":179,"column":4},"end":{"line":183,"column":25}},"104":{"start":{"line":184,"column":4},"end":{"line":191,"column":5}},"105":{"start":{"line":185,"column":8},"end":{"line":189,"column":65}},"106":{"start":{"line":190,"column":8},"end":{"line":190,"column":20}},"107":{"start":{"line":192,"column":4},"end":{"line":194,"column":5}},"108":{"start":{"line":193,"column":8},"end":{"line":193,"column":98}},"109":{"start":{"line":195,"column":4},"end":{"line":195,"column":32}},"110":{"start":{"line":196,"column":14},"end":{"line":196,"column":68}},"111":{"start":{"line":197,"column":19},"end":{"line":197,"column":70}},"112":{"start":{"line":198,"column":26},"end":{"line":205,"column":5}},"113":{"start":{"line":201,"column":12},"end":{"line":203,"column":15}},"114":{"start":{"line":202,"column":16},"end":{"line":202,"column":68}},"115":{"start":{"line":206,"column":26},"end":{"line":206,"column":3124}},"116":{"start":{"line":207,"column":4},"end":{"line":211,"column":44}},"117":{"start":{"line":212,"column":4},"end":{"line":212,"column":45}},"118":{"start":{"line":213,"column":4},"end":{"line":213,"column":16}},"119":{"start":{"line":216,"column":21},"end":{"line":221,"column":1}},"120":{"start":{"line":218,"column":4},"end":{"line":218,"column":136}},"121":{"start":{"line":219,"column":4},"end":{"line":219,"column":154}},"122":{"start":{"line":220,"column":4},"end":{"line":220,"column":16}},"123":{"start":{"line":223,"column":10},"end":{"line":227,"column":1}},"124":{"start":{"line":224,"column":4},"end":{"line":224,"column":47}},"125":{"start":{"line":224,"column":30},"end":{"line":224,"column":45}},"126":{"start":{"line":225,"column":4},"end":{"line":225,"column":92}},"127":{"start":{"line":226,"column":4},"end":{"line":226,"column":16}},"128":{"start":{"line":229,"column":11},"end":{"line":234,"column":1}},"129":{"start":{"line":230,"column":4},"end":{"line":230,"column":45}},"130":{"start":{"line":230,"column":29},"end":{"line":230,"column":43}},"131":{"start":{"line":231,"column":4},"end":{"line":231,"column":101}},"132":{"start":{"line":232,"column":4},"end":{"line":232,"column":40}},"133":{"start":{"line":233,"column":4},"end":{"line":233,"column":16}},"134":{"start":{"line":236,"column":14},"end":{"line":246,"column":1}},"135":{"start":{"line":238,"column":18},"end":{"line":238,"column":28}},"136":{"start":{"line":238,"column":40},"end":{"line":238,"column":69}},"137":{"start":{"line":239,"column":4},"end":{"line":239,"column":127}},"138":{"start":{"line":240,"column":25},"end":{"line":240,"column":49}},"139":{"start":{"line":241,"column":4},"end":{"line":241,"column":54}},"140":{"start":{"line":242,"column":4},"end":{"line":244,"column":5}},"141":{"start":{"line":243,"column":8},"end":{"line":243,"column":260}},"142":{"start":{"line":245,"column":4},"end":{"line":245,"column":16}},"143":{"start":{"line":248,"column":13},"end":{"line":258,"column":1}},"144":{"start":{"line":249,"column":4},"end":{"line":249,"column":111}},"145":{"start":{"line":250,"column":4},"end":{"line":252,"column":5}},"146":{"start":{"line":251,"column":8},"end":{"line":251,"column":123}},"147":{"start":{"line":253,"column":21},"end":{"line":253,"column":48}},"148":{"start":{"line":254,"column":4},"end":{"line":256,"column":5}},"149":{"start":{"line":255,"column":8},"end":{"line":255,"column":100}},"150":{"start":{"line":257,"column":4},"end":{"line":257,"column":31}},"151":{"start":{"line":260,"column":14},"end":{"line":262,"column":1}},"152":{"start":{"line":261,"column":4},"end":{"line":261,"column":93}},"153":{"start":{"line":264,"column":18},"end":{"line":268,"column":1}},"154":{"start":{"line":265,"column":4},"end":{"line":265,"column":109}},"155":{"start":{"line":266,"column":4},"end":{"line":266,"column":35}},"156":{"start":{"line":267,"column":4},"end":{"line":267,"column":16}},"157":{"start":{"line":270,"column":17},"end":{"line":274,"column":1}},"158":{"start":{"line":271,"column":4},"end":{"line":271,"column":107}},"159":{"start":{"line":272,"column":4},"end":{"line":272,"column":34}},"160":{"start":{"line":273,"column":4},"end":{"line":273,"column":16}},"161":{"start":{"line":276,"column":16},"end":{"line":280,"column":1}},"162":{"start":{"line":277,"column":4},"end":{"line":277,"column":113}},"163":{"start":{"line":278,"column":4},"end":{"line":278,"column":92}},"164":{"start":{"line":279,"column":4},"end":{"line":279,"column":16}},"165":{"start":{"line":282,"column":10},"end":{"line":285,"column":1}},"166":{"start":{"line":283,"column":17},"end":{"line":283,"column":38}},"167":{"start":{"line":284,"column":4},"end":{"line":284,"column":59}},"168":{"start":{"line":287,"column":14},"end":{"line":295,"column":1}},"169":{"start":{"line":288,"column":4},"end":{"line":288,"column":101}},"170":{"start":{"line":289,"column":18},"end":{"line":289,"column":59}},"171":{"start":{"line":293,"column":4},"end":{"line":293,"column":60}},"172":{"start":{"line":294,"column":4},"end":{"line":294,"column":16}},"173":{"start":{"line":297,"column":11},"end":{"line":302,"column":1}},"174":{"start":{"line":298,"column":13},"end":{"line":298,"column":23}},"175":{"start":{"line":298,"column":35},"end":{"line":298,"column":60}},"176":{"start":{"line":298,"column":72},"end":{"line":298,"column":82}},"177":{"start":{"line":299,"column":4},"end":{"line":299,"column":94}},"178":{"start":{"line":300,"column":4},"end":{"line":300,"column":47}},"179":{"start":{"line":301,"column":4},"end":{"line":301,"column":16}},"180":{"start":{"line":304,"column":13},"end":{"line":309,"column":1}},"181":{"start":{"line":305,"column":4},"end":{"line":305,"column":42}},"182":{"start":{"line":306,"column":4},"end":{"line":306,"column":82}},"183":{"start":{"line":307,"column":4},"end":{"line":307,"column":35}},"184":{"start":{"line":308,"column":4},"end":{"line":308,"column":16}},"185":{"start":{"line":311,"column":13},"end":{"line":317,"column":1}},"186":{"start":{"line":313,"column":4},"end":{"line":313,"column":112}},"187":{"start":{"line":314,"column":4},"end":{"line":314,"column":143}},"188":{"start":{"line":315,"column":4},"end":{"line":315,"column":117}},"189":{"start":{"line":316,"column":4},"end":{"line":316,"column":16}},"190":{"start":{"line":319,"column":10},"end":{"line":325,"column":1}},"191":{"start":{"line":320,"column":21},"end":{"line":320,"column":50}},"192":{"start":{"line":321,"column":4},"end":{"line":323,"column":7}},"193":{"start":{"line":322,"column":8},"end":{"line":322,"column":33}},"194":{"start":{"line":324,"column":4},"end":{"line":324,"column":16}},"195":{"start":{"line":327,"column":13},"end":{"line":332,"column":1}},"196":{"start":{"line":328,"column":4},"end":{"line":328,"column":114}},"197":{"start":{"line":329,"column":4},"end":{"line":329,"column":35}},"198":{"start":{"line":330,"column":4},"end":{"line":330,"column":157}},"199":{"start":{"line":331,"column":4},"end":{"line":331,"column":16}},"200":{"start":{"line":334,"column":12},"end":{"line":340,"column":1}},"201":{"start":{"line":335,"column":4},"end":{"line":335,"column":112}},"202":{"start":{"line":336,"column":4},"end":{"line":336,"column":105}},"203":{"start":{"line":337,"column":4},"end":{"line":338,"column":88}},"204":{"start":{"line":339,"column":4},"end":{"line":339,"column":16}},"205":{"start":{"line":345,"column":10},"end":{"line":378,"column":1}},"206":{"start":{"line":380,"column":12},"end":{"line":447,"column":5}},"207":{"start":{"line":380,"column":32},"end":{"line":447,"column":3}},"208":{"start":{"line":394,"column":8},"end":{"line":394,"column":23}},"209":{"start":{"line":395,"column":8},"end":{"line":395,"column":20}},"210":{"start":{"line":401,"column":8},"end":{"line":401,"column":65}},"211":{"start":{"line":401,"column":29},"end":{"line":401,"column":63}},"212":{"start":{"line":401,"column":48},"end":{"line":401,"column":60}},"213":{"start":{"line":402,"column":8},"end":{"line":405,"column":11}},"214":{"start":{"line":411,"column":8},"end":{"line":411,"column":47}},"215":{"start":{"line":417,"column":8},"end":{"line":419,"column":9}},"216":{"start":{"line":418,"column":12},"end":{"line":418,"column":39}},"217":{"start":{"line":420,"column":8},"end":{"line":420,"column":45}},"218":{"start":{"line":421,"column":8},"end":{"line":421,"column":20}},"219":{"start":{"line":427,"column":18},"end":{"line":427,"column":26}},"220":{"start":{"line":428,"column":21},"end":{"line":428,"column":32}},"221":{"start":{"line":429,"column":8},"end":{"line":429,"column":31}},"222":{"start":{"line":430,"column":8},"end":{"line":434,"column":9}},"223":{"start":{"line":431,"column":12},"end":{"line":433,"column":15}},"224":{"start":{"line":432,"column":16},"end":{"line":432,"column":56}},"225":{"start":{"line":437,"column":21},"end":{"line":437,"column":32}},"226":{"start":{"line":438,"column":8},"end":{"line":438,"column":31}},"227":{"start":{"line":439,"column":8},"end":{"line":441,"column":9}},"228":{"start":{"line":440,"column":12},"end":{"line":440,"column":25}},"229":{"start":{"line":442,"column":8},"end":{"line":444,"column":11}},"230":{"start":{"line":443,"column":12},"end":{"line":443,"column":32}},"231":{"start":{"line":445,"column":8},"end":{"line":445,"column":21}},"232":{"start":{"line":454,"column":19},"end":{"line":466,"column":1}},"233":{"start":{"line":456,"column":15},"end":{"line":456,"column":28}},"234":{"start":{"line":457,"column":4},"end":{"line":465,"column":6}},"235":{"start":{"line":458,"column":8},"end":{"line":463,"column":9}},"236":{"start":{"line":459,"column":12},"end":{"line":461,"column":13}},"237":{"start":{"line":460,"column":16},"end":{"line":460,"column":23}},"238":{"start":{"line":462,"column":12},"end":{"line":462,"column":28}},"239":{"start":{"line":464,"column":8},"end":{"line":464,"column":21}},"240":{"start":{"line":471,"column":11},"end":{"line":477,"column":1}},"241":{"start":{"line":472,"column":25},"end":{"line":472,"column":118}},"242":{"start":{"line":473,"column":27},"end":{"line":473,"column":62}},"243":{"start":{"line":474,"column":27},"end":{"line":474,"column":76}},"244":{"start":{"line":475,"column":28},"end":{"line":475,"column":68}},"245":{"start":{"line":476,"column":4},"end":{"line":476,"column":35}},"246":{"start":{"line":479,"column":13},"end":{"line":485,"column":1}},"247":{"start":{"line":480,"column":19},"end":{"line":480,"column":43}},"248":{"start":{"line":481,"column":4},"end":{"line":483,"column":7}},"249":{"start":{"line":482,"column":8},"end":{"line":482,"column":29}},"250":{"start":{"line":484,"column":4},"end":{"line":484,"column":20}},"251":{"start":{"line":490,"column":10},"end":{"line":495,"column":1}},"252":{"start":{"line":491,"column":27},"end":{"line":491,"column":40}},"253":{"start":{"line":492,"column":26},"end":{"line":492,"column":38}},"254":{"start":{"line":493,"column":29},"end":{"line":493,"column":46}},"255":{"start":{"line":494,"column":26},"end":{"line":494,"column":38}},"256":{"start":{"line":497,"column":18},"end":{"line":499,"column":17}},"257":{"start":{"line":504,"column":16},"end":{"line":518,"column":1}},"258":{"start":{"line":505,"column":4},"end":{"line":508,"column":8}},"259":{"start":{"line":505,"column":30},"end":{"line":508,"column":6}},"260":{"start":{"line":509,"column":15},"end":{"line":511,"column":5}},"261":{"start":{"line":510,"column":8},"end":{"line":510,"column":60}},"262":{"start":{"line":512,"column":4},"end":{"line":517,"column":9}},"263":{"start":{"line":512,"column":25},"end":{"line":517,"column":6}},"264":{"start":{"line":513,"column":8},"end":{"line":515,"column":9}},"265":{"start":{"line":514,"column":12},"end":{"line":514,"column":48}},"266":{"start":{"line":516,"column":8},"end":{"line":516,"column":50}},"267":{"start":{"line":520,"column":21},"end":{"line":536,"column":1}},"268":{"start":{"line":521,"column":4},"end":{"line":521,"column":70}},"269":{"start":{"line":522,"column":4},"end":{"line":522,"column":76}},"270":{"start":{"line":523,"column":4},"end":{"line":523,"column":37}},"271":{"start":{"line":524,"column":4},"end":{"line":524,"column":88}},"272":{"start":{"line":525,"column":4},"end":{"line":525,"column":36}},"273":{"start":{"line":526,"column":4},"end":{"line":526,"column":86}},"274":{"start":{"line":527,"column":36},"end":{"line":534,"column":6}},"275":{"start":{"line":528,"column":8},"end":{"line":528,"column":89}},"276":{"start":{"line":529,"column":8},"end":{"line":529,"column":29}},"277":{"start":{"line":530,"column":8},"end":{"line":533,"column":11}},"278":{"start":{"line":531,"column":12},"end":{"line":531,"column":72}},"279":{"start":{"line":532,"column":12},"end":{"line":532,"column":36}},"280":{"start":{"line":535,"column":4},"end":{"line":535,"column":64}},"281":{"start":{"line":538,"column":23},"end":{"line":564,"column":1}},"282":{"start":{"line":539,"column":18},"end":{"line":556,"column":5}},"283":{"start":{"line":557,"column":4},"end":{"line":563,"column":7}},"284":{"start":{"line":558,"column":23},"end":{"line":558,"column":34}},"285":{"start":{"line":559,"column":8},"end":{"line":559,"column":24}},"286":{"start":{"line":561,"column":18},"end":{"line":561,"column":24}},"287":{"start":{"line":562,"column":8},"end":{"line":562,"column":19}},"288":{"start":{"line":565,"column":14},"end":{"line":601,"column":1}},"289":{"start":{"line":566,"column":18},"end":{"line":566,"column":20}},"290":{"start":{"line":567,"column":4},"end":{"line":574,"column":7}},"291":{"start":{"line":568,"column":19},"end":{"line":568,"column":42}},"292":{"start":{"line":569,"column":8},"end":{"line":573,"column":11}},"293":{"start":{"line":570,"column":12},"end":{"line":572,"column":13}},"294":{"start":{"line":571,"column":16},"end":{"line":571,"column":63}},"295":{"start":{"line":578,"column":4},"end":{"line":582,"column":5}},"296":{"start":{"line":579,"column":8},"end":{"line":579,"column":38}},"297":{"start":{"line":580,"column":8},"end":{"line":581,"column":105}},"298":{"start":{"line":583,"column":4},"end":{"line":587,"column":5}},"299":{"start":{"line":584,"column":8},"end":{"line":584,"column":40}},"300":{"start":{"line":585,"column":8},"end":{"line":586,"column":105}},"301":{"start":{"line":588,"column":4},"end":{"line":594,"column":5}},"302":{"start":{"line":589,"column":8},"end":{"line":589,"column":45}},"303":{"start":{"line":590,"column":8},"end":{"line":591,"column":104}},"304":{"start":{"line":592,"column":8},"end":{"line":593,"column":105}},"305":{"start":{"line":595,"column":4},"end":{"line":599,"column":5}},"306":{"start":{"line":596,"column":8},"end":{"line":596,"column":39}},"307":{"start":{"line":597,"column":8},"end":{"line":598,"column":106}},"308":{"start":{"line":600,"column":4},"end":{"line":600,"column":19}},"309":{"start":{"line":603,"column":9},"end":{"line":606,"column":1}},"310":{"start":{"line":608,"column":10},"end":{"line":608,"column":24}},"311":{"start":{"line":609,"column":18},"end":{"line":609,"column":142}},"312":{"start":{"line":610,"column":13},"end":{"line":616,"column":15}},"313":{"start":{"line":618,"column":11},"end":{"line":628,"column":1}},"314":{"start":{"line":630,"column":18},"end":{"line":643,"column":1}},"315":{"start":{"line":644,"column":14},"end":{"line":654,"column":1}},"316":{"start":{"line":645,"column":21},"end":{"line":645,"column":23}},"317":{"start":{"line":646,"column":4},"end":{"line":652,"column":7}},"318":{"start":{"line":647,"column":19},"end":{"line":647,"column":26}},"319":{"start":{"line":647,"column":39},"end":{"line":647,"column":50}},"320":{"start":{"line":648,"column":26},"end":{"line":648,"column":67}},"321":{"start":{"line":649,"column":8},"end":{"line":651,"column":9}},"322":{"start":{"line":650,"column":12},"end":{"line":650,"column":43}},"323":{"start":{"line":653,"column":4},"end":{"line":653,"column":22}},"324":{"start":{"line":656,"column":15},"end":{"line":690,"column":1}},"325":{"start":{"line":692,"column":20},"end":{"line":695,"column":1}},"326":{"start":{"line":696,"column":14},"end":{"line":698,"column":1}},"327":{"start":{"line":697,"column":4},"end":{"line":697,"column":75}},"328":{"start":{"line":699,"column":18},"end":{"line":705,"column":5}},"329":{"start":{"line":699,"column":37},"end":{"line":705,"column":3}},"330":{"start":{"line":706,"column":13},"end":{"line":706,"column":29}},"331":{"start":{"line":707,"column":25},"end":{"line":713,"column":1}},"332":{"start":{"line":714,"column":16},"end":{"line":717,"column":1}},"333":{"start":{"line":715,"column":19},"end":{"line":715,"column":34}},"334":{"start":{"line":716,"column":4},"end":{"line":716,"column":74}},"335":{"start":{"line":718,"column":15},"end":{"line":718,"column":20}},"336":{"start":{"line":719,"column":15},"end":{"line":741,"column":1}},"337":{"start":{"line":745,"column":14},"end":{"line":789,"column":1}},"338":{"start":{"line":773,"column":23},"end":{"line":773,"column":30}},"339":{"start":{"line":774,"column":12},"end":{"line":774,"column":37}},"340":{"start":{"line":794,"column":10},"end":{"line":794,"column":23}},"341":{"start":{"line":798,"column":16},"end":{"line":798,"column":46}},"342":{"start":{"line":802,"column":16},"end":{"line":804,"column":1}},"343":{"start":{"line":803,"column":4},"end":{"line":803,"column":42}},"344":{"start":{"line":808,"column":12},"end":{"line":815,"column":1}},"345":{"start":{"line":817,"column":11},"end":{"line":832,"column":1}},"346":{"start":{"line":819,"column":4},"end":{"line":831,"column":7}},"347":{"start":{"line":834,"column":12},"end":{"line":838,"column":1}},"348":{"start":{"line":840,"column":10},"end":{"line":843,"column":1}},"349":{"start":{"line":845,"column":10},"end":{"line":850,"column":1}},"350":{"start":{"line":847,"column":4},"end":{"line":849,"column":52}},"351":{"start":{"line":852,"column":20},"end":{"line":862,"column":5}},"352":{"start":{"line":852,"column":34},"end":{"line":862,"column":3}},"353":{"start":{"line":854,"column":8},"end":{"line":854,"column":51}},"354":{"start":{"line":857,"column":8},"end":{"line":857,"column":58}},"355":{"start":{"line":860,"column":8},"end":{"line":860,"column":95}},"356":{"start":{"line":864,"column":19},"end":{"line":871,"column":5}},"357":{"start":{"line":864,"column":33},"end":{"line":871,"column":3}},"358":{"start":{"line":866,"column":8},"end":{"line":866,"column":71}},"359":{"start":{"line":869,"column":8},"end":{"line":869,"column":50}},"360":{"start":{"line":873,"column":13},"end":{"line":885,"column":5}},"361":{"start":{"line":873,"column":27},"end":{"line":885,"column":3}},"362":{"start":{"line":875,"column":8},"end":{"line":877,"column":9}},"363":{"start":{"line":876,"column":12},"end":{"line":876,"column":48}},"364":{"start":{"line":880,"column":8},"end":{"line":880,"column":51}},"365":{"start":{"line":883,"column":8},"end":{"line":883,"column":28}},"366":{"start":{"line":887,"column":13},"end":{"line":897,"column":5}},"367":{"start":{"line":887,"column":27},"end":{"line":897,"column":3}},"368":{"start":{"line":889,"column":8},"end":{"line":889,"column":43}},"369":{"start":{"line":892,"column":8},"end":{"line":892,"column":54}},"370":{"start":{"line":895,"column":8},"end":{"line":895,"column":28}},"371":{"start":{"line":899,"column":26},"end":{"line":916,"column":5}},"372":{"start":{"line":899,"column":40},"end":{"line":916,"column":3}},"373":{"start":{"line":904,"column":8},"end":{"line":906,"column":9}},"374":{"start":{"line":905,"column":12},"end":{"line":905,"column":59}},"375":{"start":{"line":907,"column":8},"end":{"line":907,"column":59}},"376":{"start":{"line":910,"column":8},"end":{"line":914,"column":53}},"377":{"start":{"line":918,"column":27},"end":{"line":928,"column":5}},"378":{"start":{"line":918,"column":41},"end":{"line":928,"column":3}},"379":{"start":{"line":920,"column":8},"end":{"line":920,"column":60}},"380":{"start":{"line":923,"column":8},"end":{"line":923,"column":56}},"381":{"start":{"line":926,"column":8},"end":{"line":926,"column":48}},"382":{"start":{"line":930,"column":28},"end":{"line":930,"column":66}},"383":{"start":{"line":931,"column":22},"end":{"line":953,"column":5}},"384":{"start":{"line":931,"column":36},"end":{"line":953,"column":3}},"385":{"start":{"line":933,"column":22},"end":{"line":933,"column":60}},"386":{"start":{"line":934,"column":21},"end":{"line":934,"column":64}},"387":{"start":{"line":935,"column":8},"end":{"line":939,"column":9}},"388":{"start":{"line":936,"column":12},"end":{"line":938,"column":14}},"389":{"start":{"line":940,"column":8},"end":{"line":944,"column":9}},"390":{"start":{"line":941,"column":12},"end":{"line":943,"column":14}},"391":{"start":{"line":945,"column":8},"end":{"line":945,"column":20}},"392":{"start":{"line":948,"column":8},"end":{"line":948,"column":55}},"393":{"start":{"line":951,"column":8},"end":{"line":951,"column":69}},"394":{"start":{"line":955,"column":21},"end":{"line":974,"column":5}},"395":{"start":{"line":955,"column":35},"end":{"line":974,"column":3}},"396":{"start":{"line":957,"column":8},"end":{"line":962,"column":10}},"397":{"start":{"line":965,"column":8},"end":{"line":965,"column":54}},"398":{"start":{"line":968,"column":8},"end":{"line":972,"column":53}},"399":{"start":{"line":976,"column":15},"end":{"line":991,"column":5}},"400":{"start":{"line":976,"column":29},"end":{"line":991,"column":3}},"401":{"start":{"line":979,"column":8},"end":{"line":983,"column":10}},"402":{"start":{"line":986,"column":8},"end":{"line":986,"column":48}},"403":{"start":{"line":989,"column":8},"end":{"line":989,"column":53}},"404":{"start":{"line":993,"column":14},"end":{"line":1003,"column":5}},"405":{"start":{"line":993,"column":28},"end":{"line":1003,"column":3}},"406":{"start":{"line":995,"column":8},"end":{"line":995,"column":44}},"407":{"start":{"line":998,"column":8},"end":{"line":998,"column":55}},"408":{"start":{"line":1001,"column":8},"end":{"line":1001,"column":44}},"409":{"start":{"line":1005,"column":15},"end":{"line":1020,"column":5}},"410":{"start":{"line":1005,"column":29},"end":{"line":1020,"column":3}},"411":{"start":{"line":1007,"column":8},"end":{"line":1012,"column":10}},"412":{"start":{"line":1015,"column":8},"end":{"line":1015,"column":46}},"413":{"start":{"line":1018,"column":8},"end":{"line":1018,"column":90}},"414":{"start":{"line":1022,"column":16},"end":{"line":1029,"column":5}},"415":{"start":{"line":1022,"column":30},"end":{"line":1029,"column":3}},"416":{"start":{"line":1024,"column":8},"end":{"line":1024,"column":37}},"417":{"start":{"line":1027,"column":8},"end":{"line":1027,"column":20}},"418":{"start":{"line":1031,"column":14},"end":{"line":1031,"column":16}},"419":{"start":{"line":1032,"column":15},"end":{"line":1045,"column":1}},"420":{"start":{"line":1047,"column":15},"end":{"line":1059,"column":1}},"421":{"start":{"line":1064,"column":16},"end":{"line":1066,"column":1}},"422":{"start":{"line":1071,"column":15},"end":{"line":1074,"column":2}},"423":{"start":{"line":1071,"column":21},"end":{"line":1074,"column":2}},"424":{"start":{"line":1071,"column":29},"end":{"line":1074,"column":1}},"425":{"start":{"line":1080,"column":15},"end":{"line":1090,"column":6}},"426":{"start":{"line":1092,"column":11},"end":{"line":1126,"column":1}},"427":{"start":{"line":1093,"column":28},"end":{"line":1096,"column":7}},"428":{"start":{"line":1097,"column":27},"end":{"line":1102,"column":7}},"429":{"start":{"line":1103,"column":30},"end":{"line":1108,"column":7}},"430":{"start":{"line":1109,"column":26},"end":{"line":1111,"column":7}},"431":{"start":{"line":1112,"column":33},"end":{"line":1118,"column":7}},"432":{"start":{"line":1119,"column":30},"end":{"line":1122,"column":7}},"433":{"start":{"line":1123,"column":28},"end":{"line":1125,"column":7}},"434":{"start":{"line":1128,"column":14},"end":{"line":1132,"column":5}},"435":{"start":{"line":1128,"column":31},"end":{"line":1132,"column":3}},"436":{"start":{"line":1134,"column":10},"end":{"line":1138,"column":5}},"437":{"start":{"line":1134,"column":27},"end":{"line":1138,"column":3}},"438":{"start":{"line":1140,"column":11},"end":{"line":1143,"column":5}},"439":{"start":{"line":1140,"column":28},"end":{"line":1143,"column":3}},"440":{"start":{"line":1145,"column":12},"end":{"line":1148,"column":5}},"441":{"start":{"line":1145,"column":29},"end":{"line":1148,"column":3}},"442":{"start":{"line":1150,"column":10},"end":{"line":1153,"column":5}},"443":{"start":{"line":1150,"column":27},"end":{"line":1153,"column":3}},"444":{"start":{"line":1160,"column":14},"end":{"line":1170,"column":1}},"445":{"start":{"line":1175,"column":12},"end":{"line":1175,"column":44}},"446":{"start":{"line":1177,"column":19},"end":{"line":1191,"column":1}},"447":{"start":{"line":1193,"column":12},"end":{"line":1197,"column":1}},"448":{"start":{"line":1194,"column":4},"end":{"line":1196,"column":7}},"449":{"start":{"line":1199,"column":16},"end":{"line":1201,"column":1}},"450":{"start":{"line":1200,"column":4},"end":{"line":1200,"column":88}},"451":{"start":{"line":1203,"column":16},"end":{"line":1207,"column":1}},"452":{"start":{"line":1204,"column":4},"end":{"line":1206,"column":7}},"453":{"start":{"line":1214,"column":14},"end":{"line":1260,"column":1}},"454":{"start":{"line":1216,"column":4},"end":{"line":1259,"column":7}},"455":{"start":{"line":1226,"column":12},"end":{"line":1226,"column":91}},"456":{"start":{"line":1227,"column":12},"end":{"line":1227,"column":91}},"457":{"start":{"line":1228,"column":12},"end":{"line":1228,"column":82}},"458":{"start":{"line":1229,"column":12},"end":{"line":1229,"column":88}},"459":{"start":{"line":1230,"column":12},"end":{"line":1230,"column":85}},"460":{"start":{"line":1231,"column":12},"end":{"line":1237,"column":14}},"461":{"start":{"line":1243,"column":12},"end":{"line":1254,"column":13}},"462":{"start":{"line":1244,"column":16},"end":{"line":1253,"column":19}},"463":{"start":{"line":1255,"column":12},"end":{"line":1255,"column":80}},"464":{"start":{"line":1256,"column":12},"end":{"line":1256,"column":136}},"465":{"start":{"line":1257,"column":12},"end":{"line":1257,"column":31}},"466":{"start":{"line":1262,"column":14},"end":{"line":1268,"column":1}},"467":{"start":{"line":1263,"column":4},"end":{"line":1267,"column":7}},"468":{"start":{"line":1265,"column":62},"end":{"line":1265,"column":79}},"469":{"start":{"line":1273,"column":19},"end":{"line":1343,"column":5}},"470":{"start":{"line":1273,"column":36},"end":{"line":1343,"column":3}},"471":{"start":{"line":1299,"column":38},"end":{"line":1299,"column":74}},"472":{"start":{"line":1303,"column":8},"end":{"line":1303,"column":84}},"473":{"start":{"line":1304,"column":8},"end":{"line":1304,"column":70}},"474":{"start":{"line":1305,"column":8},"end":{"line":1305,"column":73}},"475":{"start":{"line":1306,"column":8},"end":{"line":1306,"column":80}},"476":{"start":{"line":1307,"column":8},"end":{"line":1307,"column":135}},"477":{"start":{"line":1308,"column":8},"end":{"line":1308,"column":27}},"478":{"start":{"line":1314,"column":8},"end":{"line":1314,"column":34}},"479":{"start":{"line":1320,"column":8},"end":{"line":1320,"column":72}},"480":{"start":{"line":1321,"column":8},"end":{"line":1321,"column":142}},"481":{"start":{"line":1322,"column":8},"end":{"line":1322,"column":73}},"482":{"start":{"line":1328,"column":8},"end":{"line":1328,"column":71}},"483":{"start":{"line":1329,"column":8},"end":{"line":1329,"column":139}},"484":{"start":{"line":1330,"column":8},"end":{"line":1330,"column":72}},"485":{"start":{"line":1336,"column":8},"end":{"line":1336,"column":69}},"486":{"start":{"line":1337,"column":8},"end":{"line":1340,"column":9}},"487":{"start":{"line":1338,"column":12},"end":{"line":1338,"column":95}},"488":{"start":{"line":1339,"column":12},"end":{"line":1339,"column":156}},"489":{"start":{"line":1341,"column":8},"end":{"line":1341,"column":70}},"490":{"start":{"line":1345,"column":13},"end":{"line":1365,"column":5}},"491":{"start":{"line":1345,"column":30},"end":{"line":1365,"column":3}},"492":{"start":{"line":1358,"column":8},"end":{"line":1358,"column":127}},"493":{"start":{"line":1359,"column":8},"end":{"line":1359,"column":109}},"494":{"start":{"line":1360,"column":8},"end":{"line":1360,"column":121}},"495":{"start":{"line":1361,"column":8},"end":{"line":1361,"column":80}},"496":{"start":{"line":1362,"column":8},"end":{"line":1362,"column":116}},"497":{"start":{"line":1363,"column":8},"end":{"line":1363,"column":27}},"498":{"start":{"line":1367,"column":21},"end":{"line":1413,"column":5}},"499":{"start":{"line":1367,"column":38},"end":{"line":1413,"column":3}},"500":{"start":{"line":1381,"column":20},"end":{"line":1381,"column":24}},"501":{"start":{"line":1385,"column":8},"end":{"line":1387,"column":9}},"502":{"start":{"line":1386,"column":12},"end":{"line":1386,"column":70}},"503":{"start":{"line":1391,"column":8},"end":{"line":1391,"column":85}},"504":{"start":{"line":1391,"column":49},"end":{"line":1391,"column":81}},"505":{"start":{"line":1395,"column":8},"end":{"line":1395,"column":76}},"506":{"start":{"line":1396,"column":8},"end":{"line":1396,"column":116}},"507":{"start":{"line":1397,"column":8},"end":{"line":1397,"column":27}},"508":{"start":{"line":1403,"column":8},"end":{"line":1405,"column":9}},"509":{"start":{"line":1404,"column":12},"end":{"line":1404,"column":19}},"510":{"start":{"line":1406,"column":24},"end":{"line":1407,"column":13}},"511":{"start":{"line":1406,"column":85},"end":{"line":1406,"column":110}},"512":{"start":{"line":1408,"column":8},"end":{"line":1411,"column":9}},"513":{"start":{"line":1409,"column":12},"end":{"line":1409,"column":59}},"514":{"start":{"line":1410,"column":12},"end":{"line":1410,"column":110}},"515":{"start":{"line":1415,"column":16},"end":{"line":1431,"column":5}},"516":{"start":{"line":1415,"column":33},"end":{"line":1431,"column":3}},"517":{"start":{"line":1423,"column":20},"end":{"line":1423,"column":24}},"518":{"start":{"line":1424,"column":8},"end":{"line":1426,"column":60}},"519":{"start":{"line":1425,"column":38},"end":{"line":1425,"column":77}},"520":{"start":{"line":1426,"column":41},"end":{"line":1426,"column":56}},"521":{"start":{"line":1427,"column":8},"end":{"line":1427,"column":76}},"522":{"start":{"line":1428,"column":8},"end":{"line":1428,"column":91}},"523":{"start":{"line":1429,"column":8},"end":{"line":1429,"column":27}},"524":{"start":{"line":1433,"column":15},"end":{"line":1433,"column":53}},"525":{"start":{"line":1434,"column":22},"end":{"line":1434,"column":66}},"526":{"start":{"line":1435,"column":12},"end":{"line":1445,"column":1}},"527":{"start":{"line":1436,"column":17},"end":{"line":1436,"column":19}},"528":{"start":{"line":1437,"column":4},"end":{"line":1437,"column":75}},"529":{"start":{"line":1438,"column":4},"end":{"line":1440,"column":7}},"530":{"start":{"line":1439,"column":8},"end":{"line":1439,"column":44}},"531":{"start":{"line":1441,"column":4},"end":{"line":1443,"column":7}},"532":{"start":{"line":1442,"column":8},"end":{"line":1442,"column":51}},"533":{"start":{"line":1444,"column":4},"end":{"line":1444,"column":18}},"534":{"start":{"line":1448,"column":2},"end":{"line":1457,"column":3}},"535":{"start":{"line":1449,"column":4},"end":{"line":1454,"column":7}},"536":{"start":{"line":1456,"column":4},"end":{"line":1456,"column":21}},"537":{"start":{"line":1459,"column":2},"end":{"line":1459,"column":13}},"538":{"start":{"line":1463,"column":13},"end":{"line":1463,"column":32}},"539":{"start":{"line":1465,"column":2},"end":{"line":1471,"column":3}},"540":{"start":{"line":1466,"column":18},"end":{"line":1466,"column":54}},"541":{"start":{"line":1467,"column":4},"end":{"line":1469,"column":7}},"542":{"start":{"line":1467,"column":24},"end":{"line":1469,"column":7}},"543":{"start":{"line":1468,"column":6},"end":{"line":1468,"column":69}},"544":{"start":{"line":1470,"column":4},"end":{"line":1470,"column":35}},"545":{"start":{"line":1473,"column":2},"end":{"line":1473,"column":14}},"546":{"start":{"line":1477,"column":2},"end":{"line":1491,"column":3}},"547":{"start":{"line":1477,"column":15},"end":{"line":1477,"column":16}},"548":{"start":{"line":1478,"column":17},"end":{"line":1478,"column":57}},"549":{"start":{"line":1480,"column":4},"end":{"line":1490,"column":5}},"550":{"start":{"line":1481,"column":6},"end":{"line":1483,"column":9}},"551":{"start":{"line":1482,"column":8},"end":{"line":1482,"column":50}},"552":{"start":{"line":1484,"column":11},"end":{"line":1490,"column":5}},"553":{"start":{"line":1485,"column":6},"end":{"line":1485,"column":80}},"554":{"start":{"line":1487,"column":6},"end":{"line":1489,"column":9}},"555":{"start":{"line":1488,"column":8},"end":{"line":1488,"column":89}},"556":{"start":{"line":1493,"column":2},"end":{"line":1493,"column":16}},"557":{"start":{"line":1501,"column":20},"end":{"line":1527,"column":1}},"558":{"start":{"line":1502,"column":46},"end":{"line":1502,"column":62}},"559":{"start":{"line":1503,"column":38},"end":{"line":1503,"column":55}},"560":{"start":{"line":1504,"column":32},"end":{"line":1504,"column":52}},"561":{"start":{"line":1505,"column":2},"end":{"line":1521,"column":9}},"562":{"start":{"line":1506,"column":4},"end":{"line":1520,"column":5}},"563":{"start":{"line":1507,"column":6},"end":{"line":1516,"column":10}},"564":{"start":{"line":1512,"column":10},"end":{"line":1512,"column":36}},"565":{"start":{"line":1513,"column":10},"end":{"line":1513,"column":30}},"566":{"start":{"line":1517,"column":6},"end":{"line":1519,"column":37}},"567":{"start":{"line":1522,"column":2},"end":{"line":1526,"column":4}},"568":{"start":{"line":1529,"column":22},"end":{"line":1529,"column":49}},"569":{"start":{"line":1531,"column":23},"end":{"line":1567,"column":1}},"570":{"start":{"line":1532,"column":31},"end":{"line":1556,"column":3}},"571":{"start":{"line":1540,"column":6},"end":{"line":1554,"column":10}},"572":{"start":{"line":1557,"column":2},"end":{"line":1560,"column":50}},"573":{"start":{"line":1561,"column":24},"end":{"line":1561,"column":80}},"574":{"start":{"line":1562,"column":24},"end":{"line":1565,"column":4}},"575":{"start":{"line":1566,"column":2},"end":{"line":1566,"column":40}},"576":{"start":{"line":1569,"column":25},"end":{"line":1610,"column":1}},"577":{"start":{"line":1570,"column":16},"end":{"line":1570,"column":59}},"578":{"start":{"line":1571,"column":19},"end":{"line":1571,"column":62}},"579":{"start":{"line":1572,"column":17},"end":{"line":1572,"column":60}},"580":{"start":{"line":1573,"column":18},"end":{"line":1573,"column":58}},"581":{"start":{"line":1574,"column":44},"end":{"line":1574,"column":64}},"582":{"start":{"line":1575,"column":34},"end":{"line":1575,"column":54}},"583":{"start":{"line":1576,"column":2},"end":{"line":1603,"column":66}},"584":{"start":{"line":1577,"column":4},"end":{"line":1602,"column":5}},"585":{"start":{"line":1578,"column":22},"end":{"line":1595,"column":7}},"586":{"start":{"line":1596,"column":6},"end":{"line":1596,"column":52}},"587":{"start":{"line":1597,"column":6},"end":{"line":1601,"column":49}},"588":{"start":{"line":1604,"column":2},"end":{"line":1608,"column":22}},"589":{"start":{"line":1605,"column":4},"end":{"line":1607,"column":38}},"590":{"start":{"line":1609,"column":2},"end":{"line":1609,"column":35}},"591":{"start":{"line":1618,"column":19},"end":{"line":1872,"column":1}},"592":{"start":{"line":1622,"column":16},"end":{"line":1622,"column":59}},"593":{"start":{"line":1623,"column":18},"end":{"line":1623,"column":63}},"594":{"start":{"line":1634,"column":26},"end":{"line":1675,"column":3}},"595":{"start":{"line":1635,"column":20},"end":{"line":1635,"column":22}},"596":{"start":{"line":1640,"column":4},"end":{"line":1646,"column":5}},"597":{"start":{"line":1641,"column":6},"end":{"line":1641,"column":26}},"598":{"start":{"line":1642,"column":6},"end":{"line":1645,"column":61}},"599":{"start":{"line":1652,"column":4},"end":{"line":1672,"column":5}},"600":{"start":{"line":1653,"column":6},"end":{"line":1667,"column":9}},"601":{"start":{"line":1668,"column":6},"end":{"line":1671,"column":71}},"602":{"start":{"line":1670,"column":50},"end":{"line":1670,"column":60}},"603":{"start":{"line":1674,"column":4},"end":{"line":1674,"column":22}},"604":{"start":{"line":1685,"column":6},"end":{"line":1685,"column":22}},"605":{"start":{"line":1686,"column":60},"end":{"line":1686,"column":80}},"606":{"start":{"line":1687,"column":2},"end":{"line":1695,"column":28}},"607":{"start":{"line":1688,"column":4},"end":{"line":1694,"column":5}},"608":{"start":{"line":1689,"column":6},"end":{"line":1689,"column":41}},"609":{"start":{"line":1690,"column":6},"end":{"line":1690,"column":37}},"610":{"start":{"line":1691,"column":6},"end":{"line":1693,"column":36}},"611":{"start":{"line":1700,"column":28},"end":{"line":1700,"column":46}},"612":{"start":{"line":1701,"column":46},"end":{"line":1701,"column":66}},"613":{"start":{"line":1702,"column":2},"end":{"line":1738,"column":63}},"614":{"start":{"line":1703,"column":4},"end":{"line":1737,"column":5}},"615":{"start":{"line":1705,"column":6},"end":{"line":1707,"column":7}},"616":{"start":{"line":1706,"column":8},"end":{"line":1706,"column":15}},"617":{"start":{"line":1713,"column":6},"end":{"line":1734,"column":7}},"618":{"start":{"line":1714,"column":8},"end":{"line":1720,"column":46}},"619":{"start":{"line":1721,"column":8},"end":{"line":1721,"column":48}},"620":{"start":{"line":1726,"column":8},"end":{"line":1732,"column":44}},"621":{"start":{"line":1733,"column":8},"end":{"line":1733,"column":42}},"622":{"start":{"line":1736,"column":6},"end":{"line":1736,"column":30}},"623":{"start":{"line":1754,"column":30},"end":{"line":1754,"column":48}},"624":{"start":{"line":1755,"column":34},"end":{"line":1755,"column":52}},"625":{"start":{"line":1756,"column":30},"end":{"line":1756,"column":48}},"626":{"start":{"line":1757,"column":26},"end":{"line":1757,"column":46}},"627":{"start":{"line":1758,"column":26},"end":{"line":1758,"column":46}},"628":{"start":{"line":1759,"column":36},"end":{"line":1759,"column":57}},"629":{"start":{"line":1764,"column":2},"end":{"line":1772,"column":14}},"630":{"start":{"line":1767,"column":4},"end":{"line":1767,"column":181}},"631":{"start":{"line":1768,"column":4},"end":{"line":1768,"column":190}},"632":{"start":{"line":1769,"column":4},"end":{"line":1769,"column":184}},"633":{"start":{"line":1770,"column":4},"end":{"line":1770,"column":178}},"634":{"start":{"line":1771,"column":4},"end":{"line":1771,"column":178}},"635":{"start":{"line":1777,"column":2},"end":{"line":1783,"column":17}},"636":{"start":{"line":1778,"column":4},"end":{"line":1778,"column":104}},"637":{"start":{"line":1779,"column":4},"end":{"line":1779,"column":110}},"638":{"start":{"line":1780,"column":4},"end":{"line":1780,"column":104}},"639":{"start":{"line":1781,"column":4},"end":{"line":1781,"column":98}},"640":{"start":{"line":1782,"column":4},"end":{"line":1782,"column":98}},"641":{"start":{"line":1790,"column":36},"end":{"line":1790,"column":57}},"642":{"start":{"line":1791,"column":2},"end":{"line":1799,"column":15}},"643":{"start":{"line":1792,"column":4},"end":{"line":1798,"column":5}},"644":{"start":{"line":1793,"column":6},"end":{"line":1793,"column":25}},"645":{"start":{"line":1794,"column":6},"end":{"line":1797,"column":30}},"646":{"start":{"line":1796,"column":36},"end":{"line":1796,"column":46}},"647":{"start":{"line":1800,"column":40},"end":{"line":1800,"column":61}},"648":{"start":{"line":1801,"column":2},"end":{"line":1809,"column":17}},"649":{"start":{"line":1802,"column":4},"end":{"line":1808,"column":5}},"650":{"start":{"line":1803,"column":6},"end":{"line":1803,"column":27}},"651":{"start":{"line":1804,"column":6},"end":{"line":1807,"column":32}},"652":{"start":{"line":1806,"column":40},"end":{"line":1806,"column":50}},"653":{"start":{"line":1810,"column":36},"end":{"line":1810,"column":57}},"654":{"start":{"line":1811,"column":2},"end":{"line":1819,"column":15}},"655":{"start":{"line":1812,"column":4},"end":{"line":1818,"column":5}},"656":{"start":{"line":1813,"column":6},"end":{"line":1813,"column":25}},"657":{"start":{"line":1814,"column":6},"end":{"line":1817,"column":30}},"658":{"start":{"line":1816,"column":36},"end":{"line":1816,"column":46}},"659":{"start":{"line":1820,"column":32},"end":{"line":1820,"column":53}},"660":{"start":{"line":1821,"column":2},"end":{"line":1829,"column":13}},"661":{"start":{"line":1822,"column":4},"end":{"line":1828,"column":5}},"662":{"start":{"line":1823,"column":6},"end":{"line":1823,"column":23}},"663":{"start":{"line":1824,"column":6},"end":{"line":1827,"column":28}},"664":{"start":{"line":1830,"column":32},"end":{"line":1830,"column":53}},"665":{"start":{"line":1831,"column":2},"end":{"line":1839,"column":13}},"666":{"start":{"line":1832,"column":4},"end":{"line":1838,"column":5}},"667":{"start":{"line":1833,"column":6},"end":{"line":1833,"column":23}},"668":{"start":{"line":1834,"column":6},"end":{"line":1837,"column":28}},"669":{"start":{"line":1849,"column":15},"end":{"line":1849,"column":59}},"670":{"start":{"line":1850,"column":18},"end":{"line":1850,"column":61}},"671":{"start":{"line":1855,"column":2},"end":{"line":1871,"column":4}},"672":{"start":{"line":1878,"column":2},"end":{"line":1878,"column":74}},"673":{"start":{"line":1879,"column":2},"end":{"line":1881,"column":5}},"674":{"start":{"line":1880,"column":4},"end":{"line":1880,"column":30}},"675":{"start":{"line":1882,"column":2},"end":{"line":1882,"column":47}},"676":{"start":{"line":1886,"column":27},"end":{"line":1886,"column":62}},"677":{"start":{"line":1887,"column":16},"end":{"line":1887,"column":62}},"678":{"start":{"line":1888,"column":18},"end":{"line":1888,"column":122}},"679":{"start":{"line":1888,"column":38},"end":{"line":1888,"column":92}},"680":{"start":{"line":1889,"column":2},"end":{"line":1906,"column":9}},"681":{"start":{"line":1890,"column":24},"end":{"line":1892,"column":5}},"682":{"start":{"line":1893,"column":4},"end":{"line":1900,"column":21}},"683":{"start":{"line":1894,"column":26},"end":{"line":1894,"column":44}},"684":{"start":{"line":1896,"column":6},"end":{"line":1899,"column":7}},"685":{"start":{"line":1897,"column":8},"end":{"line":1897,"column":43}},"686":{"start":{"line":1898,"column":8},"end":{"line":1898,"column":34}},"687":{"start":{"line":1901,"column":4},"end":{"line":1901,"column":38}},"688":{"start":{"line":1902,"column":4},"end":{"line":1902,"column":33}},"689":{"start":{"line":1903,"column":4},"end":{"line":1905,"column":6}},"690":{"start":{"line":1904,"column":6},"end":{"line":1904,"column":85}},"691":{"start":{"line":1904,"column":59},"end":{"line":1904,"column":83}},"692":{"start":{"line":1908,"column":2},"end":{"line":1908,"column":26}},"693":{"start":{"line":1912,"column":28},"end":{"line":1912,"column":30}},"694":{"start":{"line":1913,"column":2},"end":{"line":1921,"column":5}},"695":{"start":{"line":1914,"column":4},"end":{"line":1916,"column":5}},"696":{"start":{"line":1915,"column":6},"end":{"line":1915,"column":62}},"697":{"start":{"line":1918,"column":4},"end":{"line":1920,"column":5}},"698":{"start":{"line":1919,"column":6},"end":{"line":1919,"column":69}},"699":{"start":{"line":1922,"column":2},"end":{"line":1922,"column":27}},"700":{"start":{"line":1925,"column":17},"end":{"line":1934,"column":1}},"701":{"start":{"line":1926,"column":16},"end":{"line":1929,"column":3}},"702":{"start":{"line":1930,"column":2},"end":{"line":1930,"column":46}},"703":{"start":{"line":1931,"column":2},"end":{"line":1931,"column":51}},"704":{"start":{"line":1932,"column":2},"end":{"line":1932,"column":38}},"705":{"start":{"line":1932,"column":19},"end":{"line":1932,"column":38}},"706":{"start":{"line":1933,"column":2},"end":{"line":1933,"column":44}},"707":{"start":{"line":1936,"column":22},"end":{"line":1946,"column":2}},"708":{"start":{"line":1944,"column":4},"end":{"line":1944,"column":75}},"709":{"start":{"line":1953,"column":15},"end":{"line":1955,"column":83}},"710":{"start":{"line":1955,"column":19},"end":{"line":1955,"column":83}},"711":{"start":{"line":1957,"column":0},"end":{"line":1959,"column":2}},"712":{"start":{"line":1968,"column":12},"end":{"line":2006,"column":1}},"713":{"start":{"line":1975,"column":2},"end":{"line":2005,"column":19}},"714":{"start":{"line":2008,"column":0},"end":{"line":2012,"column":2}},"715":{"start":{"line":2014,"column":24},"end":{"line":2014,"column":88}},"716":{"start":{"line":2025,"column":8},"end":{"line":2025,"column":18}},"717":{"start":{"line":2026,"column":19},"end":{"line":2026,"column":58}},"718":{"start":{"line":2027,"column":18},"end":{"line":2027,"column":39}},"719":{"start":{"line":2028,"column":16},"end":{"line":2028,"column":60}},"720":{"start":{"line":2029,"column":18},"end":{"line":2029,"column":39}},"721":{"start":{"line":2031,"column":4},"end":{"line":2033,"column":5}},"722":{"start":{"line":2032,"column":6},"end":{"line":2032,"column":19}},"723":{"start":{"line":2035,"column":4},"end":{"line":2035,"column":43}},"724":{"start":{"line":2039,"column":18},"end":{"line":2039,"column":56}},"725":{"start":{"line":2040,"column":4},"end":{"line":2040,"column":88}},"726":{"start":{"line":2045,"column":0},"end":{"line":2052,"column":2}},"727":{"start":{"line":2053,"column":0},"end":{"line":2060,"column":2}},"728":{"start":{"line":2066,"column":16},"end":{"line":2086,"column":1}},"729":{"start":{"line":2072,"column":2},"end":{"line":2085,"column":12}},"730":{"start":{"line":2088,"column":0},"end":{"line":2091,"column":2}},"731":{"start":{"line":2098,"column":18},"end":{"line":2110,"column":3}},"732":{"start":{"line":2101,"column":19},"end":{"line":2110,"column":3}},"733":{"start":{"line":2112,"column":0},"end":{"line":2116,"column":2}},"734":{"start":{"line":2130,"column":12},"end":{"line":2159,"column":1}},"735":{"start":{"line":2138,"column":32},"end":{"line":2138,"column":50}},"736":{"start":{"line":2139,"column":2},"end":{"line":2141,"column":14}},"737":{"start":{"line":2140,"column":4},"end":{"line":2140,"column":22}},"738":{"start":{"line":2142,"column":2},"end":{"line":2158,"column":6}},"739":{"start":{"line":2161,"column":0},"end":{"line":2168,"column":2}},"740":{"start":{"line":2177,"column":18},"end":{"line":2181,"column":13}},"741":{"start":{"line":2179,"column":19},"end":{"line":2181,"column":13}},"742":{"start":{"line":2183,"column":0},"end":{"line":2185,"column":2}},"743":{"start":{"line":2193,"column":14},"end":{"line":2207,"column":1}},"744":{"start":{"line":2196,"column":18},"end":{"line":2196,"column":93}},"745":{"start":{"line":2197,"column":2},"end":{"line":2206,"column":32}},"746":{"start":{"line":2209,"column":0},"end":{"line":2211,"column":2}},"747":{"start":{"line":2221,"column":15},"end":{"line":2244,"column":1}},"748":{"start":{"line":2229,"column":6},"end":{"line":2231,"column":4}},"749":{"start":{"line":2232,"column":2},"end":{"line":2236,"column":18}},"750":{"start":{"line":2233,"column":4},"end":{"line":2235,"column":7}},"751":{"start":{"line":2237,"column":2},"end":{"line":2243,"column":236}},"752":{"start":{"line":2240,"column":176},"end":{"line":2243,"column":4}},"753":{"start":{"line":2246,"column":0},"end":{"line":2250,"column":2}},"754":{"start":{"line":2259,"column":20},"end":{"line":2295,"column":1}},"755":{"start":{"line":2264,"column":6},"end":{"line":2266,"column":4}},"756":{"start":{"line":2267,"column":2},"end":{"line":2271,"column":18}},"757":{"start":{"line":2268,"column":4},"end":{"line":2270,"column":7}},"758":{"start":{"line":2284,"column":40},"end":{"line":2284,"column":60}},"759":{"start":{"line":2285,"column":38},"end":{"line":2285,"column":56}},"760":{"start":{"line":2286,"column":2},"end":{"line":2290,"column":5}},"761":{"start":{"line":2287,"column":4},"end":{"line":2287,"column":25}},"762":{"start":{"line":2288,"column":21},"end":{"line":2288,"column":74}},"763":{"start":{"line":2289,"column":4},"end":{"line":2289,"column":28}},"764":{"start":{"line":2291,"column":2},"end":{"line":2294,"column":76}},"765":{"start":{"line":2297,"column":0},"end":{"line":2299,"column":2}},"766":{"start":{"line":2308,"column":16},"end":{"line":2324,"column":1}},"767":{"start":{"line":2311,"column":2},"end":{"line":2316,"column":16}},"768":{"start":{"line":2312,"column":4},"end":{"line":2315,"column":7}},"769":{"start":{"line":2317,"column":2},"end":{"line":2323,"column":21}},"770":{"start":{"line":2326,"column":0},"end":{"line":2328,"column":2}},"771":{"start":{"line":2334,"column":15},"end":{"line":2361,"column":1}},"772":{"start":{"line":2342,"column":6},"end":{"line":2344,"column":4}},"773":{"start":{"line":2345,"column":2},"end":{"line":2349,"column":18}},"774":{"start":{"line":2346,"column":4},"end":{"line":2348,"column":7}},"775":{"start":{"line":2350,"column":32},"end":{"line":2350,"column":52}},"776":{"start":{"line":2351,"column":2},"end":{"line":2353,"column":78}},"777":{"start":{"line":2352,"column":4},"end":{"line":2352,"column":26}},"778":{"start":{"line":2354,"column":2},"end":{"line":2360,"column":254}},"779":{"start":{"line":2357,"column":138},"end":{"line":2360,"column":4}},"780":{"start":{"line":2363,"column":0},"end":{"line":2366,"column":2}},"781":{"start":{"line":2369,"column":1},"end":{"line":2375,"column":47}},"782":{"start":{"line":2373,"column":6},"end":{"line":2373,"column":95}},"783":{"start":{"line":2379,"column":1},"end":{"line":2379,"column":92}},"784":{"start":{"line":2389,"column":28},"end":{"line":2389,"column":56}},"785":{"start":{"line":2390,"column":21},"end":{"line":2390,"column":52}},"786":{"start":{"line":2391,"column":23},"end":{"line":2391,"column":60}},"787":{"start":{"line":2394,"column":2},"end":{"line":2396,"column":3}},"788":{"start":{"line":2395,"column":4},"end":{"line":2395,"column":81}},"789":{"start":{"line":2398,"column":2},"end":{"line":2398,"column":21}},"790":{"start":{"line":2402,"column":2},"end":{"line":2446,"column":3}},"791":{"start":{"line":2403,"column":4},"end":{"line":2405,"column":5}},"792":{"start":{"line":2404,"column":6},"end":{"line":2404,"column":19}},"793":{"start":{"line":2409,"column":16},"end":{"line":2409,"column":33}},"794":{"start":{"line":2411,"column":4},"end":{"line":2411,"column":20}},"795":{"start":{"line":2413,"column":4},"end":{"line":2415,"column":5}},"796":{"start":{"line":2414,"column":6},"end":{"line":2414,"column":19}},"797":{"start":{"line":2418,"column":16},"end":{"line":2418,"column":18}},"798":{"start":{"line":2420,"column":4},"end":{"line":2422,"column":5}},"799":{"start":{"line":2420,"column":17},"end":{"line":2420,"column":18}},"800":{"start":{"line":2421,"column":6},"end":{"line":2421,"column":46}},"801":{"start":{"line":2424,"column":17},"end":{"line":2426,"column":6}},"802":{"start":{"line":2425,"column":6},"end":{"line":2425,"column":22}},"803":{"start":{"line":2428,"column":4},"end":{"line":2430,"column":5}},"804":{"start":{"line":2429,"column":6},"end":{"line":2429,"column":19}},"805":{"start":{"line":2433,"column":16},"end":{"line":2433,"column":18}},"806":{"start":{"line":2434,"column":4},"end":{"line":2436,"column":7}},"807":{"start":{"line":2435,"column":6},"end":{"line":2435,"column":29}},"808":{"start":{"line":2438,"column":4},"end":{"line":2440,"column":5}},"809":{"start":{"line":2439,"column":6},"end":{"line":2439,"column":19}},"810":{"start":{"line":2442,"column":4},"end":{"line":2442,"column":16}},"811":{"start":{"line":2445,"column":4},"end":{"line":2445,"column":17}},"812":{"start":{"line":2449,"column":19},"end":{"line":2475,"column":1}},"813":{"start":{"line":2451,"column":11},"end":{"line":2451,"column":27}},"814":{"start":{"line":2454,"column":2},"end":{"line":2472,"column":3}},"815":{"start":{"line":2454,"column":15},"end":{"line":2454,"column":16}},"816":{"start":{"line":2455,"column":4},"end":{"line":2455,"column":32}},"817":{"start":{"line":2457,"column":4},"end":{"line":2461,"column":5}},"818":{"start":{"line":2458,"column":6},"end":{"line":2460,"column":7}},"819":{"start":{"line":2459,"column":8},"end":{"line":2459,"column":28}},"820":{"start":{"line":2463,"column":4},"end":{"line":2471,"column":5}},"821":{"start":{"line":2464,"column":6},"end":{"line":2464,"column":44}},"822":{"start":{"line":2466,"column":6},"end":{"line":2470,"column":7}},"823":{"start":{"line":2466,"column":19},"end":{"line":2466,"column":20}},"824":{"start":{"line":2467,"column":8},"end":{"line":2469,"column":9}},"825":{"start":{"line":2468,"column":10},"end":{"line":2468,"column":44}},"826":{"start":{"line":2474,"column":2},"end":{"line":2474,"column":12}},"827":{"start":{"line":2477,"column":8},"end":{"line":2477,"column":50}},"828":{"start":{"line":2478,"column":8},"end":{"line":2478,"column":47}},"829":{"start":{"line":2479,"column":8},"end":{"line":2479,"column":46}},"830":{"start":{"line":2480,"column":8},"end":{"line":2480,"column":48}},"831":{"start":{"line":2481,"column":8},"end":{"line":2481,"column":51}},"832":{"start":{"line":2482,"column":8},"end":{"line":2482,"column":48}},"833":{"start":{"line":2483,"column":8},"end":{"line":2483,"column":48}},"834":{"start":{"line":2484,"column":8},"end":{"line":2484,"column":47}},"835":{"start":{"line":2485,"column":8},"end":{"line":2485,"column":51}},"836":{"start":{"line":2486,"column":8},"end":{"line":2486,"column":48}},"837":{"start":{"line":2487,"column":8},"end":{"line":2487,"column":44}},"838":{"start":{"line":2488,"column":8},"end":{"line":2488,"column":44}},"839":{"start":{"line":2489,"column":8},"end":{"line":2489,"column":55}},"840":{"start":{"line":2492,"column":2},"end":{"line":2492,"column":162}},"841":{"start":{"line":2492,"column":15},"end":{"line":2492,"column":75}},"842":{"start":{"line":2492,"column":81},"end":{"line":2492,"column":82}},"843":{"start":{"line":2492,"column":111},"end":{"line":2492,"column":162}},"844":{"start":{"line":2494,"column":2},"end":{"line":2494,"column":170}},"845":{"start":{"line":2497,"column":8},"end":{"line":2504,"column":1}},"846":{"start":{"line":2499,"column":4},"end":{"line":2499,"column":14}},"847":{"start":{"line":2505,"column":8},"end":{"line":2505,"column":10}},"848":{"start":{"line":2508,"column":2},"end":{"line":2508,"column":17}},"849":{"start":{"line":2509,"column":2},"end":{"line":2509,"column":19}},"850":{"start":{"line":2510,"column":2},"end":{"line":2510,"column":16}},"851":{"start":{"line":2511,"column":2},"end":{"line":2511,"column":24}},"852":{"start":{"line":2514,"column":0},"end":{"line":2514,"column":34}},"853":{"start":{"line":2516,"column":0},"end":{"line":2519,"column":2}},"854":{"start":{"line":2517,"column":2},"end":{"line":2517,"column":88}},"855":{"start":{"line":2517,"column":69},"end":{"line":2517,"column":88}},"856":{"start":{"line":2518,"column":2},"end":{"line":2518,"column":55}},"857":{"start":{"line":2521,"column":0},"end":{"line":2523,"column":2}},"858":{"start":{"line":2522,"column":2},"end":{"line":2522,"column":58}},"859":{"start":{"line":2527,"column":0},"end":{"line":2527,"column":26}},"860":{"start":{"line":2530,"column":2},"end":{"line":2530,"column":17}},"861":{"start":{"line":2531,"column":2},"end":{"line":2531,"column":19}},"862":{"start":{"line":2532,"column":2},"end":{"line":2532,"column":16}},"863":{"start":{"line":2533,"column":2},"end":{"line":2533,"column":24}},"864":{"start":{"line":2536,"column":8},"end":{"line":2536,"column":29}},"865":{"start":{"line":2537,"column":0},"end":{"line":2537,"column":18}},"866":{"start":{"line":2538,"column":0},"end":{"line":2538,"column":29}},"867":{"start":{"line":2539,"column":0},"end":{"line":2539,"column":28}},"868":{"start":{"line":2540,"column":8},"end":{"line":2542,"column":1}},"869":{"start":{"line":2543,"column":8},"end":{"line":2543,"column":39}},"870":{"start":{"line":2544,"column":8},"end":{"line":2549,"column":1}},"871":{"start":{"line":2553,"column":10},"end":{"line":2553,"column":12}},"872":{"start":{"line":2554,"column":10},"end":{"line":2554,"column":14}},"873":{"start":{"line":2555,"column":10},"end":{"line":2555,"column":14}},"874":{"start":{"line":2556,"column":2},"end":{"line":2556,"column":155}},"875":{"start":{"line":2556,"column":17},"end":{"line":2556,"column":155}},"876":{"start":{"line":2556,"column":101},"end":{"line":2556,"column":155}},"877":{"start":{"line":2557,"column":10},"end":{"line":2557,"column":30}},"878":{"start":{"line":2558,"column":2},"end":{"line":2562,"column":3}},"879":{"start":{"line":2558,"column":15},"end":{"line":2558,"column":30}},"880":{"start":{"line":2558,"column":35},"end":{"line":2562,"column":3}},"881":{"start":{"line":2559,"column":4},"end":{"line":2559,"column":70}},"882":{"start":{"line":2559,"column":17},"end":{"line":2559,"column":25}},"883":{"start":{"line":2559,"column":31},"end":{"line":2559,"column":32}},"884":{"start":{"line":2559,"column":46},"end":{"line":2559,"column":70}},"885":{"start":{"line":2561,"column":4},"end":{"line":2561,"column":19}},"886":{"start":{"line":2563,"column":2},"end":{"line":2563,"column":93}},"887":{"start":{"line":2563,"column":27},"end":{"line":2563,"column":93}},"888":{"start":{"line":2563,"column":60},"end":{"line":2563,"column":93}},"889":{"start":{"line":2564,"column":2},"end":{"line":2571,"column":4}},"890":{"start":{"line":2575,"column":2},"end":{"line":2582,"column":4}},"891":{"start":{"line":2586,"column":2},"end":{"line":2586,"column":65}},"892":{"start":{"line":2590,"column":10},"end":{"line":2593,"column":3}},"893":{"start":{"line":2594,"column":2},"end":{"line":2596,"column":5}},"894":{"start":{"line":2595,"column":4},"end":{"line":2595,"column":16}},"895":{"start":{"line":2599,"column":8},"end":{"line":2599,"column":14}},"896":{"start":{"line":2600,"column":8},"end":{"line":2600,"column":10}},"897":{"start":{"line":2603,"column":2},"end":{"line":2611,"column":3}},"898":{"start":{"line":2604,"column":12},"end":{"line":2604,"column":19}},"899":{"start":{"line":2605,"column":4},"end":{"line":2605,"column":17}},"900":{"start":{"line":2606,"column":4},"end":{"line":2606,"column":20}},"901":{"start":{"line":2607,"column":4},"end":{"line":2607,"column":15}},"902":{"start":{"line":2608,"column":4},"end":{"line":2608,"column":18}},"903":{"start":{"line":2609,"column":4},"end":{"line":2609,"column":16}},"904":{"start":{"line":2610,"column":4},"end":{"line":2610,"column":13}},"905":{"start":{"line":2613,"column":2},"end":{"line":2619,"column":4}},"906":{"start":{"line":2623,"column":2},"end":{"line":2623,"column":18}},"907":{"start":{"line":2624,"column":2},"end":{"line":2624,"column":21}},"908":{"start":{"line":2625,"column":2},"end":{"line":2625,"column":16}},"909":{"start":{"line":2626,"column":2},"end":{"line":2626,"column":19}},"910":{"start":{"line":2627,"column":2},"end":{"line":2627,"column":14}},"911":{"start":{"line":2628,"column":2},"end":{"line":2628,"column":29}},"912":{"start":{"line":2632,"column":10},"end":{"line":2632,"column":18}},"913":{"start":{"line":2633,"column":2},"end":{"line":2633,"column":53}},"914":{"start":{"line":2633,"column":44},"end":{"line":2633,"column":53}},"915":{"start":{"line":2634,"column":10},"end":{"line":2634,"column":12}},"916":{"start":{"line":2635,"column":2},"end":{"line":2648,"column":3}},"917":{"start":{"line":2635,"column":18},"end":{"line":2635,"column":25}},"918":{"start":{"line":2635,"column":30},"end":{"line":2648,"column":3}},"919":{"start":{"line":2638,"column":6},"end":{"line":2638,"column":13}},"920":{"start":{"line":2639,"column":6},"end":{"line":2639,"column":12}},"921":{"start":{"line":2642,"column":6},"end":{"line":2646,"column":7}},"922":{"start":{"line":2645,"column":10},"end":{"line":2645,"column":17}},"923":{"start":{"line":2649,"column":2},"end":{"line":2649,"column":57}},"924":{"start":{"line":2649,"column":9},"end":{"line":2649,"column":57}},"925":{"start":{"line":2650,"column":2},"end":{"line":2650,"column":8}},"926":{"start":{"line":2651,"column":2},"end":{"line":2651,"column":31}},"927":{"start":{"line":2652,"column":2},"end":{"line":2656,"column":410}},"928":{"start":{"line":2652,"column":24},"end":{"line":2656,"column":3}},"929":{"start":{"line":2652,"column":37},"end":{"line":2652,"column":38}},"930":{"start":{"line":2653,"column":4},"end":{"line":2653,"column":13}},"931":{"start":{"line":2654,"column":12},"end":{"line":2654,"column":23}},"932":{"start":{"line":2655,"column":4},"end":{"line":2655,"column":23}},"933":{"start":{"line":2656,"column":9},"end":{"line":2656,"column":410}},"934":{"start":{"line":2656,"column":163},"end":{"line":2656,"column":264}},"935":{"start":{"line":2656,"column":213},"end":{"line":2656,"column":264}},"936":{"start":{"line":2656,"column":269},"end":{"line":2656,"column":410}},"937":{"start":{"line":2656,"column":289},"end":{"line":2656,"column":410}},"938":{"start":{"line":2657,"column":2},"end":{"line":2657,"column":11}},"939":{"start":{"line":2661,"column":2},"end":{"line":2661,"column":40}},"940":{"start":{"line":2665,"column":2},"end":{"line":2665,"column":95}},"941":{"start":{"line":2669,"column":2},"end":{"line":2669,"column":39}},"942":{"start":{"line":2673,"column":10},"end":{"line":2673,"column":18}},"943":{"start":{"line":2674,"column":10},"end":{"line":2674,"column":21}},"944":{"start":{"line":2675,"column":2},"end":{"line":2675,"column":43}},"945":{"start":{"line":2676,"column":2},"end":{"line":2678,"column":138}},"946":{"start":{"line":2677,"column":4},"end":{"line":2677,"column":13}},"947":{"start":{"line":2682,"column":10},"end":{"line":2682,"column":12}},"948":{"start":{"line":2683,"column":2},"end":{"line":2683,"column":54}},"949":{"start":{"line":2684,"column":2},"end":{"line":2684,"column":20}},"950":{"start":{"line":2685,"column":2},"end":{"line":2685,"column":14}},"951":{"start":{"line":2686,"column":2},"end":{"line":2686,"column":7}},"952":{"start":{"line":2689,"column":8},"end":{"line":2691,"column":1}},"953":{"start":{"line":2694,"column":10},"end":{"line":2694,"column":19}},"954":{"start":{"line":2695,"column":2},"end":{"line":2695,"column":38}},"955":{"start":{"line":2695,"column":18},"end":{"line":2695,"column":38}},"956":{"start":{"line":2696,"column":2},"end":{"line":2696,"column":11}},"957":{"start":{"line":2699,"column":9},"end":{"line":2709,"column":1}},"958":{"start":{"line":2710,"column":15},"end":{"line":2739,"column":1}},"959":{"start":{"line":2712,"column":4},"end":{"line":2712,"column":28}},"960":{"start":{"line":2712,"column":19},"end":{"line":2712,"column":28}},"961":{"start":{"line":2713,"column":12},"end":{"line":2713,"column":14}},"962":{"start":{"line":2714,"column":4},"end":{"line":2714,"column":24}},"963":{"start":{"line":2715,"column":4},"end":{"line":2715,"column":13}},"964":{"start":{"line":2718,"column":4},"end":{"line":2718,"column":28}},"965":{"start":{"line":2718,"column":19},"end":{"line":2718,"column":28}},"966":{"start":{"line":2719,"column":4},"end":{"line":2719,"column":28}},"967":{"start":{"line":2720,"column":4},"end":{"line":2720,"column":15}},"968":{"start":{"line":2721,"column":4},"end":{"line":2721,"column":9}},"969":{"start":{"line":2724,"column":4},"end":{"line":2726,"column":13}},"970":{"start":{"line":2725,"column":6},"end":{"line":2725,"column":18}},"971":{"start":{"line":2729,"column":12},"end":{"line":2729,"column":14}},"972":{"start":{"line":2730,"column":4},"end":{"line":2732,"column":7}},"973":{"start":{"line":2731,"column":6},"end":{"line":2731,"column":15}},"974":{"start":{"line":2733,"column":4},"end":{"line":2733,"column":13}},"975":{"start":{"line":2736,"column":4},"end":{"line":2736,"column":35}},"976":{"start":{"line":2736,"column":15},"end":{"line":2736,"column":35}},"977":{"start":{"line":2737,"column":4},"end":{"line":2737,"column":13}},"978":{"start":{"line":2740,"column":16},"end":{"line":2740,"column":17}},"979":{"start":{"line":2741,"column":15},"end":{"line":2741,"column":16}},"980":{"start":{"line":2742,"column":15},"end":{"line":2742,"column":16}},"981":{"start":{"line":2743,"column":20},"end":{"line":2743,"column":21}},"982":{"start":{"line":2744,"column":17},"end":{"line":2744,"column":18}},"983":{"start":{"line":2745,"column":15},"end":{"line":2745,"column":16}},"984":{"start":{"line":2746,"column":57},"end":{"line":2746,"column":59}},"985":{"start":{"line":2748,"column":19},"end":{"line":2779,"column":1}},"986":{"start":{"line":2749,"column":2},"end":{"line":2749,"column":57}},"987":{"start":{"line":2749,"column":34},"end":{"line":2749,"column":57}},"988":{"start":{"line":2750,"column":10},"end":{"line":2750,"column":35}},"989":{"start":{"line":2751,"column":10},"end":{"line":2751,"column":15}},"990":{"start":{"line":2752,"column":10},"end":{"line":2752,"column":15}},"991":{"start":{"line":2753,"column":10},"end":{"line":2753,"column":18}},"992":{"start":{"line":2755,"column":2},"end":{"line":2761,"column":3}},"993":{"start":{"line":2756,"column":4},"end":{"line":2756,"column":51}},"994":{"start":{"line":2757,"column":4},"end":{"line":2757,"column":41}},"995":{"start":{"line":2758,"column":4},"end":{"line":2758,"column":67}},"996":{"start":{"line":2758,"column":47},"end":{"line":2758,"column":66}},"997":{"start":{"line":2760,"column":4},"end":{"line":2760,"column":112}},"998":{"start":{"line":2760,"column":17},"end":{"line":2760,"column":112}},"999":{"start":{"line":2763,"column":10},"end":{"line":2763,"column":30}},"1000":{"start":{"line":2764,"column":2},"end":{"line":2770,"column":3}},"1001":{"start":{"line":2764,"column":15},"end":{"line":2764,"column":30}},"1002":{"start":{"line":2764,"column":35},"end":{"line":2770,"column":3}},"1003":{"start":{"line":2765,"column":4},"end":{"line":2765,"column":17}},"1004":{"start":{"line":2767,"column":4},"end":{"line":2767,"column":56}},"1005":{"start":{"line":2767,"column":17},"end":{"line":2767,"column":18}},"1006":{"start":{"line":2767,"column":32},"end":{"line":2767,"column":56}},"1007":{"start":{"line":2769,"column":4},"end":{"line":2769,"column":19}},"1008":{"start":{"line":2771,"column":2},"end":{"line":2778,"column":4}},"1009":{"start":{"line":2781,"column":20},"end":{"line":2797,"column":1}},"1010":{"start":{"line":2782,"column":2},"end":{"line":2782,"column":29}},"1011":{"start":{"line":2783,"column":2},"end":{"line":2791,"column":4}},"1012":{"start":{"line":2792,"column":2},"end":{"line":2795,"column":4}},"1013":{"start":{"line":2796,"column":2},"end":{"line":2796,"column":24}},"1014":{"start":{"line":2799,"column":20},"end":{"line":2799,"column":21}},"1015":{"start":{"line":2801,"column":20},"end":{"line":2805,"column":1}},"1016":{"start":{"line":2802,"column":10},"end":{"line":2802,"column":25}},"1017":{"start":{"line":2803,"column":2},"end":{"line":2803,"column":13}},"1018":{"start":{"line":2804,"column":2},"end":{"line":2804,"column":11}},"1019":{"start":{"line":2807,"column":16},"end":{"line":2811,"column":1}},"1020":{"start":{"line":2808,"column":2},"end":{"line":2810,"column":4}},"1021":{"start":{"line":2813,"column":17},"end":{"line":2818,"column":1}},"1022":{"start":{"line":2814,"column":2},"end":{"line":2817,"column":4}},"1023":{"start":{"line":2820,"column":21},"end":{"line":2820,"column":22}},"1024":{"start":{"line":2822,"column":11},"end":{"line":2829,"column":1}},"1025":{"start":{"line":2823,"column":2},"end":{"line":2828,"column":4}},"1026":{"start":{"line":2831,"column":11},"end":{"line":2837,"column":1}},"1027":{"start":{"line":2832,"column":2},"end":{"line":2836,"column":4}},"1028":{"start":{"line":2839,"column":18},"end":{"line":2841,"column":1}},"1029":{"start":{"line":2840,"column":2},"end":{"line":2840,"column":31}},"1030":{"start":{"line":2843,"column":17},"end":{"line":2845,"column":1}},"1031":{"start":{"line":2844,"column":2},"end":{"line":2844,"column":30}},"1032":{"start":{"line":2847,"column":20},"end":{"line":2847,"column":34}},"1033":{"start":{"line":2849,"column":16},"end":{"line":2851,"column":1}},"1034":{"start":{"line":2850,"column":2},"end":{"line":2850,"column":29}},"1035":{"start":{"line":2853,"column":26},"end":{"line":2855,"column":1}},"1036":{"start":{"line":2854,"column":2},"end":{"line":2854,"column":42}},"1037":{"start":{"line":2857,"column":22},"end":{"line":2859,"column":1}},"1038":{"start":{"line":2858,"column":2},"end":{"line":2858,"column":35}},"1039":{"start":{"line":2861,"column":14},"end":{"line":2863,"column":1}},"1040":{"start":{"line":2862,"column":2},"end":{"line":2862,"column":27}},"1041":{"start":{"line":2865,"column":17},"end":{"line":2867,"column":1}},"1042":{"start":{"line":2866,"column":2},"end":{"line":2866,"column":33}},"1043":{"start":{"line":2869,"column":13},"end":{"line":2871,"column":1}},"1044":{"start":{"line":2870,"column":2},"end":{"line":2870,"column":23}},"1045":{"start":{"line":2873,"column":15},"end":{"line":2875,"column":1}},"1046":{"start":{"line":2874,"column":2},"end":{"line":2874,"column":25}},"1047":{"start":{"line":2877,"column":14},"end":{"line":2877,"column":23}},"1048":{"start":{"line":2879,"column":27},"end":{"line":2908,"column":1}},"1049":{"start":{"line":2917,"column":27},"end":{"line":2917,"column":73}},"1050":{"start":{"line":2918,"column":29},"end":{"line":2918,"column":49}},"1051":{"start":{"line":2920,"column":19},"end":{"line":2920,"column":33}},"1052":{"start":{"line":2922,"column":0},"end":{"line":2942,"column":1}},"1053":{"start":{"line":2923,"column":31},"end":{"line":2923,"column":53}},"1054":{"start":{"line":2925,"column":27},"end":{"line":2925,"column":29}},"1055":{"start":{"line":2926,"column":12},"end":{"line":2926,"column":63}},"1056":{"start":{"line":2928,"column":2},"end":{"line":2941,"column":4}},"1057":{"start":{"line":2929,"column":18},"end":{"line":2929,"column":36}},"1058":{"start":{"line":2931,"column":4},"end":{"line":2933,"column":5}},"1059":{"start":{"line":2932,"column":6},"end":{"line":2932,"column":29}},"1060":{"start":{"line":2935,"column":4},"end":{"line":2940,"column":18}},"1061":{"start":{"line":2939,"column":6},"end":{"line":2939,"column":31}},"1062":{"start":{"line":2957,"column":2},"end":{"line":2991,"column":3}},"1063":{"start":{"line":2958,"column":4},"end":{"line":2990,"column":5}},"1064":{"start":{"line":2959,"column":6},"end":{"line":2989,"column":7}},"1065":{"start":{"line":2964,"column":8},"end":{"line":2976,"column":9}},"1066":{"start":{"line":2967,"column":10},"end":{"line":2971,"column":11}},"1067":{"start":{"line":2968,"column":22},"end":{"line":2968,"column":246}},"1068":{"start":{"line":2969,"column":12},"end":{"line":2969,"column":45}},"1069":{"start":{"line":2970,"column":12},"end":{"line":2970,"column":22}},"1070":{"start":{"line":2973,"column":10},"end":{"line":2973,"column":119}},"1071":{"start":{"line":2975,"column":10},"end":{"line":2975,"column":21}},"1072":{"start":{"line":2978,"column":8},"end":{"line":2980,"column":9}},"1073":{"start":{"line":2979,"column":10},"end":{"line":2979,"column":410}},"1074":{"start":{"line":2982,"column":8},"end":{"line":2988,"column":9}},"1075":{"start":{"line":2985,"column":10},"end":{"line":2985,"column":51}},"1076":{"start":{"line":2986,"column":22},"end":{"line":2986,"column":48}},"1077":{"start":{"line":2987,"column":10},"end":{"line":2987,"column":104}},"1078":{"start":{"line":3000,"column":0},"end":{"line":3004,"column":2}},"1079":{"start":{"line":3001,"column":2},"end":{"line":3003,"column":3}},"1080":{"start":{"line":3002,"column":4},"end":{"line":3002,"column":28}},"1081":{"start":{"line":3006,"column":23},"end":{"line":3006,"column":37}},"1082":{"start":{"line":3008,"column":24},"end":{"line":4875,"column":2}},"1083":{"start":{"line":3010,"column":0},"end":{"line":4874,"column":1}},"1084":{"start":{"line":3011,"column":2},"end":{"line":4873,"column":7}},"1085":{"start":{"line":3013,"column":18},"end":{"line":3013,"column":30}},"1086":{"start":{"line":3015,"column":25},"end":{"line":3015,"column":41}},"1087":{"start":{"line":3017,"column":23},"end":{"line":3017,"column":32}},"1088":{"start":{"line":3020,"column":20},"end":{"line":3020,"column":62}},"1089":{"start":{"line":3021,"column":29},"end":{"line":3021,"column":77}},"1090":{"start":{"line":3022,"column":28},"end":{"line":3022,"column":75}},"1091":{"start":{"line":3023,"column":30},"end":{"line":3023,"column":79}},"1092":{"start":{"line":3024,"column":33},"end":{"line":3024,"column":85}},"1093":{"start":{"line":3025,"column":30},"end":{"line":3025,"column":79}},"1094":{"start":{"line":3026,"column":30},"end":{"line":3026,"column":79}},"1095":{"start":{"line":3027,"column":29},"end":{"line":3027,"column":77}},"1096":{"start":{"line":3029,"column":37},"end":{"line":3029,"column":93}},"1097":{"start":{"line":3030,"column":33},"end":{"line":3030,"column":85}},"1098":{"start":{"line":3031,"column":30},"end":{"line":3031,"column":79}},"1099":{"start":{"line":3032,"column":35},"end":{"line":3032,"column":89}},"1100":{"start":{"line":3033,"column":26},"end":{"line":3033,"column":71}},"1101":{"start":{"line":3034,"column":26},"end":{"line":3034,"column":71}},"1102":{"start":{"line":3035,"column":27},"end":{"line":3035,"column":73}},"1103":{"start":{"line"
[...]
0,"1254":0,"1255":0,"1256":1,"1257":1,"1258":1,"1259":0,"1260":0,"1261":0,"1262":0,"1263":0,"1264":0,"1265":0,"1266":0,"1267":0,"1268":0,"1269":0,"1270":0,"1271":0,"1272":0,"1273":0,"1274":0,"1275":0,"1276":0,"1277":0,"1278":0,"1279":0,"1280":0,"1281":0,"1282":0,"1283":0,"1284":0,"1285":0,"1286":1,"1287":0,"1288":0,"1289":0,"1290":0,"1291":0,"1292":0,"1293":0,"1294":0,"1295":0,"1296":0,"1297":0,"1298":0,"1299":0,"1300":0,"1301":0,"1302":0,"1303":0,"1304":0,"1305":0,"1306":0,"1307":0,"1308":0,"1309":0,"1310":0,"1311":0,"1312":0,"1313":0,"1314":0,"1315":0,"1316":0,"1317":0,"1318":0,"1319":0,"1320":0,"1321":0,"1322":0,"1323":0,"1324":0,"1325":0,"1326":0,"1327":0,"1328":0,"1329":0,"1330":0,"1331":0,"1332":0,"1333":0,"1334":0,"1335":0,"1336":0,"1337":0,"1338":0,"1339":0,"1340":0,"1341":0,"1342":0,"1343":0,"1344":0,"1345":0,"1346":0,"1347":0,"1348":0,"1349":0,"1350":0,"1351":0,"1352":0,"1353":0,"1354":0,"1355":0,"1356":0,"1357":0,"1358":0,"1359":0,"1360":0,"1361":0,"1362":0,"1363":0,"1364":0,"1365":0,"1366":0,"1367":0,"1368":0,"1369":1,"1370":1,"1371":0,"1372":0,"1373":0,"1374":0,"1375":0,"1376":1,"1377":1,"1378":0,"1379":1,"1380":1,"1381":0,"1382":0,"1383":0,"1384":0,"1385":0,"1386":0,"1387":0,"1388":0,"1389":0,"1390":0,"1391":0,"1392":0,"1393":0,"1394":0,"1395":0,"1396":0,"1397":0,"1398":0,"1399":0,"1400":0,"1401":0,"1402":0,"1403":0,"1404":0,"1405":0,"1406":0,"1407":0,"1408":0,"1409":0,"1410":0,"1411":0,"1412":0,"1413":0,"1414":0,"1415":0,"1416":0,"1417":0,"1418":0,"1419":0,"1420":0,"1421":0,"1422":0,"1423":0,"1424":0,"1425":0,"1426":0,"1427":0,"1428":0,"1429":0,"1430":0,"1431":0,"1432":0,"1433":0,"1434":0,"1435":0,"1436":0,"1437":0,"1438":0,"1439":0,"1440":0,"1441":0,"1442":0,"1443":0,"1444":0,"1445":0,"1446":0,"1447":0,"1448":0,"1449":0,"1450":0,"1451":0,"1452":0,"1453":0,"1454":0,"1455":0,"1456":0,"1457":0,"1458":0,"1459":0,"1460":0,"1461":0,"1462":0,"1463":0,"1464":0,"1465":0,"1466":0,"1467":0,"1468":0,"1469":0,"1470":0,"1471":0,"1472":0,"1473":0,"1474":0,"1475":0,"1476":0,"1477":0,"1478":0,"1479":0,"1480":0,"1481":0,"1482":0,"1483":0,"1484":0,"1485":0,"1486":0,"1487":0,"1488":0,"1489":0,"1490":0,"1491":0,"1492":0,"1493":0,"1494":0,"1495":0,"1496":0,"1497":0,"1498":0,"1499":0,"1500":0,"1501":0,"1502":0,"1503":0,"1504":0,"1505":0,"1506":0,"1507":0,"1508":0,"1509":0,"1510":0,"1511":0,"1512":0,"1513":0,"1514":0,"1515":0,"1516":0,"1517":0,"1518":0,"1519":0,"1520":0,"1521":0,"1522":0,"1523":0,"1524":0,"1525":0,"1526":0,"1527":0,"1528":0,"1529":0,"1530":0,"1531":0,"1532":0,"1533":0,"1534":0,"1535":0,"1536":0,"1537":0,"1538":0,"1539":0,"1540":0,"1541":0,"1542":0,"1543":0,"1544":0,"1545":0,"1546":0,"1547":0,"1548":0,"1549":0,"1550":0,"1551":0,"1552":0,"1553":0,"1554":0,"1555":0,"1556":0,"1557":0,"1558":0,"1559":0,"1560":0,"1561":0,"1562":0,"1563":0,"1564":0,"1565":0,"1566":0,"1567":0,"1568":0,"1569":1,"1570":0,"1571":0,"1572":0,"1573":0,"1574":0,"1575":0,"1576":0,"1577":0,"1578":0,"1579":0,"1580":0,"1581":0,"1582":0,"1583":1,"1584":0,"1585":0,"1586":0,"1587":0,"1588":0,"1589":0,"1590":0,"1591":0,"1592":0,"1593":0,"1594":0,"1595":0,"1596":0,"1597":0,"1598":0,"1599":0,"1600":0,"1601":0,"1602":0,"1603":0,"1604":0,"1605":0,"1606":0,"1607":0,"1608":0,"1609":0,"1610":0,"1611":0,"1612":0,"1613":0,"1614":0,"1615":0,"1616":0,"1617":0,"1618":0,"1619":0,"1620":0,"1621":0,"1622":0,"1623":0,"1624":0,"1625":0,"1626":0,"1627":0,"1628":0,"1629":0,"1630":0,"1631":0,"1632":0,"1633":0,"1634":0,"1635":0,"1636":0,"1637":0,"1638":0,"1639":0,"1640":0,"1641":0,"1642":0,"1643":0,"1644":0,"1645":0,"1646":0,"1647":0,"1648":0,"1649":0,"1650":0,"1651":0,"1652":0,"1653":0,"1654":0,"1655":0,"1656":0,"1657":0,"1658":0,"1659":0,"1660":0,"1661":0,"1662":0,"1663":0,"1664":0,"1665":0,"1666":0,"1667":0,"1668":0,"1669":0,"1670":0,"1671":0,"1672":0,"1673":0,"1674":0,"1675":0,"1676":0,"1677":0,"1678":0,"1679":0,"1680":1,"1681":0,"1682":0,"1683":0,"1684":0,"1685":0,"1686":0,"1687":0,"1688":0,"1689":0,"1690":0,"1691":0,"1692":0,"1693":0,"1694":0,"1695":0,"1696":0,"1697":1,"1698":1,"1699":1,"1700":1,"1701":1,"1702":1,"1703":1,"1704":1,"1705":1,"1706":1,"1707":1,"1708":1,"1709":1,"1710":1,"1711":1,"1712":1,"1713":1,"1714":1,"1715":1,"1716":1,"1717":1,"1718":1,"1719":1,"1720":1,"1721":1,"1722":1,"1723":1,"1724":1,"1725":1,"1726":1,"1727":1,"1728":1,"1729":1,"1730":1,"1731":1,"1732":1,"1733":1,"1734":1,"1735":1,"1736":1,"1737":0,"1738":1,"1739":1,"1740":0,"1741":0,"1742":0,"1743":1,"1744":1,"1745":0,"1746":0,"1747":0,"1748":0,"1749":0,"1750":0,"1751":0,"1752":0,"1753":1,"1754":1,"1755":0,"1756":0,"1757":0,"1758":0,"1759":0,"1760":0,"1761":0,"1762":0,"1763":0,"1764":0,"1765":1,"1766":1,"1767":0,"1768":0,"1769":0,"1770":0,"1771":0,"1772":0,"1773":0,"1774":0,"1775":0,"1776":0,"1777":0,"1778":0,"1779":0,"1780":0,"1781":0,"1782":0,"1783":0,"1784":0,"1785":0,"1786":0,"1787":0,"1788":0,"1789":0,"1790":0,"1791":0,"1792":0,"1793":1,"1794":1,"1795":0,"1796":0,"1797":0,"1798":0,"1799":0,"1800":0,"1801":0,"1802":0,"1803":0,"1804":1,"1805":0,"1806":0,"1807":0,"1808":0,"1809":0,"1810":1,"1811":1,"1812":0,"1813":1,"1814":1,"1815":0,"1816":1,"1817":1,"1818":12,"1819":12,"1820":12,"1821":12,"1822":12,"1823":12,"1824":12,"1825":12,"1826":12,"1827":12,"1828":60,"1829":12,"1830":12,"1831":3,"1832":12,"1833":12,"1834":12,"1835":1,"1836":12,"1837":12,"1838":12,"1839":6,"1840":1,"1841":14,"1842":1,"1843":0,"1844":0,"1845":0,"1846":1,"1847":0,"1848":1,"1849":90,"1850":1,"1851":33,"1852":1,"1853":0,"1854":0,"1855":1,"1856":6,"1857":6,"1858":1,"1859":7,"1860":1,"1861":0,"1862":1,"1863":0,"1864":1,"1865":0,"1866":1,"1867":0,"1868":0,"1869":1,"1870":0,"1871":0,"1872":1,"1873":30,"1874":1,"1875":0,"1876":1,"1877":0,"1878":0,"1879":0,"1880":0,"1881":0,"1882":1,"1883":1,"1884":1,"1885":14,"1886":0,"1887":14,"1888":14,"1889":14,"1890":14,"1891":14,"1892":14,"1893":14,"1894":14,"1895":14,"1896":14,"1897":14,"1898":14,"1899":14,"1900":14,"1901":14,"1902":1,"1903":11,"1904":0,"1905":11,"1906":11,"1907":1,"1908":1,"1909":0,"1910":1,"1911":1,"1912":1,"1913":1,"1914":1,"1915":1,"1916":2,"1917":0,"1918":2,"1919":2,"1920":2,"1921":2,"1922":2,"1923":1,"1924":1,"1925":1,"1926":1,"1927":1,"1928":1,"1929":1,"1930":1,"1931":1,"1932":1,"1933":1,"1934":1,"1935":1,"1936":1,"1937":1,"1938":1,"1939":1,"1940":1,"1941":1,"1942":1,"1943":1,"1944":1,"1945":1,"1946":1,"1947":1,"1948":1,"1949":1,"1950":1,"1951":1,"1952":1,"1953":1,"1954":1,"1955":32,"1956":32,"1957":1,"1958":1,"1959":1,"1960":1,"1961":1,"1962":1,"1963":1,"1964":1},"f":{"0":22,"1":0,"2":0,"3":0,"4":0,"5":0,"6":0,"7":0,"8":1,"9":0,"10":0,"11":0,"12":0,"13":0,"14":0,"15":0,"16":0,"17":0,"18":0,"19":0,"20":0,"21":0,"22":0,"23":0,"24":0,"25":0,"26":0,"27":0,"28":0,"29":0,"30":0,"31":1,"32":0,"33":0,"34":0,"35":0,"36":0,"37":0,"38":0,"39":1,"40":1,"41":0,"42":0,"43":0,"44":0,"45":4,"46":0,"47":25,"48":0,"49":0,"50":0,"51":0,"52":0,"53":0,"54":0,"55":0,"56":33,"57":0,"58":0,"59":0,"60":0,"61":0,"62":1,"63":0,"64":0,"65":0,"66":0,"67":0,"68":0,"69":0,"70":0,"71":1,"72":3,"73":1,"74":1,"75":1,"76":0,"77":0,"78":1,"79":1,"80":1,"81":1,"82":0,"83":1,"84":1,"85":1,"86":1,"87":1,"88":1,"89":0,"90":1,"91":1,"92":1,"93":0,"94":1,"95":1,"96":1,"97":1,"98":1,"99":1,"100":0,"101":1,"102":1,"103":1,"104":0,"105":1,"106":1,"107":1,"108":1,"109":1,"110":1,"111":1,"112":1,"113":1,"114":1,"115":1,"116":0,"117":1,"118":1,"119":1,"120":1,"121":1,"122":1,"123":1,"124":1,"125":1,"126":0,"127":1,"128":2,"129":1,"130":1,"131":1,"132":1,"133":0,"134":1,"135":1,"136":1,"137":1,"138":1,"139":1,"140":1,"141":1,"142":1,"143":1,"144":1,"145":5,"146":1,"147":0,"148":1,"149":3,"150":0,"151":1,"152":1,"153":1,"154":1,"155":1,"156":1,"157":4,"158":4,"159":2,"160":1,"161":1,"162":12,"163":12,"164":1,"165":4,"166":5,"167":0,"168":0,"169":0,"170":0,"171":0,"172":0,"173":0,"174":0,"175":0,"176":0,"177":0,"178":0,"179":0,"180":0,"181":0,"182":0,"183":0,"184":0,"185":0,"186":0,"187":0,"188":0,"189":0,"190":0,"191":0,"192":0,"193":0,"194":0,"195":0,"196":0,"197":0,"198":0,"199":0,"200":0,"201":0,"202":0,"203":0,"204":1,"205":1,"206":1,"207":0,"208":0,"209":0,"210":0,"211":0,"212":0,"213":0,"214":0,"215":0,"216":0,"217":0,"218":0,"219":0,"220":0,"221":0,"222":0,"223":0,"224":0,"225":0,"226":0,"227":0,"228":0,"229":0,"230":2,"231":0,"232":0,"233":0,"234":1,"235":10,"236":20,"237":0,"238":0,"239":0,"240":0,"241":0,"242":0,"243":0,"244":0,"245":0,"246":1,"247":0,"248":0,"249":0,"250":0,"251":0,"252":0,"253":0,"254":0,"255":0,"256":0,"257":0,"258":0,"259":0,"260":0,"261":0,"262":0,"263":0,"264":0,"265":0,"266":0,"267":0,"268":0,"269":0,"270":0,"271":0,"272":0,"273":0,"274":0,"275":0,"276":0,"277":0,"278":0,"279":0,"280":0,"281":0,"282":0,"283":0,"284":0,"285":0,"286":0,"287":0,"288":0,"289":0,"290":0,"291":1,"292":1,"293":0,"294":0,"295":0,"296":0,"297":0,"298":0,"299":0,"300":0,"301":0,"302":0,"303":0,"304":0,"305":0,"306":0,"307":0,"308":0,"309":0,"310":0,"311":0,"312":0,"313":2,"314":0,"315":1,"316":0,"317":0,"318":0,"319":0,"320":0,"321":0,"322":0,"323":0,"324":0,"325":0,"326":0,"327":0,"328":0,"329":0,"330":0,"331":0,"332":0,"333":0,"334":0,"335":0,"336":0,"337":0,"338":0,"339":0,"340":0,"341":0,"342":0,"343":0,"344":0,"345":0,"346":0,"347":0,"348":0,"349":0,"350":0,"351":0,"352":0,"353":0,"354":0,"355":0,"356":0,"357":0,"358":0,"359":0,"360":0,"361":0,"362":0,"363":0,"364":0,"365":0,"366":0,"367":0,"368":0,"369":0,"370":0,"371":0,"372":0,"373":0,"374":0,"375":0,"376":0,"377":0,"378":0,"379":0,"380":0,"381":0,"382":0,"383":0,"384":0,"385":0,"386":0,"387":0,"388":0,"389":0,"390":1,"391":0,"392":0,"393":0,"394":0,"395":0,"396":0,"397":0,"398":0,"399":0,"400":0,"401":0,"402":0,"403":0,"404":0,"405":0,"406":0,"407":0,"408":0,"409":1,"410":0,"411":1,"412":0,"413":1,"414":12,"415":12,"416":60,"417":12,"418":12,"419":12,"420":14,"421":0,"422":0,"423":90,"424":33,"425":0,"426":6,"427":7,"428":0,"429":0,"430":0,"431":0,"432":0,"433":30,"434":0,"435":0,"436":1,"437":14,"438":11,"439":1,"440":2,"441":1,"442":32},"b":{"0":[0,22],"1":[22,22,6],"2":[0,0],"3":[0,0],"4":[0,0],"5":[0,0],"6":[0,0],"7":[0,0],"8":[0,0],"9":[0,0],"10":[0,0],"11":[0,0],"12":[0,0],"13":[0,0],"14":[0,0],"15":[0,0],"16":[0,0],"17":[0,0],"18":[0,0],"19":[0,0],"20":[0,0],"21":[0,0],"22":[0,0],"23":[0,0],"24":[0,0],"25":[0,0],"26":[0,0],"27":[0,0],"28":[0,0],"29":[0,0],"30":[0,0],"31":[0,0],"32":[0,0],"33":[0,0],"34":[0,0],"35":[0,0],"36":[0,0],"37":[0,0],"38":[0,0],"39":[0,0],"40":[0,0],"41":[0,0],"42":[0,0],"43":[0,0],"44":[0,0],"45":[0,0],"46":[0,0],"47":[0,0],"48":[0,0],"49":[0,0],"50":[0,0],"51":[0,0],"52":[0,0],"53":[0,0],"54":[0,0],"55":[0,0],"56":[0,0],"57":[0,0],"58":[0,0],"59":[0,0],"60":[0,0],"61":[0,0],"62":[0,0],"63":[0,0],"64":[0,0],"65":[0,0],"66":[0,0],"67":[0,0],"68":[0,0],"69":[0,0],"70":[0,0],"71":[0,0],"72":[0,0],"73":[0,0],"74":[0,0],"75":[0,0],"76":[0,0],"77":[0,0],"78":[0,0],"79":[0,0],"80":[0,0],"81":[0,0],"82":[0,0],"83":[0,0],"84":[0,0],"85":[0,0],"86":[0,0],"87":[0,0],"88":[0,0],"89":[0,0],"90":[0,0],"91":[0,0],"92":[0,0],"93":[0,0],"94":[0,0],"95":[0,0],"96":[0,0],"97":[0,0],"98":[0,0],"99":[0,0],"100":[0,0],"101":[0,0],"102":[0,0],"103":[0,0],"104":[0,0],"105":[0,0],"106":[0,0],"107":[0,0],"108":[0,0],"109":[0,0],"110":[0,0],"111":[0,0],"112":[0,0],"113":[0,0],"114":[0,0],"115":[0,0],"116":[0,0],"117":[0,0],"118":[0,0],"119":[0,0],"120":[0,0],"121":[0,0],"122":[0,0],"123":[0,0],"124":[0,0],"125":[0,0],"126":[0,0],"127":[0,0],"128":[0,0],"129":[0,0],"130":[0,0],"131":[0,0],"132":[0,0],"133":[0,0],"134":[0,0],"135":[0,0],"136":[0,0],"137":[0,0],"138":[0,0],"139":[0,0],"140":[0,0],"141":[0,0],"142":[0,0],"143":[0,0],"144":[1,1],"145":[0,0],"146":[0,0],"147":[0,0],"148":[0,0],"149":[0,0],"150":[0,0],"151":[0,0],"152":[0,0],"153":[0,0],"154":[0,0],"155":[0,0],"156":[0,0],"157":[0,0],"158":[0,0],"159":[0,0],"160":[0,0],"161":[0,0],"162":[0,0],"163":[0,0],"164":[0,0],"165":[0,4],"166":[0,0],"167":[25,0],"168":[0,0],"169":[0,0],"170":[0,0],"171":[0,0],"172":[0,0],"173":[0,0],"174":[0,0],"175":[0,0],"176":[0,0],"177":[0,0],"178":[0,0],"179":[0,0],"180":[0,0],"181":[0,0],"182":[0,0],"183":[0,0],"184":[0,0],"185":[0,0],"186":[0,0],"187":[0,0],"188":[0,0],"189":[0,1],"190":[1,0],"191":[0,1],"192":[1,1],"193":[0,1],"194":[1,0],"195":[0,3],"196":[0,1],"197":[0,1],"198":[0,1],"199":[0,1],"200":[0,1],"201":[0,0],"202":[0,1],"203":[0,1],"204":[0,1],"205":[0,1],"206":[1,1],"207":[0,1],"208":[1,1],"209":[0,1],"210":[1,1],"211":[0,1],"212":[1,1],"213":[0,1],"214":[1,1],"215":[0,1],"216":[1,1],"217":[0,1],"218":[1,1],"219":[0,1],"220":[1,1],"221":[0,1],"222":[1,1],"223":[0,1],"224":[1,1],"225":[0,1],"226":[1,1],"227":[0,1],"228":[1,1],"229":[0,1],"230":[1,1],"231":[0,1],"232":[1,1],"233":[0,1],"234":[1,1],"235":[0,1],"236":[1,1],"237":[1,0],"238":[0,1],"239":[0,1],"240":[1,0,0,0,0],"241":[0,1],"242":[0,1],"243":[1,1],"244":[0,1],"245":[1,0,0,0,0],"246":[0,1],"247":[1,1],"248":[1,1],"249":[1,0],"250":[1,1],"251":[1,0],"252":[3,2],"253":[0,1],"254":[0,1],"255":[0,1],"256":[3,1],"257":[0,1],"258":[1,1],"259":[0,0],"260":[0,0],"261":[0,0],"262":[0,0],"263":[0,0],"264":[0,0],"265":[0,0],"266":[0,0],"267":[0,0],"268":[0,0],"269":[0,0],"270":[0,0],"271":[0,0],"272":[0,0],"273":[0,0],"274":[0,0],"275":[0,0],"276":[0,0],"277":[0,0],"278":[0,0],"279":[0,0],"280":[0,0],"281":[0,0],"282":[0,0],"283":[0,0],"284":[0,0],"285":[0,0],"286":[0,0],"287":[0,0],"288":[0,0],"289":[0,0],"290":[0,0],"291":[0,0],"292":[0,0],"293":[0,0],"294":[0,0],"295":[0,0],"296":[0,0],"297":[0,0],"298":[0,0],"299":[0,0],"300":[0,0],"301":[0,0],"302":[0,0],"303":[0,0],"304":[0,0],"305":[0,0],"306":[0,0],"307":[0,0],"308":[0,0],"309":[0,0],"310":[0,0],"311":[0,0],"312":[0,0],"313":[0,0],"314":[0,0],"315":[0,0],"316":[0,0],"317":[0,0],"318":[0,0],"319":[0,0],"320":[0,0],"321":[0,0],"322":[0,0],"323":[0,0],"324":[0,0],"325":[0,0],"326":[0,0],"327":[0,0,0],"328":[0,0,0],"329":[0,0],"330":[0,0],"331":[0,0],"332":[0,0],"333":[0,0],"334":[1,0],"335":[0,1],"336":[0,1],"337":[0,0],"338":[0,0],"339":[0,0],"340":[0,0],"341":[0,0],"342":[0,0],"343":[0,0],"344":[0,0],"345":[0,0],"346":[0,0],"347":[0,0],"348":[0,0],"349":[0,0],"350":[0,0],"351":[0,0],"352":[0,0],"353":[0,0],"354":[0,0],"355":[0,0],"356":[0,0],"357":[0,0],"358":[0,0],"359":[0,0],"360":[0,0],"361":[0,0],"362":[0,0],"363":[0,0],"364":[0,0],"365":[0,0],"366":[0,0],"367":[0,0],"368":[0,0],"369":[0,0],"370":[0,0],"371":[0,0],"372":[0,0],"373":[0,0],"374":[0,0],"375":[0,0],"376":[0,0],"377":[0,0],"378":[0,0],"379":[0,0],"380":[0,0],"381":[0,0],"382":[0,0],"383":[0,0],"384":[0,0],"385":[0,0],"386":[0,0],"387":[0,0],"388":[0,0],"389":[0,0],"390":[0,0],"391":[0,0],"392":[0,0],"393":[0,0],"394":[0,0],"395":[0,0],"396":[0,0],"397":[0,0,0],"398":[0,0],"399":[0,0],"400":[0,0],"401":[0,0],"402":[0,0],"403":[0,0],"404":[0,0],"405":[0,0],"406":[0,0],"407":[0,0],"408":[0,0],"409":[0,0],"410":[0,0],"411":[0,0],"412":[0,0],"413":[0,0],"414":[0,0,0],"415":[0,0],"416":[0,0],"417":[0,0],"418":[0,0],"419":[0,0],"420":[0,0],"421":[0,0],"422":[0,0],"423":[0,0],"424":[0,0],"425":[0,0],"426":[0,0],"427":[0,0],"428":[0,0],"429":[0,0],"430":[0,0],"431":[0,0],"432":[0,0],"433":[0,0],"434":[0,0],"435":[0,0],"436":[0,0],"437":[0,0],"438":[0,0],"439":[0,0],"440":[0,0],"441":[0,0],"442":[0,0],"443":[0,0],"444":[0,0],"445":[0,0],"446":[0,0],"447":[0,0],"448":[0,0],"449":[0,0,0],"450":[0,0],"451":[0,0],"452":[0,0],"453":[0,0],"454":[0,0],"455":[0,0],"456":[0,0],"457":[0,0],"458":[0,0],"459":[0,0],"460":[0,0],"461":[0,1],"462":[0,1],"463":[0,1],"464":[0,1],"465":[1,0],"466":[0,0],"467":[0,0],"468":[0,0],"469":[1,1],"470":[1,0],"471":[1,0],"472":[1,0],"473":[1,0],"474":[1,0],"475":[1,0],"476":[1,0],"477":[1,0],"478":[1,0],"479":[1,0],"480":[1,0],"481":[1,1],"482":[0,0],"483":[0,0],"484":[0,0,0],"485":[0,0],"486":[0,0],"487":[0,0],"488":[0,0],"489":[0,0,0],"490":[0,0],"491":[0,0],"492":[0,0],"493":[0,0],"494":[0,0],"495":[0,0,0],"496":[0,0],"497":[0,0],"498":[0,0],"499":[0,0],"500":[0,0],"501":[0,0,0],"502":[0,0],"503":[0,0],"504":[0,0],"505":[0,0],"506":[0,0],"507":[0,0],"508":[0,0],"509":[0,0],"510":[0,0,0],"511":[0,0],"512":[0,0],"513":[0,0],"514":[0,0],"515":[0,0],"516":[0,0,0],"517":[0,0],"518":[0,0],"519":[0,0],"520":[0,0],"521":[0,0,0],"522":[0,0],"523":[0,0],"524":[0,0],"525":[0,0],"526":[0,0],"527":[0,0],"528":[0,0],"529":[0,0],"530":[0,0],"531":[0,0],"532":[0,0],"533":[0,0],"534":[0,0,0],"535":[0,0],"536":[0,0],"537":[0,0],"538":[0,0],"539":[0,0],"540":[0,0],"541":[1,0],"542":[0,0],"543":[0,0],"544":[0,0],"545":[0,0],"546":[0,0],"547":[0,0],"548":[0,0],"549":[0,0],"550":[0,0],"551":[0,0],"552":[0,0],"553":[0,0],"554":[0,0],"555":[1,0],"556":[1,1],"557":[1,0],"558":[1,0],"559":[1,0],"560":[1,0],"561":[1,0],"562":[1,0],"563":[1,0],"564":[1,0],"565":[1,0],"566":[1,0],"567":[1,0],"568":[1,0],"569":[1,0],"570":[1,0],"571":[1,0],"572":[1,0],"573":[1,0],"574":[1,1],"575":[0,0],"576":[0,0],"577":[0,0,0],"578":[0,0],"579":[0,0],"580":[0,0],"581":[0,0],"582":[0,0],"583":[0,0],"584":[0,0],"585":[0,0],"586":[0,0,0],"587":[0,0],"588":[0,0],"589":[0,0],"590":[0,0],"591":[0,0],"592":[0,0,0],"593":[0,0],"594":[0,0,0,0,0,0],"595":[0,0],"596":[0,0,0,0,0,0],"597":[0,0],"598":[0,0],"599":[0,0],"600":[0,0],"601":[0,0],"602":[0,0],"603":[0,0],"604":[0,0,0],"605":[0,0],"606":[0,0],"607":[0,0,0,0],"608":[0,0],"609":[0,0],"610":[0,0],"611":[0,0,0],"612":[2,0],"613":[0,0],"614":[0,0],"615":[0,0],"616":[0,0],"617":[0,0],"618":[0,0],"619":[0,0],"620":[0,0],"621":[0,0],"622":[0,0],"623":[0,0,0,0],"624":[0,0],"625":[0,0],"626":[0,0],"627":[0,0],"628":[0,0],"629":[0,0],"630":[0,0],"631":[0,0],"632":[0,0],"633":[0,0],"634":[0,0],"635":[0,0],"636":[0,0],"637":[0,0],"638":[0,0],"639":[0,0],"640":[0,0],"641":[0,0],"642":[0,0,0],"643":[0,0],"644":[0,0],"645":[0,0],"646":[0,0],"647":[0,0],"648":[0,0],"649":[0,0],"650":[0,0],"651":[0,0],"652":[0,0],"653":[0,0],"654":[0,0],"655":[0,0],"656":[0,0],"657":[0,0],"658":[0,0,0],"659":[0,0],"660":[0,0],"661":[0,0],"662":[0,0],"663":[0,0],"664":[0,0,0],"665":[0,0],"666":[0,0],"667":[0,0],"668":[0,0],"669":[0,0],"670":[0,0],"671":[0,0],"672":[0,0],"673":[0,0],"674":[0,0],"675":[0,0],"676":[0,0],"677":[0,0,0],"678":[0,0],"679":[0,0],"680":[0,0],"681":[0,0],"682":[0,0],"683":[0,0,0],"684":[0,0],"685":[0,0],"686":[0,0],"687":[0,0],"688":[0,0],"689":[0,0],"690":[0,0],"691":[0,0],"692":[0,0],"693":[0,0],"694":[0,0],"695":[0,0],"696":[0,0],"697":[0,0],"698":[0,0],"699":[0,0],"700":[0,0],"701":[0,0],"702":[0,0,0,0,0,0,0,0,0,0,0,0,0,0,0,0,0,0,0],"703":[0,0],"704":[0,0],"705":[0,0],"706":[0,0],"707":[0,0],"708":[0,0],"709":[0,0],"710":[0,0],"711":[0,0],"712":[0,0],"713":[0,0],"714":[0,0],"715":[0,0],"716":[0,0],"717":[0,0],"718":[0,0],"719":[0,0],"720":[0,0],"721":[0,0],"722":[0,0],"723":[0,0,0],"724":[0,0],"725":[0,0],"726":[0,0,0],"727":[0,0],"728":[0,0],"729":[0,0],"730":[0,0],"731":[0,0],"732":[0,0],"733":[0,0],"734":[0,0],"735":[0,0],"736":[0,0],"737":[0,0,0],"738":[0,0],"739":[0,0],"740":[0,0,0],"741":[0,0],"742":[0,0],"743":[0,0],"744":[0,0],"745":[0,0],"746":[0,0],"747":[0,0],"748":[0,0],"749":[0,0],"750":[0,0],"751":[0,0],"752":[0,0,0,0],"753":[0,0],"754":[0,0],"755":[0,0],"756":[0,0],"757":[0,0],"758":[0,0],"759":[0,0],"760":[0,0],"761":[0,0],"762":[0,0],"763":[0,1],"764":[0,0],"765":[0,0],"766":[0,0],"767":[0,0],"768":[0,0],"769":[0,0],"770":[0,0],"771":[0,0],"772":[0,0],"773":[0,0],"774":[0,0],"775":[0,0],"776":[0,0],"777":[0,0],"778":[0,0],"779":[0,0],"780":[0,0],"781":[0,0],"782":[0,0],"783":[0,0],"784":[0,0],"785":[0,0],"786":[0,0],"787":[0,0],"788":[0,0],"789":[0,0],"790":[0,0],"791":[0,0],"792":[0,0],"793":[0,0],"794":[0,0],"795":[0,0],"796":[0,0],"797":[0,0],"798":[0,0],"799":[0,0],"800":[0,0],"801":[0,0],"802":[0,0],"803":[0,0],"804":[0,0],"805":[0,0],"806":[0,0],"807":[60,38],"808":[3,9],"809":[1,11],"810":[6,6],"811":[12,6],"812":[6,6],"813":[14,0],"814":[0,0],"815":[0,7],"816":[0,0],"817":[0,0],"818":[0,14],"819":[0,11],"820":[0,1],"821":[0,2]},"_coverageSchema":"1a1c01bbd47fc00a2c39e90264f33305004495a9","hash":"bbd120f68c328ff4e19c4848a888fb29a0eb12e6","contentHash":"54743685336b0e23d18974fc3074db1967d11878f43f55bb60419af663f7f3e0"}}